Using pre-set license
Built from '2021.3/staging' branch; Version is '2021.3.6f1 (7da38d85baf6) revision 8233869'; Using compiler version '192829333'; Build Type 'Release'
OS: 'Windows 10  (10.0.19044) 64bit Core' Language: 'tr' Physical Memory: 16222 MB
BatchMode: 1, IsHumanControllingUs: 0, StartBugReporterOnCrash: 0, Is64bit: 1, IsPro: 1

COMMAND LINE ARGUMENTS:
C:\Program Files\Unity\Hub\Editor\2021.3.6f1\Editor\Unity.exe
-adb2
-batchMode
-noUpm
-name
AssetImportWorker1
-projectPath
C:/Users/Saidt/Documents/GitHub/PPS-Developer-Technical-Case
-logFile
Logs/AssetImportWorker1.log
-srvPort
57117
Successfully changed project path to: C:/Users/Saidt/Documents/GitHub/PPS-Developer-Technical-Case
C:/Users/Saidt/Documents/GitHub/PPS-Developer-Technical-Case
[UnityMemory] Configuration Parameters - Can be set up in boot.config
    "memorysetup-bucket-allocator-granularity=16"
    "memorysetup-bucket-allocator-bucket-count=8"
    "memorysetup-bucket-allocator-block-size=33554432"
    "memorysetup-bucket-allocator-block-count=8"
    "memorysetup-main-allocator-block-size=16777216"
    "memorysetup-thread-allocator-block-size=16777216"
    "memorysetup-gfx-main-allocator-block-size=16777216"
    "memorysetup-gfx-thread-allocator-block-size=16777216"
    "memorysetup-cache-allocator-block-size=4194304"
    "memorysetup-typetree-allocator-block-size=2097152"
    "memorysetup-profiler-bucket-allocator-granularity=16"
    "memorysetup-profiler-bucket-allocator-bucket-count=8"
    "memorysetup-profiler-bucket-allocator-block-size=33554432"
    "memorysetup-profiler-bucket-allocator-block-count=8"
    "memorysetup-profiler-allocator-block-size=16777216"
    "memorysetup-profiler-editor-allocator-block-size=1048576"
    "memorysetup-temp-allocator-size-main=16777216"
    "memorysetup-job-temp-allocator-block-size=2097152"
    "memorysetup-job-temp-allocator-block-size-background=1048576"
    "memorysetup-job-temp-allocator-reduction-small-platforms=262144"
    "memorysetup-temp-allocator-size-background-worker=32768"
    "memorysetup-temp-allocator-size-job-worker=262144"
    "memorysetup-temp-allocator-size-preload-manager=33554432"
    "memorysetup-temp-allocator-size-nav-mesh-worker=65536"
    "memorysetup-temp-allocator-size-audio-worker=65536"
    "memorysetup-temp-allocator-size-cloud-worker=32768"
    "memorysetup-temp-allocator-size-gi-baking-worker=262144"
    "memorysetup-temp-allocator-size-gfx=262144"
Refreshing native plugins compatible for Editor in 100.17 ms, found 3 plugins.
Preloading 0 native plugins for Editor in 0.00 ms.
Initialize engine version: 2021.3.6f1 (7da38d85baf6)
[Subsystems] Discovering subsystems at path C:/Program Files/Unity/Hub/Editor/2021.3.6f1/Editor/Data/Resources/UnitySubsystems
[Subsystems] Discovering subsystems at path C:/Users/Saidt/Documents/GitHub/PPS-Developer-Technical-Case/Assets
GfxDevice: creating device client; threaded=0; jobified=0
Direct3D:
    Version:  Direct3D 11.0 [level 11.1]
    Renderer: NVIDIA GeForce RTX 3060 Laptop GPU (ID=0x2520)
    Vendor:   NVIDIA
    VRAM:     6023 MB
    Driver:   30.0.15.1289
Initialize mono
Mono path[0] = 'C:/Program Files/Unity/Hub/Editor/2021.3.6f1/Editor/Data/Managed'
Mono path[1] = 'C:/Program Files/Unity/Hub/Editor/2021.3.6f1/Editor/Data/MonoBleedingEdge/lib/mono/unityjit-win32'
Mono config path = 'C:/Program Files/Unity/Hub/Editor/2021.3.6f1/Editor/Data/MonoBleedingEdge/etc'
Using monoOptions --debugger-agent=transport=dt_socket,embedding=1,server=y,suspend=n,address=127.0.0.1:56444
Begin MonoManager ReloadAssembly
Registering precompiled unity dll's ...
Register platform support module: C:/Program Files/Unity/Hub/Editor/2021.3.6f1/Editor/Data/PlaybackEngines/AndroidPlayer/UnityEditor.Android.Extensions.dll
Register platform support module: C:/Program Files/Unity/Hub/Editor/2021.3.6f1/Editor/Data/PlaybackEngines/iOSSupport/UnityEditor.iOS.Extensions.dll
Register platform support module: C:/Program Files/Unity/Hub/Editor/2021.3.6f1/Editor/Data/PlaybackEngines/WindowsStandaloneSupport/UnityEditor.WindowsStandalone.Extensions.dll
Registered in 0.008952 seconds.
Native extension for WindowsStandalone target not found
[usbmuxd] Start listen thread
[usbmuxd] Listen thread started
Native extension for iOS target not found
Native extension for Android target not found
Refreshing native plugins compatible for Editor in 87.07 ms, found 3 plugins.
Preloading 0 native plugins for Editor in 0.00 ms.
Mono: successfully reloaded assembly
- Completed reload, in  0.640 seconds
Domain Reload Profiling:
	ReloadAssembly (641ms)
		BeginReloadAssembly (72ms)
			ExecutionOrderSort (0ms)
			DisableScriptedObjects (0ms)
			BackupInstance (0ms)
			ReleaseScriptingObjects (0ms)
			CreateAndSetChildDomain (1ms)
		EndReloadAssembly (460ms)
			LoadAssemblies (70ms)
			RebuildTransferFunctionScriptingTraits (0ms)
			SetupTypeCache (100ms)
			ReleaseScriptCaches (0ms)
			RebuildScriptCaches (27ms)
			SetupLoadedEditorAssemblies (283ms)
				LogAssemblyErrors (0ms)
				InitializePlatformSupportModulesInManaged (61ms)
				SetLoadedEditorAssemblies (0ms)
				RefreshPlugins (87ms)
				BeforeProcessingInitializeOnLoad (1ms)
				ProcessInitializeOnLoadAttributes (90ms)
				ProcessInitializeOnLoadMethodAttributes (44ms)
				AfterProcessingInitializeOnLoad (0ms)
				EditorAssembliesLoaded (0ms)
			ExecutionOrderSort2 (0ms)
			AwakeInstancesAfterBackupRestoration (0ms)
Platform modules already initialized, skipping
Registering precompiled user dll's ...
Registered in 0.005731 seconds.
Begin MonoManager ReloadAssembly
Symbol file LoadedFromMemory doesn't match image C:\Users\Saidt\Documents\GitHub\PPS-Developer-Technical-Case\Library\PackageCache\com.unity.visualscripting@1.7.8\Editor\VisualScripting.Core\Dependencies\YamlDotNet\Unity.VisualScripting.YamlDotNet.dll
Symbol file LoadedFromMemory doesn't match image C:\Users\Saidt\Documents\GitHub\PPS-Developer-Technical-Case\Library\PackageCache\com.unity.visualscripting@1.7.8\Editor\VisualScripting.Core\Dependencies\DotNetZip\Unity.VisualScripting.IonicZip.dll
Native extension for WindowsStandalone target not found
Native extension for iOS target not found
Native extension for Android target not found
Refreshing native plugins compatible for Editor in 0.68 ms, found 3 plugins.
Preloading 0 native plugins for Editor in 0.00 ms.
Mono: successfully reloaded assembly
Package Manager log level set to [2]
- Completed reload, in  1.036 seconds
Domain Reload Profiling:
	ReloadAssembly (1037ms)
		BeginReloadAssembly (202ms)
			ExecutionOrderSort (0ms)
			DisableScriptedObjects (5ms)
			BackupInstance (0ms)
			ReleaseScriptingObjects (0ms)
			CreateAndSetChildDomain (119ms)
		EndReloadAssembly (726ms)
			LoadAssemblies (73ms)
			RebuildTransferFunctionScriptingTraits (0ms)
			SetupTypeCache (203ms)
			ReleaseScriptCaches (1ms)
			RebuildScriptCaches (48ms)
			SetupLoadedEditorAssemblies (361ms)
				LogAssemblyErrors (0ms)
				InitializePlatformSupportModulesInManaged (24ms)
				SetLoadedEditorAssemblies (0ms)
				RefreshPlugins (1ms)
				BeforeProcessingInitializeOnLoad (90ms)
				ProcessInitializeOnLoadAttributes (214ms)
				ProcessInitializeOnLoadMethodAttributes (25ms)
				AfterProcessingInitializeOnLoad (8ms)
				EditorAssembliesLoaded (0ms)
			ExecutionOrderSort2 (0ms)
			AwakeInstancesAfterBackupRestoration (5ms)
Platform modules already initialized, skipping
========================================================================
Worker process is ready to serve import requests
Launched and connected shader compiler UnityShaderCompiler.exe after 0.04 seconds
Refreshing native plugins compatible for Editor in 0.72 ms, found 3 plugins.
Preloading 0 native plugins for Editor in 0.00 ms.
Unloading 3677 Unused Serialized files (Serialized files now loaded: 0)
Unloading 43 unused Assets / (86.5 KB). Loaded Objects now: 4129.
Memory consumption went from 138.6 MB to 138.5 MB.
Total: 2.852600 ms (FindLiveObjects: 0.281200 ms CreateObjectMapping: 0.258700 ms MarkObjects: 2.210600 ms  DeleteObjects: 0.101200 ms)

AssetImportParameters requested are different than current active one (requested -> active):
  custom:video-decoder-ogg-theora: a1e56fd34408186e4bbccfd4996cb3dc -> 
  custom:container-muxer-webm: aa71ff27fc2769a1b78a27578f13a17b -> 
  custom:container-demuxer-webm: 4f35f7cbe854078d1ac9338744f61a02 -> 
  custom:video-encoder-webm-vp8: eb34c28f22e8b96e1ab97ce403110664 -> 
  custom:audio-encoder-webm-vorbis: bf7c407c2cedff20999df2af8eb42d56 -> 
  custom:framework-win-MediaFoundation: 216162199b28c13a410421893ffa2e32 -> 
  custom:container-demuxer-ogg: 62fdf1f143b41e24485cea50d1cbac27 -> 
  custom:video-decoder-webm-vp8: 9c59270c3fd7afecdb556c50c9e8de78 -> 
  custom:audio-decoder-ogg-vorbis: bf7c407c2cedff20999df2af8eb42d56 -> 
========================================================================
Received Import Request.
  Time since last request: 780693.952434 seconds.
  path: Assets/RFPSP/Scripts/HUD
  artifactKey: Guid(6d96aed637ec2bc44bf425801dd24c19) Importer(815301076,1909f56bfc062723c751e8b465ee728b)
Start importing Assets/RFPSP/Scripts/HUD using Guid(6d96aed637ec2bc44bf425801dd24c19) Importer(815301076,1909f56bfc062723c751e8b465ee728b)  -> (artifact id: 'd51469d02d1a75f82e7912c019b2cc78') in 0.010351 seconds 
========================================================================
Received Prepare
Registering precompiled user dll's ...
Registered in 0.005879 seconds.
Begin MonoManager ReloadAssembly
Symbol file LoadedFromMemory doesn't match image C:\Users\Saidt\Documents\GitHub\PPS-Developer-Technical-Case\Library\PackageCache\com.unity.visualscripting@1.7.8\Editor\VisualScripting.Core\Dependencies\YamlDotNet\Unity.VisualScripting.YamlDotNet.dll
Symbol file LoadedFromMemory doesn't match image C:\Users\Saidt\Documents\GitHub\PPS-Developer-Technical-Case\Library\PackageCache\com.unity.visualscripting@1.7.8\Editor\VisualScripting.Core\Dependencies\DotNetZip\Unity.VisualScripting.IonicZip.dll
Native extension for WindowsStandalone target not found
Native extension for iOS target not found
Native extension for Android target not found
Refreshing native plugins compatible for Editor in 1.27 ms, found 3 plugins.
Preloading 0 native plugins for Editor in 0.00 ms.
Mono: successfully reloaded assembly
- Completed reload, in  0.989 seconds
Domain Reload Profiling:
	ReloadAssembly (989ms)
		BeginReloadAssembly (123ms)
			ExecutionOrderSort (0ms)
			DisableScriptedObjects (7ms)
			BackupInstance (0ms)
			ReleaseScriptingObjects (0ms)
			CreateAndSetChildDomain (31ms)
		EndReloadAssembly (760ms)
			LoadAssemblies (80ms)
			RebuildTransferFunctionScriptingTraits (0ms)
			SetupTypeCache (254ms)
			ReleaseScriptCaches (1ms)
			RebuildScriptCaches (42ms)
			SetupLoadedEditorAssemblies (326ms)
				LogAssemblyErrors (0ms)
				InitializePlatformSupportModulesInManaged (39ms)
				SetLoadedEditorAssemblies (1ms)
				RefreshPlugins (1ms)
				BeforeProcessingInitializeOnLoad (73ms)
				ProcessInitializeOnLoadAttributes (177ms)
				ProcessInitializeOnLoadMethodAttributes (26ms)
				AfterProcessingInitializeOnLoad (8ms)
				EditorAssembliesLoaded (0ms)
			ExecutionOrderSort2 (0ms)
			AwakeInstancesAfterBackupRestoration (5ms)
Platform modules already initialized, skipping
Refreshing native plugins compatible for Editor in 3.86 ms, found 3 plugins.
Preloading 0 native plugins for Editor in 0.00 ms.
Unloading 3533 Unused Serialized files (Serialized files now loaded: 0)
Unloading 106 unused Assets / (54.1 KB). Loaded Objects now: 4062.
Memory consumption went from 130.4 MB to 130.3 MB.
Total: 2.827400 ms (FindLiveObjects: 0.280300 ms CreateObjectMapping: 0.190400 ms MarkObjects: 2.257700 ms  DeleteObjects: 0.098300 ms)

AssetImportParameters requested are different than current active one (requested -> active):
  custom:video-decoder-ogg-theora: a1e56fd34408186e4bbccfd4996cb3dc -> 
  custom:container-muxer-webm: aa71ff27fc2769a1b78a27578f13a17b -> 
  custom:container-demuxer-webm: 4f35f7cbe854078d1ac9338744f61a02 -> 
  custom:video-encoder-webm-vp8: eb34c28f22e8b96e1ab97ce403110664 -> 
  custom:audio-encoder-webm-vorbis: bf7c407c2cedff20999df2af8eb42d56 -> 
  custom:framework-win-MediaFoundation: 216162199b28c13a410421893ffa2e32 -> 
  custom:container-demuxer-ogg: 62fdf1f143b41e24485cea50d1cbac27 -> 
  custom:video-decoder-webm-vp8: 9c59270c3fd7afecdb556c50c9e8de78 -> 
  custom:audio-decoder-ogg-vorbis: bf7c407c2cedff20999df2af8eb42d56 -> 
========================================================================
Received Import Request.
  Time since last request: 107.907589 seconds.
  path: Assets/RFPSP/FPS Main.prefab
  artifactKey: Guid(a312031471a288e459e7c085d9bb6b39) Importer(815301076,1909f56bfc062723c751e8b465ee728b)
Start importing Assets/RFPSP/FPS Main.prefab using Guid(a312031471a288e459e7c085d9bb6b39) Importer(815301076,1909f56bfc062723c751e8b465ee728b)  -> (artifact id: 'cdde76330dd596a0839413379ed1bd0a') in 0.303639 seconds 
========================================================================
Received Prepare
Registering precompiled user dll's ...
Registered in 0.005281 seconds.
Begin MonoManager ReloadAssembly
Symbol file LoadedFromMemory doesn't match image C:\Users\Saidt\Documents\GitHub\PPS-Developer-Technical-Case\Library\PackageCache\com.unity.visualscripting@1.7.8\Editor\VisualScripting.Core\Dependencies\YamlDotNet\Unity.VisualScripting.YamlDotNet.dll
Symbol file LoadedFromMemory doesn't match image C:\Users\Saidt\Documents\GitHub\PPS-Developer-Technical-Case\Library\PackageCache\com.unity.visualscripting@1.7.8\Editor\VisualScripting.Core\Dependencies\DotNetZip\Unity.VisualScripting.IonicZip.dll
Native extension for WindowsStandalone target not found
Native extension for iOS target not found
Native extension for Android target not found
Refreshing native plugins compatible for Editor in 0.79 ms, found 3 plugins.
Preloading 0 native plugins for Editor in 0.00 ms.
Mono: successfully reloaded assembly
- Completed reload, in  0.990 seconds
Domain Reload Profiling:
	ReloadAssembly (990ms)
		BeginReloadAssembly (125ms)
			ExecutionOrderSort (0ms)
			DisableScriptedObjects (5ms)
			BackupInstance (0ms)
			ReleaseScriptingObjects (0ms)
			CreateAndSetChildDomain (35ms)
		EndReloadAssembly (765ms)
			LoadAssemblies (82ms)
			RebuildTransferFunctionScriptingTraits (0ms)
			SetupTypeCache (244ms)
			ReleaseScriptCaches (1ms)
			RebuildScriptCaches (43ms)
			SetupLoadedEditorAssemblies (345ms)
				LogAssemblyErrors (0ms)
				InitializePlatformSupportModulesInManaged (35ms)
				SetLoadedEditorAssemblies (1ms)
				RefreshPlugins (1ms)
				BeforeProcessingInitializeOnLoad (73ms)
				ProcessInitializeOnLoadAttributes (197ms)
				ProcessInitializeOnLoadMethodAttributes (30ms)
				AfterProcessingInitializeOnLoad (9ms)
				EditorAssembliesLoaded (0ms)
			ExecutionOrderSort2 (0ms)
			AwakeInstancesAfterBackupRestoration (6ms)
Platform modules already initialized, skipping
Refreshing native plugins compatible for Editor in 4.00 ms, found 3 plugins.
Preloading 0 native plugins for Editor in 0.00 ms.
Unloading 3533 Unused Serialized files (Serialized files now loaded: 0)
Unloading 40 unused Assets / (106.7 KB). Loaded Objects now: 4074.
Memory consumption went from 135.3 MB to 135.2 MB.
Total: 3.133700 ms (FindLiveObjects: 0.330800 ms CreateObjectMapping: 0.250400 ms MarkObjects: 2.436400 ms  DeleteObjects: 0.115000 ms)

AssetImportParameters requested are different than current active one (requested -> active):
  custom:video-decoder-ogg-theora: a1e56fd34408186e4bbccfd4996cb3dc -> 
  custom:container-muxer-webm: aa71ff27fc2769a1b78a27578f13a17b -> 
  custom:container-demuxer-webm: 4f35f7cbe854078d1ac9338744f61a02 -> 
  custom:video-encoder-webm-vp8: eb34c28f22e8b96e1ab97ce403110664 -> 
  custom:audio-encoder-webm-vorbis: bf7c407c2cedff20999df2af8eb42d56 -> 
  custom:framework-win-MediaFoundation: 216162199b28c13a410421893ffa2e32 -> 
  custom:container-demuxer-ogg: 62fdf1f143b41e24485cea50d1cbac27 -> 
  custom:video-decoder-webm-vp8: 9c59270c3fd7afecdb556c50c9e8de78 -> 
  custom:audio-decoder-ogg-vorbis: bf7c407c2cedff20999df2af8eb42d56 -> 
========================================================================
Received Prepare
Registering precompiled user dll's ...
Registered in 0.005683 seconds.
Begin MonoManager ReloadAssembly
Symbol file LoadedFromMemory doesn't match image C:\Users\Saidt\Documents\GitHub\PPS-Developer-Technical-Case\Library\PackageCache\com.unity.visualscripting@1.7.8\Editor\VisualScripting.Core\Dependencies\YamlDotNet\Unity.VisualScripting.YamlDotNet.dll
Symbol file LoadedFromMemory doesn't match image C:\Users\Saidt\Documents\GitHub\PPS-Developer-Technical-Case\Library\PackageCache\com.unity.visualscripting@1.7.8\Editor\VisualScripting.Core\Dependencies\DotNetZip\Unity.VisualScripting.IonicZip.dll
Native extension for WindowsStandalone target not found
Native extension for iOS target not found
Native extension for Android target not found
Refreshing native plugins compatible for Editor in 0.78 ms, found 3 plugins.
Preloading 0 native plugins for Editor in 0.00 ms.
Mono: successfully reloaded assembly
- Completed reload, in  1.012 seconds
Domain Reload Profiling:
	ReloadAssembly (1013ms)
		BeginReloadAssembly (129ms)
			ExecutionOrderSort (0ms)
			DisableScriptedObjects (5ms)
			BackupInstance (0ms)
			ReleaseScriptingObjects (0ms)
			CreateAndSetChildDomain (32ms)
		EndReloadAssembly (786ms)
			LoadAssemblies (85ms)
			RebuildTransferFunctionScriptingTraits (0ms)
			SetupTypeCache (251ms)
			ReleaseScriptCaches (1ms)
			RebuildScriptCaches (42ms)
			SetupLoadedEditorAssemblies (359ms)
				LogAssemblyErrors (0ms)
				InitializePlatformSupportModulesInManaged (33ms)
				SetLoadedEditorAssemblies (0ms)
				RefreshPlugins (1ms)
				BeforeProcessingInitializeOnLoad (79ms)
				ProcessInitializeOnLoadAttributes (204ms)
				ProcessInitializeOnLoadMethodAttributes (31ms)
				AfterProcessingInitializeOnLoad (10ms)
				EditorAssembliesLoaded (0ms)
			ExecutionOrderSort2 (0ms)
			AwakeInstancesAfterBackupRestoration (7ms)
Platform modules already initialized, skipping
Refreshing native plugins compatible for Editor in 3.81 ms, found 3 plugins.
Preloading 0 native plugins for Editor in 0.00 ms.
Unloading 3533 Unused Serialized files (Serialized files now loaded: 0)
Unloading 36 unused Assets / (54.2 KB). Loaded Objects now: 4077.
Memory consumption went from 135.2 MB to 135.2 MB.
Total: 4.748800 ms (FindLiveObjects: 0.285100 ms CreateObjectMapping: 0.224000 ms MarkObjects: 4.160000 ms  DeleteObjects: 0.078700 ms)

AssetImportParameters requested are different than current active one (requested -> active):
  custom:video-decoder-ogg-theora: a1e56fd34408186e4bbccfd4996cb3dc -> 
  custom:container-muxer-webm: aa71ff27fc2769a1b78a27578f13a17b -> 
  custom:container-demuxer-webm: 4f35f7cbe854078d1ac9338744f61a02 -> 
  custom:video-encoder-webm-vp8: eb34c28f22e8b96e1ab97ce403110664 -> 
  custom:audio-encoder-webm-vorbis: bf7c407c2cedff20999df2af8eb42d56 -> 
  custom:framework-win-MediaFoundation: 216162199b28c13a410421893ffa2e32 -> 
  custom:container-demuxer-ogg: 62fdf1f143b41e24485cea50d1cbac27 -> 
  custom:video-decoder-webm-vp8: 9c59270c3fd7afecdb556c50c9e8de78 -> 
  custom:audio-decoder-ogg-vorbis: bf7c407c2cedff20999df2af8eb42d56 -> 
========================================================================
Received Prepare
Registering precompiled user dll's ...
Registered in 0.005775 seconds.
Begin MonoManager ReloadAssembly
Symbol file LoadedFromMemory doesn't match image C:\Users\Saidt\Documents\GitHub\PPS-Developer-Technical-Case\Library\PackageCache\com.unity.visualscripting@1.7.8\Editor\VisualScripting.Core\Dependencies\YamlDotNet\Unity.VisualScripting.YamlDotNet.dll
Symbol file LoadedFromMemory doesn't match image C:\Users\Saidt\Documents\GitHub\PPS-Developer-Technical-Case\Library\PackageCache\com.unity.visualscripting@1.7.8\Editor\VisualScripting.Core\Dependencies\DotNetZip\Unity.VisualScripting.IonicZip.dll
Native extension for WindowsStandalone target not found
Native extension for iOS target not found
Native extension for Android target not found
Refreshing native plugins compatible for Editor in 0.97 ms, found 3 plugins.
Preloading 0 native plugins for Editor in 0.00 ms.
Mono: successfully reloaded assembly
- Completed reload, in  1.055 seconds
Domain Reload Profiling:
	ReloadAssembly (1056ms)
		BeginReloadAssembly (145ms)
			ExecutionOrderSort (0ms)
			DisableScriptedObjects (6ms)
			BackupInstance (0ms)
			ReleaseScriptingObjects (0ms)
			CreateAndSetChildDomain (39ms)
		EndReloadAssembly (800ms)
			LoadAssemblies (93ms)
			RebuildTransferFunctionScriptingTraits (0ms)
			SetupTypeCache (249ms)
			ReleaseScriptCaches (1ms)
			RebuildScriptCaches (47ms)
			SetupLoadedEditorAssemblies (366ms)
				LogAssemblyErrors (0ms)
				InitializePlatformSupportModulesInManaged (37ms)
				SetLoadedEditorAssemblies (0ms)
				RefreshPlugins (1ms)
				BeforeProcessingInitializeOnLoad (80ms)
				ProcessInitializeOnLoadAttributes (209ms)
				ProcessInitializeOnLoadMethodAttributes (28ms)
				AfterProcessingInitializeOnLoad (11ms)
				EditorAssembliesLoaded (0ms)
			ExecutionOrderSort2 (0ms)
			AwakeInstancesAfterBackupRestoration (9ms)
Platform modules already initialized, skipping
Refreshing native plugins compatible for Editor in 4.33 ms, found 3 plugins.
Preloading 0 native plugins for Editor in 0.00 ms.
Unloading 3533 Unused Serialized files (Serialized files now loaded: 0)
Unloading 36 unused Assets / (54.2 KB). Loaded Objects now: 4080.
Memory consumption went from 135.2 MB to 135.2 MB.
Total: 3.715500 ms (FindLiveObjects: 0.375000 ms CreateObjectMapping: 0.262100 ms MarkObjects: 3.004700 ms  DeleteObjects: 0.073000 ms)

AssetImportParameters requested are different than current active one (requested -> active):
  custom:video-decoder-ogg-theora: a1e56fd34408186e4bbccfd4996cb3dc -> 
  custom:container-muxer-webm: aa71ff27fc2769a1b78a27578f13a17b -> 
  custom:container-demuxer-webm: 4f35f7cbe854078d1ac9338744f61a02 -> 
  custom:video-encoder-webm-vp8: eb34c28f22e8b96e1ab97ce403110664 -> 
  custom:audio-encoder-webm-vorbis: bf7c407c2cedff20999df2af8eb42d56 -> 
  custom:framework-win-MediaFoundation: 216162199b28c13a410421893ffa2e32 -> 
  custom:container-demuxer-ogg: 62fdf1f143b41e24485cea50d1cbac27 -> 
  custom:video-decoder-webm-vp8: 9c59270c3fd7afecdb556c50c9e8de78 -> 
  custom:audio-decoder-ogg-vorbis: bf7c407c2cedff20999df2af8eb42d56 -> 
========================================================================
Received Import Request.
  Time since last request: 2813.567661 seconds.
  path: Assets/RFPSP/Demo/Other/ShantyTown/ConcreteWall/Textures/ConcreteWall3_NM.png
  artifactKey: Guid(eaefec377c59144eab58c17e35336dca) Importer(815301076,1909f56bfc062723c751e8b465ee728b)
Start importing Assets/RFPSP/Demo/Other/ShantyTown/ConcreteWall/Textures/ConcreteWall3_NM.png using Guid(eaefec377c59144eab58c17e35336dca) Importer(815301076,1909f56bfc062723c751e8b465ee728b)  -> (artifact id: '268a120dc8e801baed133d90411f948e') in 0.162903 seconds 
========================================================================
Received Prepare
Registering precompiled user dll's ...
Registered in 0.005324 seconds.
Begin MonoManager ReloadAssembly
Symbol file LoadedFromMemory doesn't match image C:\Users\Saidt\Documents\GitHub\PPS-Developer-Technical-Case\Library\PackageCache\com.unity.visualscripting@1.7.8\Editor\VisualScripting.Core\Dependencies\YamlDotNet\Unity.VisualScripting.YamlDotNet.dll
Symbol file LoadedFromMemory doesn't match image C:\Users\Saidt\Documents\GitHub\PPS-Developer-Technical-Case\Library\PackageCache\com.unity.visualscripting@1.7.8\Editor\VisualScripting.Core\Dependencies\DotNetZip\Unity.VisualScripting.IonicZip.dll
Native extension for WindowsStandalone target not found
Native extension for iOS target not found
Native extension for Android target not found
Refreshing native plugins compatible for Editor in 1.16 ms, found 3 plugins.
Preloading 0 native plugins for Editor in 0.00 ms.
Mono: successfully reloaded assembly
- Completed reload, in  1.052 seconds
Domain Reload Profiling:
	ReloadAssembly (1053ms)
		BeginReloadAssembly (127ms)
			ExecutionOrderSort (0ms)
			DisableScriptedObjects (5ms)
			BackupInstance (0ms)
			ReleaseScriptingObjects (0ms)
			CreateAndSetChildDomain (34ms)
		EndReloadAssembly (828ms)
			LoadAssemblies (91ms)
			RebuildTransferFunctionScriptingTraits (0ms)
			SetupTypeCache (260ms)
			ReleaseScriptCaches (1ms)
			RebuildScriptCaches (43ms)
			SetupLoadedEditorAssemblies (379ms)
				LogAssemblyErrors (0ms)
				InitializePlatformSupportModulesInManaged (36ms)
				SetLoadedEditorAssemblies (1ms)
				RefreshPlugins (1ms)
				BeforeProcessingInitializeOnLoad (74ms)
				ProcessInitializeOnLoadAttributes (224ms)
				ProcessInitializeOnLoadMethodAttributes (33ms)
				AfterProcessingInitializeOnLoad (10ms)
				EditorAssembliesLoaded (0ms)
			ExecutionOrderSort2 (0ms)
			AwakeInstancesAfterBackupRestoration (7ms)
Platform modules already initialized, skipping
Refreshing native plugins compatible for Editor in 4.02 ms, found 3 plugins.
Preloading 0 native plugins for Editor in 0.00 ms.
Unloading 3533 Unused Serialized files (Serialized files now loaded: 0)
Unloading 36 unused Assets / (54.2 KB). Loaded Objects now: 4085.
Memory consumption went from 135.3 MB to 135.2 MB.
Total: 3.090400 ms (FindLiveObjects: 0.397200 ms CreateObjectMapping: 0.346900 ms MarkObjects: 2.235500 ms  DeleteObjects: 0.109800 ms)

AssetImportParameters requested are different than current active one (requested -> active):
  custom:video-decoder-ogg-theora: a1e56fd34408186e4bbccfd4996cb3dc -> 
  custom:container-muxer-webm: aa71ff27fc2769a1b78a27578f13a17b -> 
  custom:container-demuxer-webm: 4f35f7cbe854078d1ac9338744f61a02 -> 
  custom:video-encoder-webm-vp8: eb34c28f22e8b96e1ab97ce403110664 -> 
  custom:audio-encoder-webm-vorbis: bf7c407c2cedff20999df2af8eb42d56 -> 
  custom:framework-win-MediaFoundation: 216162199b28c13a410421893ffa2e32 -> 
  custom:container-demuxer-ogg: 62fdf1f143b41e24485cea50d1cbac27 -> 
  custom:video-decoder-webm-vp8: 9c59270c3fd7afecdb556c50c9e8de78 -> 
  custom:audio-decoder-ogg-vorbis: bf7c407c2cedff20999df2af8eb42d56 -> 
========================================================================
Received Import Request.
  Time since last request: 235.631833 seconds.
  path: Assets/RFPSP/Models/Grenade.fbx
  artifactKey: Guid(8b70d034c2c028a49822123472570bde) Importer(815301076,1909f56bfc062723c751e8b465ee728b)
Start importing Assets/RFPSP/Models/Grenade.fbx using Guid(8b70d034c2c028a49822123472570bde) Importer(815301076,1909f56bfc062723c751e8b465ee728b)  -> (artifact id: 'acb5812ea767d34f5b4a5236aaabca73') in 0.188208 seconds 
========================================================================
Received Import Request.
  Time since last request: 0.000020 seconds.
  path: Assets/RFPSP/Models/VisibleBody.fbx
  artifactKey: Guid(c1337003fa3e7544386e880f8165180d) Importer(815301076,1909f56bfc062723c751e8b465ee728b)
Start importing Assets/RFPSP/Models/VisibleBody.fbx using Guid(c1337003fa3e7544386e880f8165180d) Importer(815301076,1909f56bfc062723c751e8b465ee728b)  -> (artifact id: '08ef286c2131977bb8f95e10e2aec75c') in 0.040952 seconds 
========================================================================
Received Import Request.
  Time since last request: 14.015897 seconds.
  path: Assets/RFPSP/Models/Weapon Effects/MuzzleFlash.fbx
  artifactKey: Guid(c0b71c17d5f15184daac11d4a1b15e9b) Importer(815301076,1909f56bfc062723c751e8b465ee728b)
Start importing Assets/RFPSP/Models/Weapon Effects/MuzzleFlash.fbx using Guid(c0b71c17d5f15184daac11d4a1b15e9b) Importer(815301076,1909f56bfc062723c751e8b465ee728b)  -> (artifact id: '9bd8b56037af7d5fb4f7a437c6af5458') in 0.023517 seconds 
========================================================================
Received Import Request.
  Time since last request: 0.000020 seconds.
  path: Assets/RFPSP/Models/Weapon Effects/plane.fbx
  artifactKey: Guid(164faba6f522a7943aca3dafcdd258d7) Importer(815301076,1909f56bfc062723c751e8b465ee728b)
Start importing Assets/RFPSP/Models/Weapon Effects/plane.fbx using Guid(164faba6f522a7943aca3dafcdd258d7) Importer(815301076,1909f56bfc062723c751e8b465ee728b)  -> (artifact id: '6897125e03e47f3efc6ab35e887bc6e0') in 0.033515 seconds 
========================================================================
Received Import Request.
  Time since last request: 8.608792 seconds.
  path: Assets/RFPSP/Models/Weapons/Bow_Anim.fbx
  artifactKey: Guid(1927423b88dde864b8367d7275493c8a) Importer(815301076,1909f56bfc062723c751e8b465ee728b)
Start importing Assets/RFPSP/Models/Weapons/Bow_Anim.fbx using Guid(1927423b88dde864b8367d7275493c8a) Importer(815301076,1909f56bfc062723c751e8b465ee728b)  -> (artifact id: '830077e07f1a10141b156954fb5e552e') in 0.081289 seconds 
========================================================================
Received Import Request.
  Time since last request: 0.000027 seconds.
  path: Assets/RFPSP/Models/Weapons/MP5_Anim.fbx
  artifactKey: Guid(a052f5c8e206387408a9cbb173b017ac) Importer(815301076,1909f56bfc062723c751e8b465ee728b)
Start importing Assets/RFPSP/Models/Weapons/MP5_Anim.fbx using Guid(a052f5c8e206387408a9cbb173b017ac) Importer(815301076,1909f56bfc062723c751e8b465ee728b)  -> (artifact id: '831f4826a939f25bb30e7ccb1add0929') in 0.079388 seconds 
========================================================================
Received Import Request.
  Time since last request: 0.000030 seconds.
  path: Assets/RFPSP/Models/Weapons/SoldierSleeveR.fbx
  artifactKey: Guid(624e838c26bef6c42ae3aa022e071d59) Importer(815301076,1909f56bfc062723c751e8b465ee728b)
Start importing Assets/RFPSP/Models/Weapons/SoldierSleeveR.fbx using Guid(624e838c26bef6c42ae3aa022e071d59) Importer(815301076,1909f56bfc062723c751e8b465ee728b)  -> (artifact id: 'ec51c6fd93ebfa4dddbb0a60cceedf15') in 0.027024 seconds 
========================================================================
Received Import Request.
  Time since last request: 0.000024 seconds.
  path: Assets/RFPSP/Models/Weapons/Shield_Anim.fbx
  artifactKey: Guid(c30597396fd416944b162e705703f37d) Importer(815301076,1909f56bfc062723c751e8b465ee728b)
Start importing Assets/RFPSP/Models/Weapons/Shield_Anim.fbx using Guid(c30597396fd416944b162e705703f37d) Importer(815301076,1909f56bfc062723c751e8b465ee728b)  -> (artifact id: 'a4a1c68e06a4e2f81041832a98dde1d5') in 0.062064 seconds 
========================================================================
Received Import Request.
  Time since last request: 0.000021 seconds.
  path: Assets/RFPSP/Models/Weapons/Katana_Anim.fbx
  artifactKey: Guid(e2d2f99ea47487749aaac14918674edc) Importer(815301076,1909f56bfc062723c751e8b465ee728b)
Start importing Assets/RFPSP/Models/Weapons/Katana_Anim.fbx using Guid(e2d2f99ea47487749aaac14918674edc) Importer(815301076,1909f56bfc062723c751e8b465ee728b)  -> (artifact id: '9fdf3d68e9b2fa26548764de29ee28d5') in 0.051835 seconds 
========================================================================
Received Import Request.
  Time since last request: 0.000018 seconds.
  path: Assets/RFPSP/Models/Weapons/M4_Anim.fbx
  artifactKey: Guid(8ec345b3284a49a40a61b89f3129254e) Importer(815301076,1909f56bfc062723c751e8b465ee728b)
Start importing Assets/RFPSP/Models/Weapons/M4_Anim.fbx using Guid(8ec345b3284a49a40a61b89f3129254e) Importer(815301076,1909f56bfc062723c751e8b465ee728b)  -> (artifact id: '04d8c42ba28392b196e27bcbff0bb5d2') in 0.063472 seconds 
========================================================================
Received Import Request.
  Time since last request: 0.000030 seconds.
  path: Assets/RFPSP/Models/Weapons/knife.fbx
  artifactKey: Guid(19d8768d4c272c847ba4e90cac11fcc0) Importer(815301076,1909f56bfc062723c751e8b465ee728b)
Start importing Assets/RFPSP/Models/Weapons/knife.fbx using Guid(19d8768d4c272c847ba4e90cac11fcc0) Importer(815301076,1909f56bfc062723c751e8b465ee728b)  -> (artifact id: '441ab6a62c6f156b49e5b5b6422409d7') in 0.040096 seconds 
========================================================================
Received Import Request.
  Time since last request: 0.000028 seconds.
  path: Assets/RFPSP/Models/Weapons/Shotgun_Anim.fbx
  artifactKey: Guid(a300b85753bff834fa8c8f134916fd55) Importer(815301076,1909f56bfc062723c751e8b465ee728b)
Start importing Assets/RFPSP/Models/Weapons/Shotgun_Anim.fbx using Guid(a300b85753bff834fa8c8f134916fd55) Importer(815301076,1909f56bfc062723c751e8b465ee728b)  -> (artifact id: '408c64057ae289d7f90161fa7f267f4a') in 0.070082 seconds 
========================================================================
Received Import Request.
  Time since last request: 518.592597 seconds.
  path: Assets/RFPSP/Textures/Hands.JPG
  artifactKey: Guid(8219b464327e28348b94015f05102c2b) Importer(815301076,1909f56bfc062723c751e8b465ee728b)
Start importing Assets/RFPSP/Textures/Hands.JPG using Guid(8219b464327e28348b94015f05102c2b) Importer(815301076,1909f56bfc062723c751e8b465ee728b)  -> (artifact id: '186de2faf1fba39260ff386d3878369b') in 0.030347 seconds 
========================================================================
Received Import Request.
  Time since last request: 0.000022 seconds.
  path: Assets/RFPSP/Textures/Hands_normal.jpg
  artifactKey: Guid(1209b9489981bd64fac0dfc24713ef4b) Importer(815301076,1909f56bfc062723c751e8b465ee728b)
Start importing Assets/RFPSP/Textures/Hands_normal.jpg using Guid(1209b9489981bd64fac0dfc24713ef4b) Importer(815301076,1909f56bfc062723c751e8b465ee728b)  -> (artifact id: 'd2655365d39d8d5de55e86e4c50334f5') in 0.019977 seconds 
========================================================================
Received Import Request.
  Time since last request: 30.271145 seconds.
  path: Assets/RFPSP/Objects/Pickups/Ammo_Shotgun.prefab
  artifactKey: Guid(c9e86e2c880073a488104af78340189c) Importer(815301076,1909f56bfc062723c751e8b465ee728b)
Start importing Assets/RFPSP/Objects/Pickups/Ammo_Shotgun.prefab using Guid(c9e86e2c880073a488104af78340189c) Importer(815301076,1909f56bfc062723c751e8b465ee728b)  -> (artifact id: 'f417364152cc307c155893d8b534d158') in 0.025523 seconds 
========================================================================
Received Import Request.
  Time since last request: 0.000022 seconds.
  path: Assets/RFPSP/Image Effects/Effects/Projectors/Prefabs/BlobShadowProjector.prefab
  artifactKey: Guid(28a5e79925e3ce04a82856c16a572cbe) Importer(815301076,1909f56bfc062723c751e8b465ee728b)
Start importing Assets/RFPSP/Image Effects/Effects/Projectors/Prefabs/BlobShadowProjector.prefab using Guid(28a5e79925e3ce04a82856c16a572cbe) Importer(815301076,1909f56bfc062723c751e8b465ee728b)  -> (artifact id: '851d7cfafb70b6bac4d2f6b04535b637') in 0.013176 seconds 
========================================================================
Received Import Request.
  Time since last request: 0.000027 seconds.
  path: Assets/RFPSP/Demo/Other/Terrain Assets/Bushes/Bush1.prefab
  artifactKey: Guid(a58323f4c5b6ccf4e97afc935fad559e) Importer(815301076,1909f56bfc062723c751e8b465ee728b)
Start importing Assets/RFPSP/Demo/Other/Terrain Assets/Bushes/Bush1.prefab using Guid(a58323f4c5b6ccf4e97afc935fad559e) Importer(815301076,1909f56bfc062723c751e8b465ee728b)  -> (artifact id: '5972e662d138a785ff7d9421e8073ca9') in 0.026980 seconds 
========================================================================
Received Import Request.
  Time since last request: 0.000033 seconds.
  path: Assets/RFPSP/Demo/Other/Terrain Assets/Bushes/Textures/Bush1.psd
  artifactKey: Guid(44f76043bd112e38a00062d88f962b59) Importer(815301076,1909f56bfc062723c751e8b465ee728b)
Start importing Assets/RFPSP/Demo/Other/Terrain Assets/Bushes/Textures/Bush1.psd using Guid(44f76043bd112e38a00062d88f962b59) Importer(815301076,1909f56bfc062723c751e8b465ee728b)  -> (artifact id: '786d73c439981f088ea5a68743160fa1') in 0.021973 seconds 
========================================================================
Received Import Request.
  Time since last request: 0.000032 seconds.
  path: Packages/com.unity.textmeshpro/Editor Resources/Textures/btn_AlignFlush_Light.psd
  artifactKey: Guid(64b9fad609434c489c32b1cdf2004a1c) Importer(815301076,1909f56bfc062723c751e8b465ee728b)
Start importing Packages/com.unity.textmeshpro/Editor Resources/Textures/btn_AlignFlush_Light.psd using Guid(64b9fad609434c489c32b1cdf2004a1c) Importer(815301076,1909f56bfc062723c751e8b465ee728b)  -> (artifact id: 'e2dfac1a5da41c4fad4e4a17d37c110b') in 0.023251 seconds 
========================================================================
Received Import Request.
  Time since last request: 0.000019 seconds.
  path: Assets/RFPSP/Demo/Other/Terrain Assets/Bushes/Bush1.fbx
  artifactKey: Guid(5ca99170bd118bca11002b7b44295342) Importer(815301076,1909f56bfc062723c751e8b465ee728b)
Start importing Assets/RFPSP/Demo/Other/Terrain Assets/Bushes/Bush1.fbx using Guid(5ca99170bd118bca11002b7b44295342) Importer(815301076,1909f56bfc062723c751e8b465ee728b)  -> (artifact id: '9ece3ff0dc2996e0d4232ac2f15b7f2b') in 0.024632 seconds 
========================================================================
Received Import Request.
  Time since last request: 0.281892 seconds.
  path: Assets/RFPSP/Sounds/Foot Steps/proneShuffle2.ogg
  artifactKey: Guid(77d1de148f48e7b47866e96991de0237) Importer(815301076,1909f56bfc062723c751e8b465ee728b)
Start importing Assets/RFPSP/Sounds/Foot Steps/proneShuffle2.ogg using Guid(77d1de148f48e7b47866e96991de0237) Importer(815301076,1909f56bfc062723c751e8b465ee728b)  -> (artifact id: '12c9e5d3a2ca092c9c1957da732e1979') in 0.079172 seconds 
========================================================================
Received Import Request.
  Time since last request: 0.000026 seconds.
  path: Assets/RFPSP/Sounds/Foot Steps/proneShuffle4.ogg
  artifactKey: Guid(58a5bc5034441f242947861fc5ebfe0d) Importer(815301076,1909f56bfc062723c751e8b465ee728b)
Start importing Assets/RFPSP/Sounds/Foot Steps/proneShuffle4.ogg using Guid(58a5bc5034441f242947861fc5ebfe0d) Importer(815301076,1909f56bfc062723c751e8b465ee728b)  -> (artifact id: '1d2ecf15c8436483d67b1a50b49c85da') in 0.017243 seconds 
========================================================================
Received Import Request.
  Time since last request: 3.476366 seconds.
  path: Assets/RFPSP/Models/Item and Pickup Models/Pickup_Shotgun.fbx
  artifactKey: Guid(6b3ee1a151df734429e5e4f3f27f6ea9) Importer(815301076,1909f56bfc062723c751e8b465ee728b)
Start importing Assets/RFPSP/Models/Item and Pickup Models/Pickup_Shotgun.fbx using Guid(6b3ee1a151df734429e5e4f3f27f6ea9) Importer(815301076,1909f56bfc062723c751e8b465ee728b)  -> (artifact id: '2b3b9c77f818681ede2818fb1a506e9e') in 0.039139 seconds 
========================================================================
Received Import Request.
  Time since last request: 0.000021 seconds.
  path: Assets/RFPSP/Sounds/Weapons/Shotgun_reload_last.ogg
  artifactKey: Guid(4911ed0d3cbf41c40bfc29ed1ead2841) Importer(815301076,1909f56bfc062723c751e8b465ee728b)
Start importing Assets/RFPSP/Sounds/Weapons/Shotgun_reload_last.ogg using Guid(4911ed0d3cbf41c40bfc29ed1ead2841) Importer(815301076,1909f56bfc062723c751e8b465ee728b)  -> (artifact id: 'fd7469a9a03965d0ee926aa88e350dd9') in 0.019295 seconds 
========================================================================
Received Import Request.
  Time since last request: 0.000025 seconds.
  path: Assets/RFPSP/Sounds/Weapons/Shotgun_ready.ogg
  artifactKey: Guid(611a64b2b14508d4f9fec4b31fe0eb33) Importer(815301076,1909f56bfc062723c751e8b465ee728b)
Start importing Assets/RFPSP/Sounds/Weapons/Shotgun_ready.ogg using Guid(611a64b2b14508d4f9fec4b31fe0eb33) Importer(815301076,1909f56bfc062723c751e8b465ee728b)  -> (artifact id: '6b07613cd2cb440ed0bf194cfe443615') in 0.018693 seconds 
========================================================================
Received Import Request.
  Time since last request: 0.000036 seconds.
  path: Assets/RFPSP/Sounds/Weapons/Shotgun_fire.ogg
  artifactKey: Guid(ce877c601ed2d8349a77196045e22c2c) Importer(815301076,1909f56bfc062723c751e8b465ee728b)
Start importing Assets/RFPSP/Sounds/Weapons/Shotgun_fire.ogg using Guid(ce877c601ed2d8349a77196045e22c2c) Importer(815301076,1909f56bfc062723c751e8b465ee728b)  -> (artifact id: '47ad7f1ed9c152f7cd3d8ade203c8f18') in 0.019655 seconds 
========================================================================
Received Import Request.
  Time since last request: 0.000027 seconds.
  path: Packages/com.unity.collab-proxy/Editor/Collaborate/Assets/Icons/show-light.png
  artifactKey: Guid(9c0e0aeb2cb19c640a4d430e258e7336) Importer(815301076,1909f56bfc062723c751e8b465ee728b)
Start importing Packages/com.unity.collab-proxy/Editor/Collaborate/Assets/Icons/show-light.png using Guid(9c0e0aeb2cb19c640a4d430e258e7336) Importer(815301076,1909f56bfc062723c751e8b465ee728b)  -> (artifact id: '1334a5eed157841e4f670217910a2d0e') in 0.018284 seconds 
========================================================================
Received Import Request.
  Time since last request: 0.000019 seconds.
  path: Assets/RFPSP/Objects/NPCs/SoldierNPC/Meshes/Anims/Soldier@shoot.FBX.fbx
  artifactKey: Guid(33027e2405edfb54b997cb7eb1f3fec2) Importer(815301076,1909f56bfc062723c751e8b465ee728b)
Start importing Assets/RFPSP/Objects/NPCs/SoldierNPC/Meshes/Anims/Soldier@shoot.FBX.fbx using Guid(33027e2405edfb54b997cb7eb1f3fec2) Importer(815301076,1909f56bfc062723c751e8b465ee728b)  -> (artifact id: '2ab0fcc9d739eefb65356eae0ca028c0') in 0.019231 seconds 
========================================================================
Received Import Request.
  Time since last request: 0.000028 seconds.
  path: Assets/RFPSP/Objects/NPCs/SoldierNPC/Meshes/Anims/Soldier@shootfp.FBX
  artifactKey: Guid(776ecb0b3d7eadc4eb114966f21c8d32) Importer(815301076,1909f56bfc062723c751e8b465ee728b)
Start importing Assets/RFPSP/Objects/NPCs/SoldierNPC/Meshes/Anims/Soldier@shootfp.FBX using Guid(776ecb0b3d7eadc4eb114966f21c8d32) Importer(815301076,1909f56bfc062723c751e8b465ee728b)  -> (artifact id: '6b49b74b9a96c51fb5e62718e0a049d7') in 0.018481 seconds 
========================================================================
Received Import Request.
  Time since last request: 0.000027 seconds.
  path: Assets/RFPSP/Objects/NPCs/SoldierNPC/Meshes/Anims/Soldier@shoot.FBX
  artifactKey: Guid(2c38f05a6306f9a4c9508a8032ca1cde) Importer(815301076,1909f56bfc062723c751e8b465ee728b)
Start importing Assets/RFPSP/Objects/NPCs/SoldierNPC/Meshes/Anims/Soldier@shoot.FBX using Guid(2c38f05a6306f9a4c9508a8032ca1cde) Importer(815301076,1909f56bfc062723c751e8b465ee728b)  -> (artifact id: '1ad0a994ee4b02d413f2b807dc9e831d') in 0.017980 seconds 
========================================================================
Received Import Request.
  Time since last request: 0.000022 seconds.
  path: Assets/RFPSP/Sounds/Weapons/Shotgun_reload.ogg
  artifactKey: Guid(4046b132d0bc8844f919b8d2cb04567b) Importer(815301076,1909f56bfc062723c751e8b465ee728b)
Start importing Assets/RFPSP/Sounds/Weapons/Shotgun_reload.ogg using Guid(4046b132d0bc8844f919b8d2cb04567b) Importer(815301076,1909f56bfc062723c751e8b465ee728b)  -> (artifact id: '19bafc75a3a083c269644feb9f260dfa') in 0.017872 seconds 
========================================================================
Received Import Request.
  Time since last request: 0.000016 seconds.
  path: Packages/com.unity.collab-proxy/Editor/Collaborate/Assets/Icons/show-light@2x.png
  artifactKey: Guid(d84f7eb154b674f46b833c51f844277e) Importer(815301076,1909f56bfc062723c751e8b465ee728b)
Start importing Packages/com.unity.collab-proxy/Editor/Collaborate/Assets/Icons/show-light@2x.png using Guid(d84f7eb154b674f46b833c51f844277e) Importer(815301076,1909f56bfc062723c751e8b465ee728b)  -> (artifact id: '4084f0541846f04a4e4728d01daa457c') in 0.022641 seconds 
========================================================================
Received Import Request.
  Time since last request: 0.000030 seconds.
  path: Packages/com.unity.collab-proxy/Editor/Collaborate/Assets/Icons/show-dark@2x.png
  artifactKey: Guid(de4c62a7de5c61a41b5b0029b339f373) Importer(815301076,1909f56bfc062723c751e8b465ee728b)
Start importing Packages/com.unity.collab-proxy/Editor/Collaborate/Assets/Icons/show-dark@2x.png using Guid(de4c62a7de5c61a41b5b0029b339f373) Importer(815301076,1909f56bfc062723c751e8b465ee728b)  -> (artifact id: '249fe4ce977c86f7f508dd8fb9cc4b60') in 0.028087 seconds 
========================================================================
Received Import Request.
  Time since last request: 0.000029 seconds.
  path: Assets/RFPSP/Objects/Weapons/Shells/ShotgunShellRB.prefab
  artifactKey: Guid(8ce88408d20f37c42975476caf4e2bdd) Importer(815301076,1909f56bfc062723c751e8b465ee728b)
Start importing Assets/RFPSP/Objects/Weapons/Shells/ShotgunShellRB.prefab using Guid(8ce88408d20f37c42975476caf4e2bdd) Importer(815301076,1909f56bfc062723c751e8b465ee728b)  -> (artifact id: 'ae471465de24655f08508a7bfa8385de') in 0.018944 seconds 
========================================================================
Received Import Request.
  Time since last request: 0.000019 seconds.
  path: Assets/TextMesh Pro/Examples & Extras/Textures/Text Overflow - Linked Text UI Screenshot.png
  artifactKey: Guid(c76d18757a194d618355f05f815cb0a1) Importer(815301076,1909f56bfc062723c751e8b465ee728b)
Start importing Assets/TextMesh Pro/Examples & Extras/Textures/Text Overflow - Linked Text UI Screenshot.png using Guid(c76d18757a194d618355f05f815cb0a1) Importer(815301076,1909f56bfc062723c751e8b465ee728b)  -> (artifact id: 'b46e74a60697650a86072b66f0b501e7') in 0.023081 seconds 
Editor requested this worker to shutdown with reason: Scaling down because of idle timeout
AssetImportWorker is now disconnected from the server
Process exiting
Exiting without the bug reporter. Application will terminate with return code 0