Using pre-set license
Built from '2021.3/staging' branch; Version is '2021.3.6f1 (7da38d85baf6) revision 8233869'; Using compiler version '192829333'; Build Type 'Release'
OS: 'Windows 10  (10.0.19044) 64bit Core' Language: 'tr' Physical Memory: 16222 MB
BatchMode: 1, IsHumanControllingUs: 0, StartBugReporterOnCrash: 0, Is64bit: 1, IsPro: 1

COMMAND LINE ARGUMENTS:
C:\Program Files\Unity\Hub\Editor\2021.3.6f1\Editor\Unity.exe
-adb2
-batchMode
-noUpm
-name
AssetImportWorker3
-projectPath
C:/Users/Saidt/Documents/GitHub/PPS-Developer-Technical-Case
-logFile
Logs/AssetImportWorker3.log
-srvPort
57117
Successfully changed project path to: C:/Users/Saidt/Documents/GitHub/PPS-Developer-Technical-Case
C:/Users/Saidt/Documents/GitHub/PPS-Developer-Technical-Case
[UnityMemory] Configuration Parameters - Can be set up in boot.config
    "memorysetup-bucket-allocator-granularity=16"
    "memorysetup-bucket-allocator-bucket-count=8"
    "memorysetup-bucket-allocator-block-size=33554432"
    "memorysetup-bucket-allocator-block-count=8"
    "memorysetup-main-allocator-block-size=16777216"
    "memorysetup-thread-allocator-block-size=16777216"
    "memorysetup-gfx-main-allocator-block-size=16777216"
    "memorysetup-gfx-thread-allocator-block-size=16777216"
    "memorysetup-cache-allocator-block-size=4194304"
    "memorysetup-typetree-allocator-block-size=2097152"
    "memorysetup-profiler-bucket-allocator-granularity=16"
    "memorysetup-profiler-bucket-allocator-bucket-count=8"
    "memorysetup-profiler-bucket-allocator-block-size=33554432"
    "memorysetup-profiler-bucket-allocator-block-count=8"
    "memorysetup-profiler-allocator-block-size=16777216"
    "memorysetup-profiler-editor-allocator-block-size=1048576"
    "memorysetup-temp-allocator-size-main=16777216"
    "memorysetup-job-temp-allocator-block-size=2097152"
    "memorysetup-job-temp-allocator-block-size-background=1048576"
    "memorysetup-job-temp-allocator-reduction-small-platforms=262144"
    "memorysetup-temp-allocator-size-background-worker=32768"
    "memorysetup-temp-allocator-size-job-worker=262144"
    "memorysetup-temp-allocator-size-preload-manager=33554432"
    "memorysetup-temp-allocator-size-nav-mesh-worker=65536"
    "memorysetup-temp-allocator-size-audio-worker=65536"
    "memorysetup-temp-allocator-size-cloud-worker=32768"
    "memorysetup-temp-allocator-size-gi-baking-worker=262144"
    "memorysetup-temp-allocator-size-gfx=262144"
Refreshing native plugins compatible for Editor in 88.76 ms, found 3 plugins.
Preloading 0 native plugins for Editor in 0.00 ms.
Initialize engine version: 2021.3.6f1 (7da38d85baf6)
[Subsystems] Discovering subsystems at path C:/Program Files/Unity/Hub/Editor/2021.3.6f1/Editor/Data/Resources/UnitySubsystems
[Subsystems] Discovering subsystems at path C:/Users/Saidt/Documents/GitHub/PPS-Developer-Technical-Case/Assets
GfxDevice: creating device client; threaded=0; jobified=0
Direct3D:
    Version:  Direct3D 11.0 [level 11.1]
    Renderer: NVIDIA GeForce RTX 3060 Laptop GPU (ID=0x2520)
    Vendor:   NVIDIA
    VRAM:     6023 MB
    Driver:   30.0.15.1289
Initialize mono
Mono path[0] = 'C:/Program Files/Unity/Hub/Editor/2021.3.6f1/Editor/Data/Managed'
Mono path[1] = 'C:/Program Files/Unity/Hub/Editor/2021.3.6f1/Editor/Data/MonoBleedingEdge/lib/mono/unityjit-win32'
Mono config path = 'C:/Program Files/Unity/Hub/Editor/2021.3.6f1/Editor/Data/MonoBleedingEdge/etc'
Using monoOptions --debugger-agent=transport=dt_socket,embedding=1,server=y,suspend=n,address=127.0.0.1:56440
Begin MonoManager ReloadAssembly
Registering precompiled unity dll's ...
Register platform support module: C:/Program Files/Unity/Hub/Editor/2021.3.6f1/Editor/Data/PlaybackEngines/AndroidPlayer/UnityEditor.Android.Extensions.dll
Register platform support module: C:/Program Files/Unity/Hub/Editor/2021.3.6f1/Editor/Data/PlaybackEngines/iOSSupport/UnityEditor.iOS.Extensions.dll
Register platform support module: C:/Program Files/Unity/Hub/Editor/2021.3.6f1/Editor/Data/PlaybackEngines/WindowsStandaloneSupport/UnityEditor.WindowsStandalone.Extensions.dll
Registered in 0.009029 seconds.
Native extension for WindowsStandalone target not found
[usbmuxd] Start listen thread
[usbmuxd] Listen thread started
Native extension for iOS target not found
Native extension for Android target not found
Refreshing native plugins compatible for Editor in 81.38 ms, found 3 plugins.
Preloading 0 native plugins for Editor in 0.00 ms.
Mono: successfully reloaded assembly
- Completed reload, in  0.618 seconds
Domain Reload Profiling:
	ReloadAssembly (618ms)
		BeginReloadAssembly (81ms)
			ExecutionOrderSort (0ms)
			DisableScriptedObjects (0ms)
			BackupInstance (0ms)
			ReleaseScriptingObjects (0ms)
			CreateAndSetChildDomain (1ms)
		EndReloadAssembly (428ms)
			LoadAssemblies (79ms)
			RebuildTransferFunctionScriptingTraits (0ms)
			SetupTypeCache (95ms)
			ReleaseScriptCaches (0ms)
			RebuildScriptCaches (26ms)
			SetupLoadedEditorAssemblies (262ms)
				LogAssemblyErrors (0ms)
				InitializePlatformSupportModulesInManaged (58ms)
				SetLoadedEditorAssemblies (0ms)
				RefreshPlugins (81ms)
				BeforeProcessingInitializeOnLoad (1ms)
				ProcessInitializeOnLoadAttributes (84ms)
				ProcessInitializeOnLoadMethodAttributes (37ms)
				AfterProcessingInitializeOnLoad (0ms)
				EditorAssembliesLoaded (0ms)
			ExecutionOrderSort2 (0ms)
			AwakeInstancesAfterBackupRestoration (0ms)
Platform modules already initialized, skipping
Registering precompiled user dll's ...
Registered in 0.005485 seconds.
Begin MonoManager ReloadAssembly
Symbol file LoadedFromMemory doesn't match image C:\Users\Saidt\Documents\GitHub\PPS-Developer-Technical-Case\Library\PackageCache\com.unity.visualscripting@1.7.8\Editor\VisualScripting.Core\Dependencies\YamlDotNet\Unity.VisualScripting.YamlDotNet.dll
Symbol file LoadedFromMemory doesn't match image C:\Users\Saidt\Documents\GitHub\PPS-Developer-Technical-Case\Library\PackageCache\com.unity.visualscripting@1.7.8\Editor\VisualScripting.Core\Dependencies\DotNetZip\Unity.VisualScripting.IonicZip.dll
Native extension for WindowsStandalone target not found
Native extension for iOS target not found
Native extension for Android target not found
Refreshing native plugins compatible for Editor in 0.74 ms, found 3 plugins.
Preloading 0 native plugins for Editor in 0.00 ms.
Mono: successfully reloaded assembly
Package Manager log level set to [2]
- Completed reload, in  1.028 seconds
Domain Reload Profiling:
	ReloadAssembly (1029ms)
		BeginReloadAssembly (203ms)
			ExecutionOrderSort (0ms)
			DisableScriptedObjects (5ms)
			BackupInstance (0ms)
			ReleaseScriptingObjects (0ms)
			CreateAndSetChildDomain (125ms)
		EndReloadAssembly (722ms)
			LoadAssemblies (73ms)
			RebuildTransferFunctionScriptingTraits (0ms)
			SetupTypeCache (202ms)
			ReleaseScriptCaches (1ms)
			RebuildScriptCaches (46ms)
			SetupLoadedEditorAssemblies (351ms)
				LogAssemblyErrors (0ms)
				InitializePlatformSupportModulesInManaged (25ms)
				SetLoadedEditorAssemblies (0ms)
				RefreshPlugins (1ms)
				BeforeProcessingInitializeOnLoad (89ms)
				ProcessInitializeOnLoadAttributes (202ms)
				ProcessInitializeOnLoadMethodAttributes (26ms)
				AfterProcessingInitializeOnLoad (8ms)
				EditorAssembliesLoaded (0ms)
			ExecutionOrderSort2 (0ms)
			AwakeInstancesAfterBackupRestoration (6ms)
Platform modules already initialized, skipping
========================================================================
Worker process is ready to serve import requests
Launched and connected shader compiler UnityShaderCompiler.exe after 0.04 seconds
Refreshing native plugins compatible for Editor in 0.69 ms, found 3 plugins.
Preloading 0 native plugins for Editor in 0.00 ms.
Unloading 3607 Unused Serialized files (Serialized files now loaded: 0)
Unloading 43 unused Assets / (87.0 KB). Loaded Objects now: 4060.
Memory consumption went from 137.1 MB to 137.0 MB.
Total: 3.248500 ms (FindLiveObjects: 0.264400 ms CreateObjectMapping: 0.210900 ms MarkObjects: 2.663900 ms  DeleteObjects: 0.108400 ms)

AssetImportParameters requested are different than current active one (requested -> active):
  custom:video-decoder-ogg-theora: a1e56fd34408186e4bbccfd4996cb3dc -> 
  custom:container-muxer-webm: aa71ff27fc2769a1b78a27578f13a17b -> 
  custom:container-demuxer-webm: 4f35f7cbe854078d1ac9338744f61a02 -> 
  custom:video-encoder-webm-vp8: eb34c28f22e8b96e1ab97ce403110664 -> 
  custom:audio-encoder-webm-vorbis: bf7c407c2cedff20999df2af8eb42d56 -> 
  custom:framework-win-MediaFoundation: 216162199b28c13a410421893ffa2e32 -> 
  custom:container-demuxer-ogg: 62fdf1f143b41e24485cea50d1cbac27 -> 
  custom:video-decoder-webm-vp8: 9c59270c3fd7afecdb556c50c9e8de78 -> 
  custom:audio-decoder-ogg-vorbis: bf7c407c2cedff20999df2af8eb42d56 -> 
========================================================================
Received Import Request.
  Time since last request: 784428.008338 seconds.
  path: Assets/RFPSP/Objects/Pickups/Pickup_Shotgun.prefab
  artifactKey: Guid(2a8a900e49c52d3439ebffc44617e79e) Importer(815301076,1909f56bfc062723c751e8b465ee728b)
Start importing Assets/RFPSP/Objects/Pickups/Pickup_Shotgun.prefab using Guid(2a8a900e49c52d3439ebffc44617e79e) Importer(815301076,1909f56bfc062723c751e8b465ee728b)  -> (artifact id: '6e19c35ba46515412f1aeebcb16a702f') in 0.179596 seconds 
========================================================================
Received Import Request.
  Time since last request: 0.000021 seconds.
  path: Assets/RFPSP/Objects/NPCs/RobotNPC/Meshes/robot@shoot.fbx
  artifactKey: Guid(a877b388bd11ac44d0009d298d76c639) Importer(815301076,1909f56bfc062723c751e8b465ee728b)
Start importing Assets/RFPSP/Objects/NPCs/RobotNPC/Meshes/robot@shoot.fbx using Guid(a877b388bd11ac44d0009d298d76c639) Importer(815301076,1909f56bfc062723c751e8b465ee728b)  -> (artifact id: 'f0d88eb81d3f3287e8e5293c4ce373bd') in 0.126120 seconds 
========================================================================
Received Import Request.
  Time since last request: 0.000030 seconds.
  path: Packages/com.unity.collab-proxy/Editor/Collaborate/Assets/Icons/show-dark.png
  artifactKey: Guid(849b7119dad13a24397add67a7f78510) Importer(815301076,1909f56bfc062723c751e8b465ee728b)
Start importing Packages/com.unity.collab-proxy/Editor/Collaborate/Assets/Icons/show-dark.png using Guid(849b7119dad13a24397add67a7f78510) Importer(815301076,1909f56bfc062723c751e8b465ee728b)  -> (artifact id: '641b9e6e4aa88fc68d38b8792a9a14ae') in 0.032195 seconds 
========================================================================
Received Import Request.
  Time since last request: 0.000020 seconds.
  path: Assets/RFPSP/Objects/NPCs/ZombieNPC/Meshes/zombieAnim.fbx
  artifactKey: Guid(9aacc9dcb80e59f46b0778fdc0163e58) Importer(815301076,1909f56bfc062723c751e8b465ee728b)
Start importing Assets/RFPSP/Objects/NPCs/ZombieNPC/Meshes/zombieAnim.fbx using Guid(9aacc9dcb80e59f46b0778fdc0163e58) Importer(815301076,1909f56bfc062723c751e8b465ee728b)  -> (artifact id: '5cf4c9d70c669eff62921aeb8d1dd0b4') in 0.030217 seconds 
========================================================================
Received Import Request.
  Time since last request: 91.189567 seconds.
  path: Assets/RFPSP/Textures/AK47/ak47Main_normal.bmp
  artifactKey: Guid(c6b1ea6508ab58343a194dcfeb588b5a) Importer(815301076,1909f56bfc062723c751e8b465ee728b)
Start importing Assets/RFPSP/Textures/AK47/ak47Main_normal.bmp using Guid(c6b1ea6508ab58343a194dcfeb588b5a) Importer(815301076,1909f56bfc062723c751e8b465ee728b)  -> (artifact id: 'baccb423a975ad5ec2475c0b2918a734') in 0.040996 seconds 
========================================================================
Received Import Request.
  Time since last request: 0.000024 seconds.
  path: Assets/RFPSP/Textures/AK47/ak47Rec_normal.bmp
  artifactKey: Guid(db175591647ba594591385f8d4b536aa) Importer(815301076,1909f56bfc062723c751e8b465ee728b)
Start importing Assets/RFPSP/Textures/AK47/ak47Rec_normal.bmp using Guid(db175591647ba594591385f8d4b536aa) Importer(815301076,1909f56bfc062723c751e8b465ee728b)  -> (artifact id: '35ae7769f434c291b643977fde5722fd') in 0.025123 seconds 
========================================================================
Received Import Request.
  Time since last request: 0.000053 seconds.
  path: Assets/RFPSP/Models/Item and Pickup Models/Pickup_MP5.fbx
  artifactKey: Guid(c2ae091460bae6c4090211dca0d46d8f) Importer(815301076,1909f56bfc062723c751e8b465ee728b)
Start importing Assets/RFPSP/Models/Item and Pickup Models/Pickup_MP5.fbx using Guid(c2ae091460bae6c4090211dca0d46d8f) Importer(815301076,1909f56bfc062723c751e8b465ee728b)  -> (artifact id: '42f0fc4d3d8bb63a35c6a3e9aeaeb25e') in 0.051209 seconds 
========================================================================
Received Import Request.
  Time since last request: 0.000023 seconds.
  path: Assets/RFPSP/Sounds/Weapons/AK_fire.ogg
  artifactKey: Guid(eb19c101e680075468ddaa277d8450f3) Importer(815301076,1909f56bfc062723c751e8b465ee728b)
Start importing Assets/RFPSP/Sounds/Weapons/AK_fire.ogg using Guid(eb19c101e680075468ddaa277d8450f3) Importer(815301076,1909f56bfc062723c751e8b465ee728b)  -> (artifact id: '7b0432fe1c0846f16126fdbb198ce5c8') in 0.033454 seconds 
========================================================================
Received Import Request.
  Time since last request: 0.000023 seconds.
  path: Assets/RFPSP/Sounds/Weapons/AK_ready.ogg
  artifactKey: Guid(ce26dad1b594c644c95f85de74ead963) Importer(815301076,1909f56bfc062723c751e8b465ee728b)
Start importing Assets/RFPSP/Sounds/Weapons/AK_ready.ogg using Guid(ce26dad1b594c644c95f85de74ead963) Importer(815301076,1909f56bfc062723c751e8b465ee728b)  -> (artifact id: 'e0f95493c78d7749858d96b746ee242c') in 0.015107 seconds 
========================================================================
Received Import Request.
  Time since last request: 0.000025 seconds.
  path: Assets/RFPSP/Objects/Pickups/Pickup_AK47.prefab
  artifactKey: Guid(d257e485fd3d70e49a256ebc5c949ae3) Importer(815301076,1909f56bfc062723c751e8b465ee728b)
Start importing Assets/RFPSP/Objects/Pickups/Pickup_AK47.prefab using Guid(d257e485fd3d70e49a256ebc5c949ae3) Importer(815301076,1909f56bfc062723c751e8b465ee728b)  -> (artifact id: '0100de30d99e33d332ff5d32aa177f4e') in 0.033943 seconds 
========================================================================
Received Import Request.
  Time since last request: 0.000023 seconds.
  path: Assets/RFPSP/Demo/Other/ShantyTown/ChainLinkFence/ChainLinkFence_Mesh.fbx
  artifactKey: Guid(a270271def2784ad099d6dd0d1cd879b) Importer(815301076,1909f56bfc062723c751e8b465ee728b)
Start importing Assets/RFPSP/Demo/Other/ShantyTown/ChainLinkFence/ChainLinkFence_Mesh.fbx using Guid(a270271def2784ad099d6dd0d1cd879b) Importer(815301076,1909f56bfc062723c751e8b465ee728b)  -> (artifact id: '12ed167f6c65a50162abd7ec3d82b293') in 0.066433 seconds 
========================================================================
Received Import Request.
  Time since last request: 0.000021 seconds.
  path: Assets/RFPSP/Objects/Pickups/Ammo_AK47.prefab
  artifactKey: Guid(7dca59ef6f5e0874d9e3b0786ad91db7) Importer(815301076,1909f56bfc062723c751e8b465ee728b)
Start importing Assets/RFPSP/Objects/Pickups/Ammo_AK47.prefab using Guid(7dca59ef6f5e0874d9e3b0786ad91db7) Importer(815301076,1909f56bfc062723c751e8b465ee728b)  -> (artifact id: '9a586b8ff4e9cdd6efe3f59802c487b3') in 0.020761 seconds 
========================================================================
Received Import Request.
  Time since last request: 0.000025 seconds.
  path: Assets/RFPSP/Demo/Other/ShantyTown/WoodFence/WoodFence.fbx
  artifactKey: Guid(4663c97fecec64493ab9c3d5d552ba0f) Importer(815301076,1909f56bfc062723c751e8b465ee728b)
Start importing Assets/RFPSP/Demo/Other/ShantyTown/WoodFence/WoodFence.fbx using Guid(4663c97fecec64493ab9c3d5d552ba0f) Importer(815301076,1909f56bfc062723c751e8b465ee728b)  -> (artifact id: 'dd8cd27b4f4a99d5929d3f0c3627da3f') in 0.031762 seconds 
========================================================================
Received Import Request.
  Time since last request: 34.766047 seconds.
  path: Assets/RFPSP/Textures/M1911/m1911.jpg
  artifactKey: Guid(ffda71a2ee2346b43939921f6b279105) Importer(815301076,1909f56bfc062723c751e8b465ee728b)
Start importing Assets/RFPSP/Textures/M1911/m1911.jpg using Guid(ffda71a2ee2346b43939921f6b279105) Importer(815301076,1909f56bfc062723c751e8b465ee728b)  -> (artifact id: '1cb042d57b768fd5e77440d5a797394a') in 0.039488 seconds 
========================================================================
Received Import Request.
  Time since last request: 0.000022 seconds.
  path: Assets/RFPSP/Sounds/Weapons/M1911_reload.ogg
  artifactKey: Guid(1a2f8049946201046836fe2873452c78) Importer(815301076,1909f56bfc062723c751e8b465ee728b)
Start importing Assets/RFPSP/Sounds/Weapons/M1911_reload.ogg using Guid(1a2f8049946201046836fe2873452c78) Importer(815301076,1909f56bfc062723c751e8b465ee728b)  -> (artifact id: 'd2936bb9f2ed06a675915b88c78d2e40') in 0.033992 seconds 
========================================================================
Received Import Request.
  Time since last request: 0.000023 seconds.
  path: Assets/RFPSP/Textures/M1911/m1911_normal.jpg
  artifactKey: Guid(9d037e98ce6122f42b6671ff301b43c4) Importer(815301076,1909f56bfc062723c751e8b465ee728b)
Start importing Assets/RFPSP/Textures/M1911/m1911_normal.jpg using Guid(9d037e98ce6122f42b6671ff301b43c4) Importer(815301076,1909f56bfc062723c751e8b465ee728b)  -> (artifact id: 'bc5648e2aa1fed3fa44402f1546c0916') in 0.018860 seconds 
========================================================================
Received Import Request.
  Time since last request: 0.000033 seconds.
  path: Assets/RFPSP/Sounds/Weapons/M1911_ready.ogg
  artifactKey: Guid(c8bff3ffcaa7c8741a8d94e25436413f) Importer(815301076,1909f56bfc062723c751e8b465ee728b)
Start importing Assets/RFPSP/Sounds/Weapons/M1911_ready.ogg using Guid(c8bff3ffcaa7c8741a8d94e25436413f) Importer(815301076,1909f56bfc062723c751e8b465ee728b)  -> (artifact id: '7677a3dd4db81193f56fc3d56f99d214') in 0.023681 seconds 
Editor requested this worker to shutdown with reason: Scaling down because of idle timeout
AssetImportWorker is now disconnected from the server
Process exiting
Exiting without the bug reporter. Application will terminate with return code 0