Using pre-set license
Built from '2021.3/staging' branch; Version is '2021.3.6f1 (7da38d85baf6) revision 8233869'; Using compiler version '192829333'; Build Type 'Release'
OS: 'Windows 10  (10.0.19044) 64bit Core' Language: 'tr' Physical Memory: 16222 MB
BatchMode: 1, IsHumanControllingUs: 0, StartBugReporterOnCrash: 0, Is64bit: 1, IsPro: 1

COMMAND LINE ARGUMENTS:
C:\Program Files\Unity\Hub\Editor\2021.3.6f1\Editor\Unity.exe
-adb2
-batchMode
-noUpm
-name
AssetImportWorker5
-projectPath
C:/Users/Saidt/Documents/GitHub/PPS-Developer-Technical-Case
-logFile
Logs/AssetImportWorker5.log
-srvPort
52060
Successfully changed project path to: C:/Users/Saidt/Documents/GitHub/PPS-Developer-Technical-Case
C:/Users/Saidt/Documents/GitHub/PPS-Developer-Technical-Case
[UnityMemory] Configuration Parameters - Can be set up in boot.config
    "memorysetup-bucket-allocator-granularity=16"
    "memorysetup-bucket-allocator-bucket-count=8"
    "memorysetup-bucket-allocator-block-size=33554432"
    "memorysetup-bucket-allocator-block-count=8"
    "memorysetup-main-allocator-block-size=16777216"
    "memorysetup-thread-allocator-block-size=16777216"
    "memorysetup-gfx-main-allocator-block-size=16777216"
    "memorysetup-gfx-thread-allocator-block-size=16777216"
    "memorysetup-cache-allocator-block-size=4194304"
    "memorysetup-typetree-allocator-block-size=2097152"
    "memorysetup-profiler-bucket-allocator-granularity=16"
    "memorysetup-profiler-bucket-allocator-bucket-count=8"
    "memorysetup-profiler-bucket-allocator-block-size=33554432"
    "memorysetup-profiler-bucket-allocator-block-count=8"
    "memorysetup-profiler-allocator-block-size=16777216"
    "memorysetup-profiler-editor-allocator-block-size=1048576"
    "memorysetup-temp-allocator-size-main=16777216"
    "memorysetup-job-temp-allocator-block-size=2097152"
    "memorysetup-job-temp-allocator-block-size-background=1048576"
    "memorysetup-job-temp-allocator-reduction-small-platforms=262144"
    "memorysetup-temp-allocator-size-background-worker=32768"
    "memorysetup-temp-allocator-size-job-worker=262144"
    "memorysetup-temp-allocator-size-preload-manager=33554432"
    "memorysetup-temp-allocator-size-nav-mesh-worker=65536"
    "memorysetup-temp-allocator-size-audio-worker=65536"
    "memorysetup-temp-allocator-size-cloud-worker=32768"
    "memorysetup-temp-allocator-size-gi-baking-worker=262144"
    "memorysetup-temp-allocator-size-gfx=262144"
Refreshing native plugins compatible for Editor in 112.39 ms, found 3 plugins.
Preloading 0 native plugins for Editor in 0.00 ms.
Initialize engine version: 2021.3.6f1 (7da38d85baf6)
[Subsystems] Discovering subsystems at path C:/Program Files/Unity/Hub/Editor/2021.3.6f1/Editor/Data/Resources/UnitySubsystems
[Subsystems] Discovering subsystems at path C:/Users/Saidt/Documents/GitHub/PPS-Developer-Technical-Case/Assets
GfxDevice: creating device client; threaded=0; jobified=0
Direct3D:
    Version:  Direct3D 11.0 [level 11.1]
    Renderer: NVIDIA GeForce RTX 3060 Laptop GPU (ID=0x2520)
    Vendor:   NVIDIA
    VRAM:     6023 MB
    Driver:   30.0.15.1289
Initialize mono
Mono path[0] = 'C:/Program Files/Unity/Hub/Editor/2021.3.6f1/Editor/Data/Managed'
Mono path[1] = 'C:/Program Files/Unity/Hub/Editor/2021.3.6f1/Editor/Data/MonoBleedingEdge/lib/mono/unityjit-win32'
Mono config path = 'C:/Program Files/Unity/Hub/Editor/2021.3.6f1/Editor/Data/MonoBleedingEdge/etc'
Using monoOptions --debugger-agent=transport=dt_socket,embedding=1,server=y,suspend=n,address=127.0.0.1:56016
Begin MonoManager ReloadAssembly
Registering precompiled unity dll's ...
Register platform support module: C:/Program Files/Unity/Hub/Editor/2021.3.6f1/Editor/Data/PlaybackEngines/AndroidPlayer/UnityEditor.Android.Extensions.dll
Register platform support module: C:/Program Files/Unity/Hub/Editor/2021.3.6f1/Editor/Data/PlaybackEngines/iOSSupport/UnityEditor.iOS.Extensions.dll
Register platform support module: C:/Program Files/Unity/Hub/Editor/2021.3.6f1/Editor/Data/PlaybackEngines/WindowsStandaloneSupport/UnityEditor.WindowsStandalone.Extensions.dll
Registered in 0.011187 seconds.
Native extension for WindowsStandalone target not found
[usbmuxd] Start listen thread
[usbmuxd] Listen thread started
Native extension for iOS target not found
Native extension for Android target not found
Refreshing native plugins compatible for Editor in 89.06 ms, found 3 plugins.
Preloading 0 native plugins for Editor in 0.00 ms.
Mono: successfully reloaded assembly
- Completed reload, in  0.724 seconds
Domain Reload Profiling:
	ReloadAssembly (725ms)
		BeginReloadAssembly (83ms)
			ExecutionOrderSort (0ms)
			DisableScriptedObjects (0ms)
			BackupInstance (0ms)
			ReleaseScriptingObjects (0ms)
			CreateAndSetChildDomain (1ms)
		EndReloadAssembly (512ms)
			LoadAssemblies (81ms)
			RebuildTransferFunctionScriptingTraits (0ms)
			SetupTypeCache (137ms)
			ReleaseScriptCaches (0ms)
			RebuildScriptCaches (29ms)
			SetupLoadedEditorAssemblies (293ms)
				LogAssemblyErrors (0ms)
				InitializePlatformSupportModulesInManaged (63ms)
				SetLoadedEditorAssemblies (0ms)
				RefreshPlugins (89ms)
				BeforeProcessingInitializeOnLoad (1ms)
				ProcessInitializeOnLoadAttributes (97ms)
				ProcessInitializeOnLoadMethodAttributes (42ms)
				AfterProcessingInitializeOnLoad (0ms)
				EditorAssembliesLoaded (0ms)
			ExecutionOrderSort2 (0ms)
			AwakeInstancesAfterBackupRestoration (0ms)
Platform modules already initialized, skipping
Registering precompiled user dll's ...
Registered in 0.005844 seconds.
Begin MonoManager ReloadAssembly
Symbol file LoadedFromMemory doesn't match image C:\Users\Saidt\Documents\GitHub\PPS-Developer-Technical-Case\Library\PackageCache\com.unity.visualscripting@1.7.8\Editor\VisualScripting.Core\Dependencies\YamlDotNet\Unity.VisualScripting.YamlDotNet.dll
Symbol file LoadedFromMemory doesn't match image C:\Users\Saidt\Documents\GitHub\PPS-Developer-Technical-Case\Library\PackageCache\com.unity.visualscripting@1.7.8\Editor\VisualScripting.Core\Dependencies\DotNetZip\Unity.VisualScripting.IonicZip.dll
Native extension for WindowsStandalone target not found
Native extension for iOS target not found
Native extension for Android target not found
Refreshing native plugins compatible for Editor in 0.74 ms, found 3 plugins.
Preloading 0 native plugins for Editor in 0.00 ms.
Mono: successfully reloaded assembly
Package Manager log level set to [2]
- Completed reload, in  1.281 seconds
Domain Reload Profiling:
	ReloadAssembly (1282ms)
		BeginReloadAssembly (229ms)
			ExecutionOrderSort (0ms)
			DisableScriptedObjects (5ms)
			BackupInstance (0ms)
			ReleaseScriptingObjects (0ms)
			CreateAndSetChildDomain (129ms)
		EndReloadAssembly (909ms)
			LoadAssemblies (98ms)
			RebuildTransferFunctionScriptingTraits (0ms)
			SetupTypeCache (307ms)
			ReleaseScriptCaches (1ms)
			RebuildScriptCaches (76ms)
			SetupLoadedEditorAssemblies (372ms)
				LogAssemblyErrors (0ms)
				InitializePlatformSupportModulesInManaged (27ms)
				SetLoadedEditorAssemblies (0ms)
				RefreshPlugins (1ms)
				BeforeProcessingInitializeOnLoad (92ms)
				ProcessInitializeOnLoadAttributes (217ms)
				ProcessInitializeOnLoadMethodAttributes (25ms)
				AfterProcessingInitializeOnLoad (8ms)
				EditorAssembliesLoaded (0ms)
			ExecutionOrderSort2 (0ms)
			AwakeInstancesAfterBackupRestoration (6ms)
Platform modules already initialized, skipping
========================================================================
Worker process is ready to serve import requests
Launched and connected shader compiler UnityShaderCompiler.exe after 0.03 seconds
Refreshing native plugins compatible for Editor in 0.71 ms, found 3 plugins.
Preloading 0 native plugins for Editor in 0.00 ms.
Unloading 3610 Unused Serialized files (Serialized files now loaded: 0)
Unloading 43 unused Assets / (87.3 KB). Loaded Objects now: 4064.
Memory consumption went from 137.3 MB to 137.2 MB.
Total: 3.176000 ms (FindLiveObjects: 0.287200 ms CreateObjectMapping: 0.235300 ms MarkObjects: 2.505000 ms  DeleteObjects: 0.147600 ms)

AssetImportParameters requested are different than current active one (requested -> active):
  custom:video-decoder-ogg-theora: a1e56fd34408186e4bbccfd4996cb3dc -> 
  custom:container-muxer-webm: aa71ff27fc2769a1b78a27578f13a17b -> 
  custom:container-demuxer-webm: 4f35f7cbe854078d1ac9338744f61a02 -> 
  custom:video-encoder-webm-vp8: eb34c28f22e8b96e1ab97ce403110664 -> 
  custom:audio-encoder-webm-vorbis: bf7c407c2cedff20999df2af8eb42d56 -> 
  custom:framework-win-MediaFoundation: 216162199b28c13a410421893ffa2e32 -> 
  custom:container-demuxer-ogg: 62fdf1f143b41e24485cea50d1cbac27 -> 
  custom:video-decoder-webm-vp8: 9c59270c3fd7afecdb556c50c9e8de78 -> 
  custom:audio-decoder-ogg-vorbis: bf7c407c2cedff20999df2af8eb42d56 -> 
========================================================================
Received Import Request.
  Time since last request: 799595.607159 seconds.
  path: Assets/RFPSP/Objects/Pickups/Pickup_Apple_Falling.prefab
  artifactKey: Guid(ff8e1be55ba244d4baec5759b8b947f5) Importer(815301076,1909f56bfc062723c751e8b465ee728b)
Start importing Assets/RFPSP/Objects/Pickups/Pickup_Apple_Falling.prefab using Guid(ff8e1be55ba244d4baec5759b8b947f5) Importer(815301076,1909f56bfc062723c751e8b465ee728b)  -> (artifact id: '9c4f2353552fd79ae47c0bf74e2b3f2c') in 0.150226 seconds 
========================================================================
Received Import Request.
  Time since last request: 0.000024 seconds.
  path: Assets/RFPSP/Demo/Other/Terrain Assets/Trees Ambient-Occlusion/PineWithCollider1.prefab
  artifactKey: Guid(faabe809c9f15324ea5aaf5828208282) Importer(815301076,1909f56bfc062723c751e8b465ee728b)
Start importing Assets/RFPSP/Demo/Other/Terrain Assets/Trees Ambient-Occlusion/PineWithCollider1.prefab using Guid(faabe809c9f15324ea5aaf5828208282) Importer(815301076,1909f56bfc062723c751e8b465ee728b)  -> (artifact id: '18d8251bf171d05f831d71a3f59c7ff4') in 0.028428 seconds 
========================================================================
Received Import Request.
  Time since last request: 0.000062 seconds.
  path: Assets/RFPSP/Objects/NPCs/SoldierNPC/SoldierBadNPCColliders.prefab
  artifactKey: Guid(950c0981e6ac46548891dc71d1cc1ec1) Importer(815301076,1909f56bfc062723c751e8b465ee728b)
Start importing Assets/RFPSP/Objects/NPCs/SoldierNPC/SoldierBadNPCColliders.prefab using Guid(950c0981e6ac46548891dc71d1cc1ec1) Importer(815301076,1909f56bfc062723c751e8b465ee728b)  -> (artifact id: '1ecffe6189b20eaf282ed8e7d19c8d58') in 0.076635 seconds 
========================================================================
Received Import Request.
  Time since last request: 0.000019 seconds.
  path: Assets/TextMesh Pro/Examples & Extras/Prefabs/TextMeshPro - Prefab 2.prefab
  artifactKey: Guid(fdad9d952ae84cafb74c63f2e694d042) Importer(815301076,1909f56bfc062723c751e8b465ee728b)
Start importing Assets/TextMesh Pro/Examples & Extras/Prefabs/TextMeshPro - Prefab 2.prefab using Guid(fdad9d952ae84cafb74c63f2e694d042) Importer(815301076,1909f56bfc062723c751e8b465ee728b)  -> (artifact id: '27fd93429c25e4d79c274e2b8f87af8d') in 0.047937 seconds 
========================================================================
Received Import Request.
  Time since last request: 0.000022 seconds.
  path: Assets/RFPSP/Objects/NPCs/SoldierNPC/SoldierGoodNPC.prefab
  artifactKey: Guid(1ce18950ed652084694a70104213133c) Importer(815301076,1909f56bfc062723c751e8b465ee728b)
Start importing Assets/RFPSP/Objects/NPCs/SoldierNPC/SoldierGoodNPC.prefab using Guid(1ce18950ed652084694a70104213133c) Importer(815301076,1909f56bfc062723c751e8b465ee728b)  -> (artifact id: '5ef5ab45a24abedc5391d477c4823e3e') in 0.037372 seconds 
========================================================================
Received Import Request.
  Time since last request: 0.000028 seconds.
  path: Assets/RFPSP/Objects/Effects/WaterEffects/PlayerSplash.prefab
  artifactKey: Guid(e9b65a6ac1724974bad4019b3b2d9558) Importer(815301076,1909f56bfc062723c751e8b465ee728b)
Start importing Assets/RFPSP/Objects/Effects/WaterEffects/PlayerSplash.prefab using Guid(e9b65a6ac1724974bad4019b3b2d9558) Importer(815301076,1909f56bfc062723c751e8b465ee728b)  -> (artifact id: '5a3e5e65b3f2ba220f032caa126a8132') in 0.010101 seconds 
========================================================================
Received Import Request.
  Time since last request: 0.000024 seconds.
  path: Assets/RFPSP/Objects/Pickups/Pickup_Knife.prefab
  artifactKey: Guid(372035fea30b7e246ab8278cdc4d48b6) Importer(815301076,1909f56bfc062723c751e8b465ee728b)
Start importing Assets/RFPSP/Objects/Pickups/Pickup_Knife.prefab using Guid(372035fea30b7e246ab8278cdc4d48b6) Importer(815301076,1909f56bfc062723c751e8b465ee728b)  -> (artifact id: '0b72190ea58ed6a86b634027e73eb839') in 0.022285 seconds 
========================================================================
Received Import Request.
  Time since last request: 0.000058 seconds.
  path: Assets/TextMesh Pro/Examples & Extras/Prefabs/TextMeshPro - Prefab 1.prefab
  artifactKey: Guid(a6e39ced0ea046bcb636c3f0b2e2a745) Importer(815301076,1909f56bfc062723c751e8b465ee728b)
Start importing Assets/TextMesh Pro/Examples & Extras/Prefabs/TextMeshPro - Prefab 1.prefab using Guid(a6e39ced0ea046bcb636c3f0b2e2a745) Importer(815301076,1909f56bfc062723c751e8b465ee728b)  -> (artifact id: '2be04265a7369d7bc9b583de9c8e643a') in 0.031795 seconds 
========================================================================
Received Import Request.
  Time since last request: 0.000036 seconds.
  path: Assets/RFPSP/Objects/InteractiveObjects/SeaZone.prefab
  artifactKey: Guid(1325da96bc168fd438542c89acd1543d) Importer(815301076,1909f56bfc062723c751e8b465ee728b)
Start importing Assets/RFPSP/Objects/InteractiveObjects/SeaZone.prefab using Guid(1325da96bc168fd438542c89acd1543d) Importer(815301076,1909f56bfc062723c751e8b465ee728b)  -> (artifact id: '61f7cd81e224ab151bcada60a6c91816') in 0.085189 seconds 
========================================================================
Received Import Request.
  Time since last request: 0.000023 seconds.
  path: Assets/RFPSP/Objects/HUD/WaveText.prefab
  artifactKey: Guid(cf77c64d02b310a44a3daad5349c885c) Importer(815301076,1909f56bfc062723c751e8b465ee728b)
Start importing Assets/RFPSP/Objects/HUD/WaveText.prefab using Guid(cf77c64d02b310a44a3daad5349c885c) Importer(815301076,1909f56bfc062723c751e8b465ee728b)  -> (artifact id: 'c68d0bb4d8606ab24265cfd95a727738') in 0.010927 seconds 
========================================================================
Received Import Request.
  Time since last request: 0.000025 seconds.
  path: Assets/RFPSP/Objects/NPCs/SoldierNPC/SoldierBadRagdoll.prefab
  artifactKey: Guid(54ace214021fbd64e8b3f6d726ba7d3f) Importer(815301076,1909f56bfc062723c751e8b465ee728b)
Start importing Assets/RFPSP/Objects/NPCs/SoldierNPC/SoldierBadRagdoll.prefab using Guid(54ace214021fbd64e8b3f6d726ba7d3f) Importer(815301076,1909f56bfc062723c751e8b465ee728b)  -> (artifact id: '4ec0281b0c349db46b2703d651f9aca5') in 0.030833 seconds 
========================================================================
Received Import Request.
  Time since last request: 0.000023 seconds.
  path: Assets/RFPSP/Objects/Pickups/Pickup_Flashlight.prefab
  artifactKey: Guid(695e6f2e90c4f1c4a8537286c7e30dbd) Importer(815301076,1909f56bfc062723c751e8b465ee728b)
Start importing Assets/RFPSP/Objects/Pickups/Pickup_Flashlight.prefab using Guid(695e6f2e90c4f1c4a8537286c7e30dbd) Importer(815301076,1909f56bfc062723c751e8b465ee728b)  -> (artifact id: 'cefb0c1cbf28109620e8b07e849cd148') in 0.017123 seconds 
========================================================================
Received Import Request.
  Time since last request: 0.000020 seconds.
  path: Assets/RFPSP/Objects/NPCs/Managers and Examples/Wave Manager.prefab
  artifactKey: Guid(46c4f02794d90194cbbae007db5fcb0f) Importer(815301076,1909f56bfc062723c751e8b465ee728b)
Start importing Assets/RFPSP/Objects/NPCs/Managers and Examples/Wave Manager.prefab using Guid(46c4f02794d90194cbbae007db5fcb0f) Importer(815301076,1909f56bfc062723c751e8b465ee728b)  -> (artifact id: '98acf3ac2f56ab55c351c237f9b8c47e') in 0.009671 seconds 
========================================================================
Received Import Request.
  Time since last request: 0.000026 seconds.
  path: Assets/RFPSP/Objects/NPCs/RobotNPC/RobotSniper.prefab
  artifactKey: Guid(a3cc0049f3cb7df46917d1187c353d35) Importer(815301076,1909f56bfc062723c751e8b465ee728b)
Start importing Assets/RFPSP/Objects/NPCs/RobotNPC/RobotSniper.prefab using Guid(a3cc0049f3cb7df46917d1187c353d35) Importer(815301076,1909f56bfc062723c751e8b465ee728b)  -> (artifact id: '4dd2137fb1fd4ffffa803fb46a2d7286') in 0.031699 seconds 
========================================================================
Received Import Request.
  Time since last request: 0.000026 seconds.
  path: Assets/RFPSP/Objects/Pickups/Pickup_Katana.prefab
  artifactKey: Guid(248a8e745a66fbe4aa57b63a76dcc418) Importer(815301076,1909f56bfc062723c751e8b465ee728b)
Start importing Assets/RFPSP/Objects/Pickups/Pickup_Katana.prefab using Guid(248a8e745a66fbe4aa57b63a76dcc418) Importer(815301076,1909f56bfc062723c751e8b465ee728b)  -> (artifact id: '3cf2517528ec7c68977eb168d6b801c3') in 0.036729 seconds 
========================================================================
Received Import Request.
  Time since last request: 0.000037 seconds.
  path: Assets/RFPSP/Objects/Pickups/Pickup_Katana_rigidbody.prefab
  artifactKey: Guid(23344d54502c7514ab6a33fefa84632f) Importer(815301076,1909f56bfc062723c751e8b465ee728b)
Start importing Assets/RFPSP/Objects/Pickups/Pickup_Katana_rigidbody.prefab using Guid(23344d54502c7514ab6a33fefa84632f) Importer(815301076,1909f56bfc062723c751e8b465ee728b)  -> (artifact id: 'fb1fba5d21e25b639bf178d46bff95de') in 0.022024 seconds 
========================================================================
Received Import Request.
  Time since last request: 0.747970 seconds.
  path: Assets/RFPSP/Objects/Weapons/ImpactMarks/woodMark3.prefab
  artifactKey: Guid(644687d741d75d941880da48ede11ba2) Importer(815301076,1909f56bfc062723c751e8b465ee728b)
Start importing Assets/RFPSP/Objects/Weapons/ImpactMarks/woodMark3.prefab using Guid(644687d741d75d941880da48ede11ba2) Importer(815301076,1909f56bfc062723c751e8b465ee728b)  -> (artifact id: '0bc9a1969b6de10d8441906b66e0889b') in 0.029931 seconds 
========================================================================
Received Import Request.
  Time since last request: 0.000044 seconds.
  path: Assets/RFPSP/Objects/NPCs/ZombieNPC/ZombieRagdoll.prefab
  artifactKey: Guid(3f69cc38d75976f4cb374cc0be637652) Importer(815301076,1909f56bfc062723c751e8b465ee728b)
Start importing Assets/RFPSP/Objects/NPCs/ZombieNPC/ZombieRagdoll.prefab using Guid(3f69cc38d75976f4cb374cc0be637652) Importer(815301076,1909f56bfc062723c751e8b465ee728b)  -> (artifact id: 'bf152461909be3d26cb8b9d52473cf9d') in 0.042914 seconds 
========================================================================
Received Import Request.
  Time since last request: 0.608284 seconds.
  path: Assets/RFPSP/Objects/InteractiveObjects/Mine.prefab
  artifactKey: Guid(0cd1539bfe1b95145b65240ca7ceccbb) Importer(815301076,1909f56bfc062723c751e8b465ee728b)
Start importing Assets/RFPSP/Objects/InteractiveObjects/Mine.prefab using Guid(0cd1539bfe1b95145b65240ca7ceccbb) Importer(815301076,1909f56bfc062723c751e8b465ee728b)  -> (artifact id: '0ba724d5e7b61382e628663fc6151e3e') in 0.036914 seconds 
========================================================================
Received Import Request.
  Time since last request: 0.000024 seconds.
  path: Assets/RFPSP/Objects/Utilities/ObjectPoolingManager.prefab
  artifactKey: Guid(18c9d1c486b8c9143ba3d5056af946f3) Importer(815301076,1909f56bfc062723c751e8b465ee728b)
Start importing Assets/RFPSP/Objects/Utilities/ObjectPoolingManager.prefab using Guid(18c9d1c486b8c9143ba3d5056af946f3) Importer(815301076,1909f56bfc062723c751e8b465ee728b)  -> (artifact id: 'ff7132866d3c9bbe67a0cb8f35ad8eec') in 0.012510 seconds 
========================================================================
Received Import Request.
  Time since last request: 0.000045 seconds.
  path: Assets/RFPSP/Objects/NPCs/Managers and Examples/NPC Manager.prefab
  artifactKey: Guid(85c8d09a8c977f34197395b892578c61) Importer(815301076,1909f56bfc062723c751e8b465ee728b)
Start importing Assets/RFPSP/Objects/NPCs/Managers and Examples/NPC Manager.prefab using Guid(85c8d09a8c977f34197395b892578c61) Importer(815301076,1909f56bfc062723c751e8b465ee728b)  -> (artifact id: '167d4f5450d5fc67bd204f10a353d57e') in 0.011155 seconds 
========================================================================
Received Import Request.
  Time since last request: 0.000019 seconds.
  path: Assets/RFPSP/Objects/FPS Main Bkup.prefab
  artifactKey: Guid(d1f3be0eff83e16409e52b64908c343c) Importer(815301076,1909f56bfc062723c751e8b465ee728b)
Start importing Assets/RFPSP/Objects/FPS Main Bkup.prefab using Guid(d1f3be0eff83e16409e52b64908c343c) Importer(815301076,1909f56bfc062723c751e8b465ee728b)  -> (artifact id: 'be8d84b9de5483111ec2bd7338ca470b') in 0.230608 seconds 
========================================================================
Received Import Request.
  Time since last request: 0.000029 seconds.
  path: Assets/RFPSP/Objects/NPCs/Managers and Examples/Example Wave Spawners.prefab
  artifactKey: Guid(311c2ffd4f0baab4999d6a7f642efec6) Importer(815301076,1909f56bfc062723c751e8b465ee728b)
Start importing Assets/RFPSP/Objects/NPCs/Managers and Examples/Example Wave Spawners.prefab using Guid(311c2ffd4f0baab4999d6a7f642efec6) Importer(815301076,1909f56bfc062723c751e8b465ee728b)  -> (artifact id: '35275f7fd5c3c9ebf506e1b78d2521f0') in 0.035772 seconds 
========================================================================
Received Import Request.
  Time since last request: 0.000028 seconds.
  path: Assets/RFPSP/Objects/HUD/HungerText.prefab
  artifactKey: Guid(a608301b14e10f940b1b554e32527716) Importer(815301076,1909f56bfc062723c751e8b465ee728b)
Start importing Assets/RFPSP/Objects/HUD/HungerText.prefab using Guid(a608301b14e10f940b1b554e32527716) Importer(815301076,1909f56bfc062723c751e8b465ee728b)  -> (artifact id: '9c48d591770e8b1d768193b392a81726') in 0.010111 seconds 
========================================================================
Received Import Request.
  Time since last request: 0.000035 seconds.
  path: Assets/RFPSP/Objects/Weapons/ImpactMarks/glassMark3.prefab
  artifactKey: Guid(7cd023e688203804893c87129be76242) Importer(815301076,1909f56bfc062723c751e8b465ee728b)
Start importing Assets/RFPSP/Objects/Weapons/ImpactMarks/glassMark3.prefab using Guid(7cd023e688203804893c87129be76242) Importer(815301076,1909f56bfc062723c751e8b465ee728b)  -> (artifact id: 'fb019ff798b53fb6c0d92f02e93272d4') in 0.025065 seconds 
========================================================================
Received Import Request.
  Time since last request: 0.000026 seconds.
  path: Assets/RFPSP/Objects/NPCs/Managers and Examples/Example Faction Spawners.prefab
  artifactKey: Guid(ca13868897f0bd64b996dcbbd4b55a5e) Importer(815301076,1909f56bfc062723c751e8b465ee728b)
Start importing Assets/RFPSP/Objects/NPCs/Managers and Examples/Example Faction Spawners.prefab using Guid(ca13868897f0bd64b996dcbbd4b55a5e) Importer(815301076,1909f56bfc062723c751e8b465ee728b) Tried select unknown importer for id '-2' '00000000000000000000000000000000'
 -> (artifact id: '7389389fb9d611afa4df2ee5c16bfc57') in 0.016734 seconds 
========================================================================
Received Import Request.
  Time since last request: 2.657561 seconds.
  path: Assets/RFPSP/Objects/Weapons/ImpactMarks/BulletMark2.prefab
  artifactKey: Guid(47a4c4c54a7dc954db08bc3f04177593) Importer(815301076,1909f56bfc062723c751e8b465ee728b)
Start importing Assets/RFPSP/Objects/Weapons/ImpactMarks/BulletMark2.prefab using Guid(47a4c4c54a7dc954db08bc3f04177593) Importer(815301076,1909f56bfc062723c751e8b465ee728b)  -> (artifact id: 'ef61cdebb53398c857fa2de61e1f36e1') in 0.027013 seconds 
========================================================================
Received Import Request.
  Time since last request: 0.000057 seconds.
  path: Assets/RFPSP/Objects/Weapons/ImpactMarks/BulletMark3.prefab
  artifactKey: Guid(013a11430f98f2a48b7d79eddb2a2b59) Importer(815301076,1909f56bfc062723c751e8b465ee728b)
Start importing Assets/RFPSP/Objects/Weapons/ImpactMarks/BulletMark3.prefab using Guid(013a11430f98f2a48b7d79eddb2a2b59) Importer(815301076,1909f56bfc062723c751e8b465ee728b)  -> (artifact id: '0cf34e09b9d443044329bbac8b0d6a22') in 0.028519 seconds 
========================================================================
Received Import Request.
  Time since last request: 0.000024 seconds.
  path: Assets/RFPSP/Objects/Effects/ImpactEffects/DirtImpactMelee.prefab
  artifactKey: Guid(d9666821fff5ace44b2b58dedcb4b67c) Importer(815301076,1909f56bfc062723c751e8b465ee728b)
Start importing Assets/RFPSP/Objects/Effects/ImpactEffects/DirtImpactMelee.prefab using Guid(d9666821fff5ace44b2b58dedcb4b67c) Importer(815301076,1909f56bfc062723c751e8b465ee728b)  -> (artifact id: '752e9c6bd0b812c5b45e22becaedcd1f') in 0.011973 seconds 
========================================================================
Received Import Request.
  Time since last request: 0.000034 seconds.
  path: Assets/RFPSP/Objects/Weapons/ImpactEffects/!DirtImpact.prefab
  artifactKey: Guid(343d1aede7d17c64183c8b209f0b2500) Importer(815301076,1909f56bfc062723c751e8b465ee728b)
Start importing Assets/RFPSP/Objects/Weapons/ImpactEffects/!DirtImpact.prefab using Guid(343d1aede7d17c64183c8b209f0b2500) Importer(815301076,1909f56bfc062723c751e8b465ee728b)  -> (artifact id: '27670e33c6fbdc91468ead68e60ed6bb') in 0.009784 seconds 
========================================================================
Received Import Request.
  Time since last request: 0.000045 seconds.
  path: Assets/RFPSP/Objects/Weapons/ImpactEffects/!StoneImpact.prefab
  artifactKey: Guid(bc9e3c9ccea35e4418752c22c5a90f30) Importer(815301076,1909f56bfc062723c751e8b465ee728b)
Start importing Assets/RFPSP/Objects/Weapons/ImpactEffects/!StoneImpact.prefab using Guid(bc9e3c9ccea35e4418752c22c5a90f30) Importer(815301076,1909f56bfc062723c751e8b465ee728b)  -> (artifact id: 'd95e1715f78acb2ec356cb3986a78842') in 0.010224 seconds 
========================================================================
Received Import Request.
  Time since last request: 0.000019 seconds.
  path: Assets/RFPSP/Objects/Pickups/Ammo_Bow.prefab
  artifactKey: Guid(2bdaaccbfb1b4c44e92e590d5081cbcb) Importer(815301076,1909f56bfc062723c751e8b465ee728b)
Start importing Assets/RFPSP/Objects/Pickups/Ammo_Bow.prefab using Guid(2bdaaccbfb1b4c44e92e590d5081cbcb) Importer(815301076,1909f56bfc062723c751e8b465ee728b)  -> (artifact id: '2172c70a11469ced5348c6162f738f28') in 0.030670 seconds 
========================================================================
Received Import Request.
  Time since last request: 0.000019 seconds.
  path: Assets/RFPSP/Objects/HUD/Crosshair.prefab
  artifactKey: Guid(f9f4809a3584d8c44abbf63de28b05d4) Importer(815301076,1909f56bfc062723c751e8b465ee728b)
Start importing Assets/RFPSP/Objects/HUD/Crosshair.prefab using Guid(f9f4809a3584d8c44abbf63de28b05d4) Importer(815301076,1909f56bfc062723c751e8b465ee728b)  -> (artifact id: 'e5fcc497f22496298309eb3c3acd0459') in 0.010283 seconds 
========================================================================
Received Import Request.
  Time since last request: 0.000040 seconds.
  path: Assets/RFPSP/Objects/Effects/ImpactEffects/DirtImpact.prefab
  artifactKey: Guid(f81435b4c5465f44ea8f003a0f9fea66) Importer(815301076,1909f56bfc062723c751e8b465ee728b)
Start importing Assets/RFPSP/Objects/Effects/ImpactEffects/DirtImpact.prefab using Guid(f81435b4c5465f44ea8f003a0f9fea66) Importer(815301076,1909f56bfc062723c751e8b465ee728b)  -> (artifact id: 'a40071d9429df60b0e8814285cb77d6c') in 0.011705 seconds 
========================================================================
Received Import Request.
  Time since last request: 0.000024 seconds.
  path: Assets/RFPSP/Objects/Weapons/ImpactEffects/!Metalmpact.prefab
  artifactKey: Guid(7b3c3d76fa35f9745a9773ef5405ac7b) Importer(815301076,1909f56bfc062723c751e8b465ee728b)
Start importing Assets/RFPSP/Objects/Weapons/ImpactEffects/!Metalmpact.prefab using Guid(7b3c3d76fa35f9745a9773ef5405ac7b) Importer(815301076,1909f56bfc062723c751e8b465ee728b)  -> (artifact id: 'df6d7a20c6f3de37b07dede34ec0a997') in 0.010870 seconds 
========================================================================
Received Import Request.
  Time since last request: 0.000020 seconds.
  path: Assets/RFPSP/Demo/Objects/Barrel.prefab
  artifactKey: Guid(be3e8739261bc194faed689189b08ddc) Importer(815301076,1909f56bfc062723c751e8b465ee728b)
Start importing Assets/RFPSP/Demo/Objects/Barrel.prefab using Guid(be3e8739261bc194faed689189b08ddc) Importer(815301076,1909f56bfc062723c751e8b465ee728b)  -> (artifact id: '182f939bf6b1264f6643cb31a84410d9') in 0.015006 seconds 
========================================================================
Received Import Request.
  Time since last request: 0.000028 seconds.
  path: Assets/RFPSP/Objects/Pickups/Ammo_Shotgun.prefab
  artifactKey: Guid(c9e86e2c880073a488104af78340189c) Importer(815301076,1909f56bfc062723c751e8b465ee728b)
Start importing Assets/RFPSP/Objects/Pickups/Ammo_Shotgun.prefab using Guid(c9e86e2c880073a488104af78340189c) Importer(815301076,1909f56bfc062723c751e8b465ee728b)  -> (artifact id: '2566e42a0fb7370bc40fa46467297a55') in 0.020858 seconds 
========================================================================
Received Prepare
Registering precompiled user dll's ...
Registered in 0.005182 seconds.
Begin MonoManager ReloadAssembly
Symbol file LoadedFromMemory doesn't match image C:\Users\Saidt\Documents\GitHub\PPS-Developer-Technical-Case\Library\PackageCache\com.unity.visualscripting@1.7.8\Editor\VisualScripting.Core\Dependencies\YamlDotNet\Unity.VisualScripting.YamlDotNet.dll
Symbol file LoadedFromMemory doesn't match image C:\Users\Saidt\Documents\GitHub\PPS-Developer-Technical-Case\Library\PackageCache\com.unity.visualscripting@1.7.8\Editor\VisualScripting.Core\Dependencies\DotNetZip\Unity.VisualScripting.IonicZip.dll
Native extension for WindowsStandalone target not found
Native extension for iOS target not found
Native extension for Android target not found
Refreshing native plugins compatible for Editor in 0.80 ms, found 3 plugins.
Preloading 0 native plugins for Editor in 0.00 ms.
Mono: successfully reloaded assembly
- Completed reload, in  1.062 seconds
Domain Reload Profiling:
	ReloadAssembly (1062ms)
		BeginReloadAssembly (135ms)
			ExecutionOrderSort (0ms)
			DisableScriptedObjects (7ms)
			BackupInstance (0ms)
			ReleaseScriptingObjects (0ms)
			CreateAndSetChildDomain (41ms)
		EndReloadAssembly (812ms)
			LoadAssemblies (81ms)
			RebuildTransferFunctionScriptingTraits (0ms)
			SetupTypeCache (255ms)
			ReleaseScriptCaches (1ms)
			RebuildScriptCaches (48ms)
			SetupLoadedEditorAssemblies (373ms)
				LogAssemblyErrors (0ms)
				InitializePlatformSupportModulesInManaged (35ms)
				SetLoadedEditorAssemblies (0ms)
				RefreshPlugins (1ms)
				BeforeProcessingInitializeOnLoad (76ms)
				ProcessInitializeOnLoadAttributes (219ms)
				ProcessInitializeOnLoadMethodAttributes (29ms)
				AfterProcessingInitializeOnLoad (11ms)
				EditorAssembliesLoaded (0ms)
			ExecutionOrderSort2 (0ms)
			AwakeInstancesAfterBackupRestoration (6ms)
Platform modules already initialized, skipping
Refreshing native plugins compatible for Editor in 3.80 ms, found 3 plugins.
Preloading 0 native plugins for Editor in 0.00 ms.
Unloading 3536 Unused Serialized files (Serialized files now loaded: 0)
Unloading 39 unused Assets / (82.0 KB). Loaded Objects now: 4078.
Memory consumption went from 136.6 MB to 136.5 MB.
Total: 2.992900 ms (FindLiveObjects: 0.308700 ms CreateObjectMapping: 0.276900 ms MarkObjects: 2.251300 ms  DeleteObjects: 0.155000 ms)

AssetImportParameters requested are different than current active one (requested -> active):
  custom:video-decoder-ogg-theora: a1e56fd34408186e4bbccfd4996cb3dc -> 
  custom:container-muxer-webm: aa71ff27fc2769a1b78a27578f13a17b -> 
  custom:container-demuxer-webm: 4f35f7cbe854078d1ac9338744f61a02 -> 
  custom:video-encoder-webm-vp8: eb34c28f22e8b96e1ab97ce403110664 -> 
  custom:audio-encoder-webm-vorbis: bf7c407c2cedff20999df2af8eb42d56 -> 
  custom:framework-win-MediaFoundation: 216162199b28c13a410421893ffa2e32 -> 
  custom:container-demuxer-ogg: 62fdf1f143b41e24485cea50d1cbac27 -> 
  custom:video-decoder-webm-vp8: 9c59270c3fd7afecdb556c50c9e8de78 -> 
  custom:audio-decoder-ogg-vorbis: bf7c407c2cedff20999df2af8eb42d56 -> 
========================================================================
Received Prepare
Registering precompiled user dll's ...
Registered in 0.005731 seconds.
Begin MonoManager ReloadAssembly
Symbol file LoadedFromMemory doesn't match image C:\Users\Saidt\Documents\GitHub\PPS-Developer-Technical-Case\Library\PackageCache\com.unity.visualscripting@1.7.8\Editor\VisualScripting.Core\Dependencies\YamlDotNet\Unity.VisualScripting.YamlDotNet.dll
Symbol file LoadedFromMemory doesn't match image C:\Users\Saidt\Documents\GitHub\PPS-Developer-Technical-Case\Library\PackageCache\com.unity.visualscripting@1.7.8\Editor\VisualScripting.Core\Dependencies\DotNetZip\Unity.VisualScripting.IonicZip.dll
Native extension for WindowsStandalone target not found
Native extension for iOS target not found
Native extension for Android target not found
Refreshing native plugins compatible for Editor in 0.89 ms, found 3 plugins.
Preloading 0 native plugins for Editor in 0.00 ms.
Mono: successfully reloaded assembly
- Completed reload, in  1.159 seconds
Domain Reload Profiling:
	ReloadAssembly (1160ms)
		BeginReloadAssembly (149ms)
			ExecutionOrderSort (0ms)
			DisableScriptedObjects (6ms)
			BackupInstance (0ms)
			ReleaseScriptingObjects (0ms)
			CreateAndSetChildDomain (46ms)
		EndReloadAssembly (892ms)
			LoadAssemblies (91ms)
			RebuildTransferFunctionScriptingTraits (0ms)
			SetupTypeCache (261ms)
			ReleaseScriptCaches (1ms)
			RebuildScriptCaches (49ms)
			SetupLoadedEditorAssemblies (419ms)
				LogAssemblyErrors (0ms)
				InitializePlatformSupportModulesInManaged (39ms)
				SetLoadedEditorAssemblies (1ms)
				RefreshPlugins (1ms)
				BeforeProcessingInitializeOnLoad (71ms)
				ProcessInitializeOnLoadAttributes (262ms)
				ProcessInitializeOnLoadMethodAttributes (27ms)
				AfterProcessingInitializeOnLoad (19ms)
				EditorAssembliesLoaded (0ms)
			ExecutionOrderSort2 (0ms)
			AwakeInstancesAfterBackupRestoration (14ms)
Platform modules already initialized, skipping
Refreshing native plugins compatible for Editor in 4.14 ms, found 3 plugins.
Preloading 0 native plugins for Editor in 0.00 ms.
Unloading 3549 Unused Serialized files (Serialized files now loaded: 0)
Unloading 42 unused Assets / (1.2 MB). Loaded Objects now: 4088.
Memory consumption went from 138.6 MB to 137.4 MB.
Total: 4.404700 ms (FindLiveObjects: 0.729700 ms CreateObjectMapping: 0.678100 ms MarkObjects: 2.415200 ms  DeleteObjects: 0.579600 ms)

AssetImportParameters requested are different than current active one (requested -> active):
  custom:video-decoder-ogg-theora: a1e56fd34408186e4bbccfd4996cb3dc -> 
  custom:container-muxer-webm: aa71ff27fc2769a1b78a27578f13a17b -> 
  custom:container-demuxer-webm: 4f35f7cbe854078d1ac9338744f61a02 -> 
  custom:video-encoder-webm-vp8: eb34c28f22e8b96e1ab97ce403110664 -> 
  custom:audio-encoder-webm-vorbis: bf7c407c2cedff20999df2af8eb42d56 -> 
  custom:framework-win-MediaFoundation: 216162199b28c13a410421893ffa2e32 -> 
  custom:container-demuxer-ogg: 62fdf1f143b41e24485cea50d1cbac27 -> 
  custom:video-decoder-webm-vp8: 9c59270c3fd7afecdb556c50c9e8de78 -> 
  custom:audio-decoder-ogg-vorbis: bf7c407c2cedff20999df2af8eb42d56 -> 
========================================================================
Received Import Request.
  Time since last request: 389.902309 seconds.
  path: Assets/_TerrainAutoUpgrade/layer_Cliff (Layered Rock)Cliff (Layered Rock) N4d8a4c79364c446d.terrainlayer
  artifactKey: Guid(5f9160731144c414094c41a000784c1c) Importer(815301076,1909f56bfc062723c751e8b465ee728b)
Start importing Assets/_TerrainAutoUpgrade/layer_Cliff (Layered Rock)Cliff (Layered Rock) N4d8a4c79364c446d.terrainlayer using Guid(5f9160731144c414094c41a000784c1c) Importer(815301076,1909f56bfc062723c751e8b465ee728b)  -> (artifact id: 'db494d614383f6840f3db2efa2a7960f') in 0.105213 seconds 
========================================================================
Received Import Request.
  Time since last request: 0.000025 seconds.
  path: Assets/_TerrainAutoUpgrade/layer_GoodDirta94091e7652eba76.terrainlayer
  artifactKey: Guid(7e75af57f0aec574bb27b3cc2b5e9a00) Importer(815301076,1909f56bfc062723c751e8b465ee728b)
Start importing Assets/_TerrainAutoUpgrade/layer_GoodDirta94091e7652eba76.terrainlayer using Guid(7e75af57f0aec574bb27b3cc2b5e9a00) Importer(815301076,1909f56bfc062723c751e8b465ee728b)  -> (artifact id: '4096386d77adac23fd2f0e0091c45f70') in 0.020816 seconds 
========================================================================
Received Import Request.
  Time since last request: 0.000026 seconds.
  path: Assets/_TerrainAutoUpgrade/layer_Forest Floor3d3aba195e4d26ee.terrainlayer
  artifactKey: Guid(e2cf949b8c263c2468336377f7c12d3c) Importer(815301076,1909f56bfc062723c751e8b465ee728b)
Start importing Assets/_TerrainAutoUpgrade/layer_Forest Floor3d3aba195e4d26ee.terrainlayer using Guid(e2cf949b8c263c2468336377f7c12d3c) Importer(815301076,1909f56bfc062723c751e8b465ee728b)  -> (artifact id: '1d216f5ae9e47552633cd29584cc8a12') in 0.019573 seconds 
========================================================================
Received Import Request.
  Time since last request: 0.000022 seconds.
  path: Assets/_TerrainAutoUpgrade/layer_Grass (Meadows)3d3aba195e4d26ee.terrainlayer
  artifactKey: Guid(741c5811789f80144a086d7f740ffdfb) Importer(815301076,1909f56bfc062723c751e8b465ee728b)
Start importing Assets/_TerrainAutoUpgrade/layer_Grass (Meadows)3d3aba195e4d26ee.terrainlayer using Guid(741c5811789f80144a086d7f740ffdfb) Importer(815301076,1909f56bfc062723c751e8b465ee728b)  -> (artifact id: '4fcdef8a8d78a46bf7f4aa644e9e5389') in 0.024810 seconds 
========================================================================
Received Import Request.
  Time since last request: 0.000017 seconds.
  path: Assets/_TerrainAutoUpgrade/layer_Grass&Rockcd2d2d038030d602.terrainlayer
  artifactKey: Guid(3311ad6eb89808e45bd813042cc10e84) Importer(815301076,1909f56bfc062723c751e8b465ee728b)
Start importing Assets/_TerrainAutoUpgrade/layer_Grass&Rockcd2d2d038030d602.terrainlayer using Guid(3311ad6eb89808e45bd813042cc10e84) Importer(815301076,1909f56bfc062723c751e8b465ee728b)  -> (artifact id: '278e7fc4d677ac401c3d50487781b21a') in 0.017450 seconds 
========================================================================
Received Import Request.
  Time since last request: 0.000022 seconds.
  path: Assets/_TerrainAutoUpgrade/layer_GoodDirtGrass&Rock N15f66eded380a03f.terrainlayer
  artifactKey: Guid(4aa46dd79bc98d7418853596d3979dec) Importer(815301076,1909f56bfc062723c751e8b465ee728b)
Start importing Assets/_TerrainAutoUpgrade/layer_GoodDirtGrass&Rock N15f66eded380a03f.terrainlayer using Guid(4aa46dd79bc98d7418853596d3979dec) Importer(815301076,1909f56bfc062723c751e8b465ee728b)  -> (artifact id: '33111d1bc755f4d51ae5c433587c124c') in 0.019158 seconds 
========================================================================
Received Import Request.
  Time since last request: 0.000029 seconds.
  path: Assets/_TerrainAutoUpgrade/layer_Sand (Beach Wet2)3d3aba195e4d26ee.terrainlayer
  artifactKey: Guid(63b5f62969ce1044e9061940769b7d26) Importer(815301076,1909f56bfc062723c751e8b465ee728b)
Start importing Assets/_TerrainAutoUpgrade/layer_Sand (Beach Wet2)3d3aba195e4d26ee.terrainlayer using Guid(63b5f62969ce1044e9061940769b7d26) Importer(815301076,1909f56bfc062723c751e8b465ee728b)  -> (artifact id: 'd44637667214957f4de480f93c1712f1') in 0.026634 seconds 
========================================================================
Received Import Request.
  Time since last request: 0.000020 seconds.
  path: Assets/_TerrainAutoUpgrade/layer_Grass (Hill)Grass (Hill) N3d3aba195e4d26ee.terrainlayer
  artifactKey: Guid(74582b5288a51024e92f3811f05f3a67) Importer(815301076,1909f56bfc062723c751e8b465ee728b)
Start importing Assets/_TerrainAutoUpgrade/layer_Grass (Hill)Grass (Hill) N3d3aba195e4d26ee.terrainlayer using Guid(74582b5288a51024e92f3811f05f3a67) Importer(815301076,1909f56bfc062723c751e8b465ee728b)  -> (artifact id: '9e776073a8aa3ced125f02fc5567691f') in 0.044478 seconds 
========================================================================
Received Import Request.
  Time since last request: 0.000015 seconds.
  path: Assets/_TerrainAutoUpgrade/layer_Pebbles3d3aba195e4d26ee.terrainlayer
  artifactKey: Guid(9869f65d6c9bc16488452f473c6e47fe) Importer(815301076,1909f56bfc062723c751e8b465ee728b)
Start importing Assets/_TerrainAutoUpgrade/layer_Pebbles3d3aba195e4d26ee.terrainlayer using Guid(9869f65d6c9bc16488452f473c6e47fe) Importer(815301076,1909f56bfc062723c751e8b465ee728b)  -> (artifact id: '6c84da051a93ce373174b76045c4df1a') in 0.019546 seconds 
========================================================================
Received Import Request.
  Time since last request: 0.000017 seconds.
  path: Assets/_TerrainAutoUpgrade/layer_Sand (with pebbles)3d3aba195e4d26ee.terrainlayer
  artifactKey: Guid(38a97a937626cd246a4065749371f494) Importer(815301076,1909f56bfc062723c751e8b465ee728b)
Start importing Assets/_TerrainAutoUpgrade/layer_Sand (with pebbles)3d3aba195e4d26ee.terrainlayer using Guid(38a97a937626cd246a4065749371f494) Importer(815301076,1909f56bfc062723c751e8b465ee728b)  -> (artifact id: '4fba0ed4310ff587ac4a0b1090a47155') in 0.022334 seconds 
Editor requested this worker to shutdown with reason: Scaling down because of idle timeout
AssetImportWorker is now disconnected from the server
Process exiting
Exiting without the bug reporter. Application will terminate with return code 0