Using pre-set license
Built from '2021.3/staging' branch; Version is '2021.3.6f1 (7da38d85baf6) revision 8233869'; Using compiler version '192829333'; Build Type 'Release'
OS: 'Windows 10  (10.0.19044) 64bit Core' Language: 'tr' Physical Memory: 16222 MB
BatchMode: 1, IsHumanControllingUs: 0, StartBugReporterOnCrash: 0, Is64bit: 1, IsPro: 1

COMMAND LINE ARGUMENTS:
C:\Program Files\Unity\Hub\Editor\2021.3.6f1\Editor\Unity.exe
-adb2
-batchMode
-noUpm
-name
AssetImportWorker4
-projectPath
C:/Users/Saidt/Documents/GitHub/PPS-Developer-Technical-Case
-logFile
Logs/AssetImportWorker4.log
-srvPort
52060
Successfully changed project path to: C:/Users/Saidt/Documents/GitHub/PPS-Developer-Technical-Case
C:/Users/Saidt/Documents/GitHub/PPS-Developer-Technical-Case
[UnityMemory] Configuration Parameters - Can be set up in boot.config
    "memorysetup-bucket-allocator-granularity=16"
    "memorysetup-bucket-allocator-bucket-count=8"
    "memorysetup-bucket-allocator-block-size=33554432"
    "memorysetup-bucket-allocator-block-count=8"
    "memorysetup-main-allocator-block-size=16777216"
    "memorysetup-thread-allocator-block-size=16777216"
    "memorysetup-gfx-main-allocator-block-size=16777216"
    "memorysetup-gfx-thread-allocator-block-size=16777216"
    "memorysetup-cache-allocator-block-size=4194304"
    "memorysetup-typetree-allocator-block-size=2097152"
    "memorysetup-profiler-bucket-allocator-granularity=16"
    "memorysetup-profiler-bucket-allocator-bucket-count=8"
    "memorysetup-profiler-bucket-allocator-block-size=33554432"
    "memorysetup-profiler-bucket-allocator-block-count=8"
    "memorysetup-profiler-allocator-block-size=16777216"
    "memorysetup-profiler-editor-allocator-block-size=1048576"
    "memorysetup-temp-allocator-size-main=16777216"
    "memorysetup-job-temp-allocator-block-size=2097152"
    "memorysetup-job-temp-allocator-block-size-background=1048576"
    "memorysetup-job-temp-allocator-reduction-small-platforms=262144"
    "memorysetup-temp-allocator-size-background-worker=32768"
    "memorysetup-temp-allocator-size-job-worker=262144"
    "memorysetup-temp-allocator-size-preload-manager=33554432"
    "memorysetup-temp-allocator-size-nav-mesh-worker=65536"
    "memorysetup-temp-allocator-size-audio-worker=65536"
    "memorysetup-temp-allocator-size-cloud-worker=32768"
    "memorysetup-temp-allocator-size-gi-baking-worker=262144"
    "memorysetup-temp-allocator-size-gfx=262144"
Refreshing native plugins compatible for Editor in 95.06 ms, found 3 plugins.
Preloading 0 native plugins for Editor in 0.00 ms.
Initialize engine version: 2021.3.6f1 (7da38d85baf6)
[Subsystems] Discovering subsystems at path C:/Program Files/Unity/Hub/Editor/2021.3.6f1/Editor/Data/Resources/UnitySubsystems
[Subsystems] Discovering subsystems at path C:/Users/Saidt/Documents/GitHub/PPS-Developer-Technical-Case/Assets
GfxDevice: creating device client; threaded=0; jobified=0
Direct3D:
    Version:  Direct3D 11.0 [level 11.1]
    Renderer: NVIDIA GeForce RTX 3060 Laptop GPU (ID=0x2520)
    Vendor:   NVIDIA
    VRAM:     6023 MB
    Driver:   30.0.15.1289
Shader 'WFX/Transparent Diffuse': fallback shader 'Particles/Alpha Blended' not found
Shader 'WFX/Transparent Specular': fallback shader 'Particles/Alpha Blended' not found
Initialize mono
Mono path[0] = 'C:/Program Files/Unity/Hub/Editor/2021.3.6f1/Editor/Data/Managed'
Mono path[1] = 'C:/Program Files/Unity/Hub/Editor/2021.3.6f1/Editor/Data/MonoBleedingEdge/lib/mono/unityjit-win32'
Mono config path = 'C:/Program Files/Unity/Hub/Editor/2021.3.6f1/Editor/Data/MonoBleedingEdge/etc'
Using monoOptions --debugger-agent=transport=dt_socket,embedding=1,server=y,suspend=n,address=127.0.0.1:56688
Begin MonoManager ReloadAssembly
Registering precompiled unity dll's ...
Register platform support module: C:/Program Files/Unity/Hub/Editor/2021.3.6f1/Editor/Data/PlaybackEngines/AndroidPlayer/UnityEditor.Android.Extensions.dll
Register platform support module: C:/Program Files/Unity/Hub/Editor/2021.3.6f1/Editor/Data/PlaybackEngines/iOSSupport/UnityEditor.iOS.Extensions.dll
Register platform support module: C:/Program Files/Unity/Hub/Editor/2021.3.6f1/Editor/Data/PlaybackEngines/WindowsStandaloneSupport/UnityEditor.WindowsStandalone.Extensions.dll
Registered in 0.008369 seconds.
Native extension for WindowsStandalone target not found
[usbmuxd] Start listen thread
[usbmuxd] Listen thread started
Native extension for iOS target not found
Native extension for Android target not found
Refreshing native plugins compatible for Editor in 92.80 ms, found 3 plugins.
Preloading 0 native plugins for Editor in 0.00 ms.
Mono: successfully reloaded assembly
- Completed reload, in  0.633 seconds
Domain Reload Profiling:
	ReloadAssembly (633ms)
		BeginReloadAssembly (74ms)
			ExecutionOrderSort (0ms)
			DisableScriptedObjects (0ms)
			BackupInstance (0ms)
			ReleaseScriptingObjects (0ms)
			CreateAndSetChildDomain (1ms)
		EndReloadAssembly (455ms)
			LoadAssemblies (72ms)
			RebuildTransferFunctionScriptingTraits (0ms)
			SetupTypeCache (97ms)
			ReleaseScriptCaches (0ms)
			RebuildScriptCaches (26ms)
			SetupLoadedEditorAssemblies (286ms)
				LogAssemblyErrors (0ms)
				InitializePlatformSupportModulesInManaged (64ms)
				SetLoadedEditorAssemblies (0ms)
				RefreshPlugins (93ms)
				BeforeProcessingInitializeOnLoad (1ms)
				ProcessInitializeOnLoadAttributes (87ms)
				ProcessInitializeOnLoadMethodAttributes (40ms)
				AfterProcessingInitializeOnLoad (0ms)
				EditorAssembliesLoaded (0ms)
			ExecutionOrderSort2 (0ms)
			AwakeInstancesAfterBackupRestoration (0ms)
Platform modules already initialized, skipping
Registering precompiled user dll's ...
Registered in 0.006032 seconds.
Begin MonoManager ReloadAssembly
Symbol file LoadedFromMemory doesn't match image C:\Users\Saidt\Documents\GitHub\PPS-Developer-Technical-Case\Library\PackageCache\com.unity.visualscripting@1.7.8\Editor\VisualScripting.Core\Dependencies\YamlDotNet\Unity.VisualScripting.YamlDotNet.dll
Symbol file LoadedFromMemory doesn't match image C:\Users\Saidt\Documents\GitHub\PPS-Developer-Technical-Case\Library\PackageCache\com.unity.visualscripting@1.7.8\Editor\VisualScripting.Core\Dependencies\DotNetZip\Unity.VisualScripting.IonicZip.dll
Native extension for WindowsStandalone target not found
Native extension for iOS target not found
Native extension for Android target not found
Refreshing native plugins compatible for Editor in 0.95 ms, found 3 plugins.
Preloading 0 native plugins for Editor in 0.00 ms.
Mono: successfully reloaded assembly
Package Manager log level set to [2]
- Completed reload, in  1.107 seconds
Domain Reload Profiling:
	ReloadAssembly (1108ms)
		BeginReloadAssembly (214ms)
			ExecutionOrderSort (0ms)
			DisableScriptedObjects (6ms)
			BackupInstance (0ms)
			ReleaseScriptingObjects (0ms)
			CreateAndSetChildDomain (129ms)
		EndReloadAssembly (782ms)
			LoadAssemblies (75ms)
			RebuildTransferFunctionScriptingTraits (0ms)
			SetupTypeCache (213ms)
			ReleaseScriptCaches (1ms)
			RebuildScriptCaches (50ms)
			SetupLoadedEditorAssemblies (394ms)
				LogAssemblyErrors (0ms)
				InitializePlatformSupportModulesInManaged (45ms)
				SetLoadedEditorAssemblies (1ms)
				RefreshPlugins (1ms)
				BeforeProcessingInitializeOnLoad (91ms)
				ProcessInitializeOnLoadAttributes (224ms)
				ProcessInitializeOnLoadMethodAttributes (24ms)
				AfterProcessingInitializeOnLoad (8ms)
				EditorAssembliesLoaded (0ms)
			ExecutionOrderSort2 (0ms)
			AwakeInstancesAfterBackupRestoration (5ms)
Platform modules already initialized, skipping
========================================================================
Worker process is ready to serve import requests
Shader 'WFX/Transparent Diffuse': fallback shader 'Particles/Alpha Blended' not found
Shader 'WFX/Transparent Specular': fallback shader 'Particles/Alpha Blended' not found
Launched and connected shader compiler UnityShaderCompiler.exe after 0.03 seconds
Refreshing native plugins compatible for Editor in 1.18 ms, found 3 plugins.
Preloading 0 native plugins for Editor in 0.00 ms.
Unloading 3628 Unused Serialized files (Serialized files now loaded: 0)
Unloading 43 unused Assets / (87.2 KB). Loaded Objects now: 4082.
Memory consumption went from 139.4 MB to 139.3 MB.
Total: 3.586900 ms (FindLiveObjects: 0.472400 ms CreateObjectMapping: 0.217400 ms MarkObjects: 2.772400 ms  DeleteObjects: 0.123800 ms)

AssetImportParameters requested are different than current active one (requested -> active):
  custom:video-decoder-ogg-theora: a1e56fd34408186e4bbccfd4996cb3dc -> 
  custom:container-muxer-webm: aa71ff27fc2769a1b78a27578f13a17b -> 
  custom:container-demuxer-webm: 4f35f7cbe854078d1ac9338744f61a02 -> 
  custom:video-encoder-webm-vp8: eb34c28f22e8b96e1ab97ce403110664 -> 
  custom:audio-encoder-webm-vorbis: bf7c407c2cedff20999df2af8eb42d56 -> 
  custom:framework-win-MediaFoundation: 216162199b28c13a410421893ffa2e32 -> 
  custom:container-demuxer-ogg: 62fdf1f143b41e24485cea50d1cbac27 -> 
  custom:video-decoder-webm-vp8: 9c59270c3fd7afecdb556c50c9e8de78 -> 
  custom:audio-decoder-ogg-vorbis: bf7c407c2cedff20999df2af8eb42d56 -> 
========================================================================
Received Import Request.
  Time since last request: 799463.827039 seconds.
  path: Assets/JMO Assets/WarFX/Mobile/Textures/MuzzleFlashes/Materials
  artifactKey: Guid(e9d472ef3328e594ba938adb21989792) Importer(815301076,1909f56bfc062723c751e8b465ee728b)
Start importing Assets/JMO Assets/WarFX/Mobile/Textures/MuzzleFlashes/Materials using Guid(e9d472ef3328e594ba938adb21989792) Importer(815301076,1909f56bfc062723c751e8b465ee728b)  -> (artifact id: 'ac7dca5c37e9c4ef9c168e8afc1f1e6e') in 0.012616 seconds 
========================================================================
Received Import Request.
  Time since last request: 0.038669 seconds.
  path: Assets/JMO Assets/WarFX/Mobile/Textures/MuzzleFlashes/Materials/WFXM_T_MF Side RIFLE2 A8.mat
  artifactKey: Guid(ae8bda4bbc7f3a549b607c06de4d9fe1) Importer(815301076,1909f56bfc062723c751e8b465ee728b)
Start importing Assets/JMO Assets/WarFX/Mobile/Textures/MuzzleFlashes/Materials/WFXM_T_MF Side RIFLE2 A8.mat using Guid(ae8bda4bbc7f3a549b607c06de4d9fe1) Importer(815301076,1909f56bfc062723c751e8b465ee728b)  -> (artifact id: 'd74a4d3a178d71256b2f91cab93b9272') in 0.088550 seconds 
========================================================================
Received Import Request.
  Time since last request: 9.437041 seconds.
  path: Assets/JMO Assets/WarFX/Mobile/Textures/Smoke
  artifactKey: Guid(c1f67eed32284fe46968303720ea9049) Importer(815301076,1909f56bfc062723c751e8b465ee728b)
Start importing Assets/JMO Assets/WarFX/Mobile/Textures/Smoke using Guid(c1f67eed32284fe46968303720ea9049) Importer(815301076,1909f56bfc062723c751e8b465ee728b)  -> (artifact id: '17bbe178277bd0364ce4e3f6c7691d96') in 0.006607 seconds 
========================================================================
Received Import Request.
  Time since last request: 0.058924 seconds.
  path: Assets/JMO Assets/WarFX/Mobile/Textures/Smoke/WFXM_T_SmokeLoopAlpha Average.tga
  artifactKey: Guid(d4a2006d08ce68a41a5ca355a39d697e) Importer(815301076,1909f56bfc062723c751e8b465ee728b)
Start importing Assets/JMO Assets/WarFX/Mobile/Textures/Smoke/WFXM_T_SmokeLoopAlpha Average.tga using Guid(d4a2006d08ce68a41a5ca355a39d697e) Importer(815301076,1909f56bfc062723c751e8b465ee728b)  -> (artifact id: 'de4c0e18c91404004719d86635449cf3') in 0.023212 seconds 
========================================================================
Received Import Request.
  Time since last request: 0.000022 seconds.
  path: Assets/JMO Assets/WarFX/Mobile/Textures/Smoke/WFXM_T_SmokeNoise.tga
  artifactKey: Guid(d9e7467f4890a244083c45417bc31ab4) Importer(815301076,1909f56bfc062723c751e8b465ee728b)
Start importing Assets/JMO Assets/WarFX/Mobile/Textures/Smoke/WFXM_T_SmokeNoise.tga using Guid(d9e7467f4890a244083c45417bc31ab4) Importer(815301076,1909f56bfc062723c751e8b465ee728b)  -> (artifact id: '805fa487a4f25ad3887def6b26005202') in 0.029592 seconds 
========================================================================
Received Import Request.
  Time since last request: 7.719814 seconds.
  path: Assets/JMO Assets/WarFX/_Effects/MuzzleFlashes
  artifactKey: Guid(b762e6e4a0af522409158eb257454f9e) Importer(815301076,1909f56bfc062723c751e8b465ee728b)
Start importing Assets/JMO Assets/WarFX/_Effects/MuzzleFlashes using Guid(b762e6e4a0af522409158eb257454f9e) Importer(815301076,1909f56bfc062723c751e8b465ee728b)  -> (artifact id: 'af8fc44d6736e5d2343bcfa01e8f4ae4') in 0.002924 seconds 
========================================================================
Received Import Request.
  Time since last request: 2.581510 seconds.
  path: Assets/JMO Assets/WarFX/_Effects/MuzzleFlashes/FPS
  artifactKey: Guid(6f91af9a955994547876348364b932d4) Importer(815301076,1909f56bfc062723c751e8b465ee728b)
Start importing Assets/JMO Assets/WarFX/_Effects/MuzzleFlashes/FPS using Guid(6f91af9a955994547876348364b932d4) Importer(815301076,1909f56bfc062723c751e8b465ee728b)  -> (artifact id: '4fd8dfa40a693365642a7dc4ba7027af') in 0.009823 seconds 
========================================================================
Received Import Request.
  Time since last request: 0.046246 seconds.
  path: Assets/JMO Assets/WarFX/_Effects/MuzzleFlashes/FPS/WFX_MF FPS RIFLE1.prefab
  artifactKey: Guid(30b4cc2728d8cec499fad63ba93785a4) Importer(815301076,1909f56bfc062723c751e8b465ee728b)
Start importing Assets/JMO Assets/WarFX/_Effects/MuzzleFlashes/FPS/WFX_MF FPS RIFLE1.prefab using Guid(30b4cc2728d8cec499fad63ba93785a4) Importer(815301076,1909f56bfc062723c751e8b465ee728b)  -> (artifact id: 'dd35d240a888040f0d28289b72f75646') in 0.029341 seconds 
========================================================================
Received Import Request.
  Time since last request: 0.000033 seconds.
  path: Assets/JMO Assets/WarFX/_Effects/MuzzleFlashes/FPS/WFX_MF FPS RIFLE3.prefab
  artifactKey: Guid(8eaaa4f553116f44b8459bc24201c514) Importer(815301076,1909f56bfc062723c751e8b465ee728b)
Start importing Assets/JMO Assets/WarFX/_Effects/MuzzleFlashes/FPS/WFX_MF FPS RIFLE3.prefab using Guid(8eaaa4f553116f44b8459bc24201c514) Importer(815301076,1909f56bfc062723c751e8b465ee728b)  -> (artifact id: '4b49c168e650da3723176bab73c38771') in 0.024608 seconds 
========================================================================
Received Import Request.
  Time since last request: 2.155396 seconds.
  path: Assets/JMO Assets/WarFX/Mesh/Plane1x1.FBX
  artifactKey: Guid(9d0862121c112ec4abc229920df08581) Importer(815301076,1909f56bfc062723c751e8b465ee728b)
Start importing Assets/JMO Assets/WarFX/Mesh/Plane1x1.FBX using Guid(9d0862121c112ec4abc229920df08581) Importer(815301076,1909f56bfc062723c751e8b465ee728b)  -> (artifact id: '3a7e14889b6a3befe7c3800a6c0e46b7') in 0.039413 seconds 
========================================================================
Received Prepare
Registering precompiled user dll's ...
Registered in 0.005579 seconds.
Begin MonoManager ReloadAssembly
Symbol file LoadedFromMemory doesn't match image C:\Users\Saidt\Documents\GitHub\PPS-Developer-Technical-Case\Library\PackageCache\com.unity.visualscripting@1.7.8\Editor\VisualScripting.Core\Dependencies\YamlDotNet\Unity.VisualScripting.YamlDotNet.dll
Symbol file LoadedFromMemory doesn't match image C:\Users\Saidt\Documents\GitHub\PPS-Developer-Technical-Case\Library\PackageCache\com.unity.visualscripting@1.7.8\Editor\VisualScripting.Core\Dependencies\DotNetZip\Unity.VisualScripting.IonicZip.dll
Native extension for WindowsStandalone target not found
Native extension for iOS target not found
Native extension for Android target not found
Refreshing native plugins compatible for Editor in 1.45 ms, found 3 plugins.
Preloading 0 native plugins for Editor in 0.00 ms.
Mono: successfully reloaded assembly
- Completed reload, in  1.099 seconds
Domain Reload Profiling:
	ReloadAssembly (1100ms)
		BeginReloadAssembly (145ms)
			ExecutionOrderSort (0ms)
			DisableScriptedObjects (6ms)
			BackupInstance (0ms)
			ReleaseScriptingObjects (0ms)
			CreateAndSetChildDomain (35ms)
		EndReloadAssembly (842ms)
			LoadAssemblies (100ms)
			RebuildTransferFunctionScriptingTraits (0ms)
			SetupTypeCache (304ms)
			ReleaseScriptCaches (1ms)
			RebuildScriptCaches (44ms)
			SetupLoadedEditorAssemblies (362ms)
				LogAssemblyErrors (0ms)
				InitializePlatformSupportModulesInManaged (33ms)
				SetLoadedEditorAssemblies (1ms)
				RefreshPlugins (2ms)
				BeforeProcessingInitializeOnLoad (80ms)
				ProcessInitializeOnLoadAttributes (208ms)
				ProcessInitializeOnLoadMethodAttributes (30ms)
				AfterProcessingInitializeOnLoad (9ms)
				EditorAssembliesLoaded (0ms)
			ExecutionOrderSort2 (0ms)
			AwakeInstancesAfterBackupRestoration (6ms)
Platform modules already initialized, skipping
Shader 'WFX/Transparent Diffuse': fallback shader 'Particles/Alpha Blended' not found
Shader 'WFX/Transparent Specular': fallback shader 'Particles/Alpha Blended' not found
Refreshing native plugins compatible for Editor in 3.43 ms, found 3 plugins.
Preloading 0 native plugins for Editor in 0.00 ms.
Unloading 3536 Unused Serialized files (Serialized files now loaded: 0)
Unloading 41 unused Assets / (56.2 KB). Loaded Objects now: 4125.
Memory consumption went from 135.7 MB to 135.6 MB.
Total: 2.698300 ms (FindLiveObjects: 0.263100 ms CreateObjectMapping: 0.181400 ms MarkObjects: 2.165600 ms  DeleteObjects: 0.087300 ms)

AssetImportParameters requested are different than current active one (requested -> active):
  custom:video-decoder-ogg-theora: a1e56fd34408186e4bbccfd4996cb3dc -> 
  custom:container-muxer-webm: aa71ff27fc2769a1b78a27578f13a17b -> 
  custom:container-demuxer-webm: 4f35f7cbe854078d1ac9338744f61a02 -> 
  custom:video-encoder-webm-vp8: eb34c28f22e8b96e1ab97ce403110664 -> 
  custom:audio-encoder-webm-vorbis: bf7c407c2cedff20999df2af8eb42d56 -> 
  custom:framework-win-MediaFoundation: 216162199b28c13a410421893ffa2e32 -> 
  custom:container-demuxer-ogg: 62fdf1f143b41e24485cea50d1cbac27 -> 
  custom:video-decoder-webm-vp8: 9c59270c3fd7afecdb556c50c9e8de78 -> 
  custom:audio-decoder-ogg-vorbis: bf7c407c2cedff20999df2af8eb42d56 -> 
========================================================================
Received Prepare
Registering precompiled user dll's ...
Registered in 0.005980 seconds.
Begin MonoManager ReloadAssembly
Symbol file LoadedFromMemory doesn't match image C:\Users\Saidt\Documents\GitHub\PPS-Developer-Technical-Case\Library\PackageCache\com.unity.visualscripting@1.7.8\Editor\VisualScripting.Core\Dependencies\YamlDotNet\Unity.VisualScripting.YamlDotNet.dll
Symbol file LoadedFromMemory doesn't match image C:\Users\Saidt\Documents\GitHub\PPS-Developer-Technical-Case\Library\PackageCache\com.unity.visualscripting@1.7.8\Editor\VisualScripting.Core\Dependencies\DotNetZip\Unity.VisualScripting.IonicZip.dll
Native extension for WindowsStandalone target not found
Native extension for iOS target not found
Native extension for Android target not found
Refreshing native plugins compatible for Editor in 0.84 ms, found 3 plugins.
Preloading 0 native plugins for Editor in 0.00 ms.
Mono: successfully reloaded assembly
- Completed reload, in  1.080 seconds
Domain Reload Profiling:
	ReloadAssembly (1081ms)
		BeginReloadAssembly (148ms)
			ExecutionOrderSort (0ms)
			DisableScriptedObjects (5ms)
			BackupInstance (0ms)
			ReleaseScriptingObjects (0ms)
			CreateAndSetChildDomain (40ms)
		EndReloadAssembly (829ms)
			LoadAssemblies (98ms)
			RebuildTransferFunctionScriptingTraits (0ms)
			SetupTypeCache (269ms)
			ReleaseScriptCaches (1ms)
			RebuildScriptCaches (43ms)
			SetupLoadedEditorAssemblies (379ms)
				LogAssemblyErrors (0ms)
				InitializePlatformSupportModulesInManaged (37ms)
				SetLoadedEditorAssemblies (0ms)
				RefreshPlugins (1ms)
				BeforeProcessingInitializeOnLoad (77ms)
				ProcessInitializeOnLoadAttributes (222ms)
				ProcessInitializeOnLoadMethodAttributes (32ms)
				AfterProcessingInitializeOnLoad (10ms)
				EditorAssembliesLoaded (0ms)
			ExecutionOrderSort2 (0ms)
			AwakeInstancesAfterBackupRestoration (6ms)
Platform modules already initialized, skipping
Shader 'WFX/Transparent Diffuse': fallback shader 'Particles/Alpha Blended' not found
Shader 'WFX/Transparent Specular': fallback shader 'Particles/Alpha Blended' not found
Refreshing native plugins compatible for Editor in 3.81 ms, found 3 plugins.
Preloading 0 native plugins for Editor in 0.00 ms.
Unloading 3536 Unused Serialized files (Serialized files now loaded: 0)
Unloading 36 unused Assets / (56.2 KB). Loaded Objects now: 4128.
Memory consumption went from 135.7 MB to 135.6 MB.
Total: 2.883700 ms (FindLiveObjects: 0.304000 ms CreateObjectMapping: 0.221200 ms MarkObjects: 2.279900 ms  DeleteObjects: 0.077400 ms)

AssetImportParameters requested are different than current active one (requested -> active):
  custom:video-decoder-ogg-theora: a1e56fd34408186e4bbccfd4996cb3dc -> 
  custom:container-muxer-webm: aa71ff27fc2769a1b78a27578f13a17b -> 
  custom:container-demuxer-webm: 4f35f7cbe854078d1ac9338744f61a02 -> 
  custom:video-encoder-webm-vp8: eb34c28f22e8b96e1ab97ce403110664 -> 
  custom:audio-encoder-webm-vorbis: bf7c407c2cedff20999df2af8eb42d56 -> 
  custom:framework-win-MediaFoundation: 216162199b28c13a410421893ffa2e32 -> 
  custom:container-demuxer-ogg: 62fdf1f143b41e24485cea50d1cbac27 -> 
  custom:video-decoder-webm-vp8: 9c59270c3fd7afecdb556c50c9e8de78 -> 
  custom:audio-decoder-ogg-vorbis: bf7c407c2cedff20999df2af8eb42d56 -> 
========================================================================
Received Import Request.
  Time since last request: 104.948608 seconds.
  path: Assets/RFPSP/Models/Item and Pickup Models/Ammo_Bow.fbx
  artifactKey: Guid(7abfb5ccf37e7054babcaef2df277ecf) Importer(815301076,1909f56bfc062723c751e8b465ee728b)
Start importing Assets/RFPSP/Models/Item and Pickup Models/Ammo_Bow.fbx using Guid(7abfb5ccf37e7054babcaef2df277ecf) Importer(815301076,1909f56bfc062723c751e8b465ee728b)  -> (artifact id: '4d07435b2abafab382651483b04b6f2f') in 0.141419 seconds 
========================================================================
Received Import Request.
  Time since last request: 0.000033 seconds.
  path: Assets/RFPSP/Demo/Other/RockBlobs/rockBlobFour.fbx
  artifactKey: Guid(05eab95d91a0143cbb7c813fb8f2c89e) Importer(815301076,1909f56bfc062723c751e8b465ee728b)
Start importing Assets/RFPSP/Demo/Other/RockBlobs/rockBlobFour.fbx using Guid(05eab95d91a0143cbb7c813fb8f2c89e) Importer(815301076,1909f56bfc062723c751e8b465ee728b)  -> (artifact id: '410d4f1142c2cc5657cb5803cd6333e8') in 0.050685 seconds 
========================================================================
Received Import Request.
  Time since last request: 0.000026 seconds.
  path: Assets/RFPSP/Demo/Other/Terrain Assets/Bushes/Bush4.fbx
  artifactKey: Guid(ce49fdf7bd118bca11002b7b44295342) Importer(815301076,1909f56bfc062723c751e8b465ee728b)
Start importing Assets/RFPSP/Demo/Other/Terrain Assets/Bushes/Bush4.fbx using Guid(ce49fdf7bd118bca11002b7b44295342) Importer(815301076,1909f56bfc062723c751e8b465ee728b)  -> (artifact id: 'dd1897510b033a5b1925d9daacc215e1') in 0.038208 seconds 
========================================================================
Received Import Request.
  Time since last request: 0.000031 seconds.
  path: Assets/RFPSP/Demo/Other/Terrain Assets/Bushes/Bush3.fbx
  artifactKey: Guid(63d1a9a4bd118bca11002b7b44295342) Importer(815301076,1909f56bfc062723c751e8b465ee728b)
Start importing Assets/RFPSP/Demo/Other/Terrain Assets/Bushes/Bush3.fbx using Guid(63d1a9a4bd118bca11002b7b44295342) Importer(815301076,1909f56bfc062723c751e8b465ee728b)  -> (artifact id: '8b948c008cc3a93a34400beef8a3c3d5') in 0.043106 seconds 
========================================================================
Received Import Request.
  Time since last request: 0.000023 seconds.
  path: Assets/RFPSP/Models/Item and Pickup Models/Pickup_M4.fbx
  artifactKey: Guid(75e033e8133969b43895ec331998c9e8) Importer(815301076,1909f56bfc062723c751e8b465ee728b)
Start importing Assets/RFPSP/Models/Item and Pickup Models/Pickup_M4.fbx using Guid(75e033e8133969b43895ec331998c9e8) Importer(815301076,1909f56bfc062723c751e8b465ee728b)  -> (artifact id: '6d9a16f7e380165b8d02f9f88323f3f4') in 0.058276 seconds 
========================================================================
Received Import Request.
  Time since last request: 0.000017 seconds.
  path: Assets/RFPSP/Demo/Other/bricks/Brick_Brown_03.FBX
  artifactKey: Guid(2b870fdc23e714e74b4cbf822738a8c9) Importer(815301076,1909f56bfc062723c751e8b465ee728b)
Start importing Assets/RFPSP/Demo/Other/bricks/Brick_Brown_03.FBX using Guid(2b870fdc23e714e74b4cbf822738a8c9) Importer(815301076,1909f56bfc062723c751e8b465ee728b)  -> (artifact id: 'fe0edee47821bad22784351d8c9e1726') in 0.044832 seconds 
========================================================================
Received Import Request.
  Time since last request: 0.000025 seconds.
  path: Assets/RFPSP/Objects/NPCs/RobotNPC/Meshes/robot@walk.fbx
  artifactKey: Guid(2c6d0c89bd11ac44d0009d298d76c639) Importer(815301076,1909f56bfc062723c751e8b465ee728b)
Start importing Assets/RFPSP/Objects/NPCs/RobotNPC/Meshes/robot@walk.fbx using Guid(2c6d0c89bd11ac44d0009d298d76c639) Importer(815301076,1909f56bfc062723c751e8b465ee728b)  -> (artifact id: 'ea5b9609a61a88ffabdcc46f6f20d8fe') in 0.070399 seconds 
========================================================================
Received Import Request.
  Time since last request: 0.000027 seconds.
  path: Assets/RFPSP/Demo/Other/Terrain Assets/Bushes/Bush5LowPoly.fbx
  artifactKey: Guid(759a2719bd118bca11002b7b44295342) Importer(815301076,1909f56bfc062723c751e8b465ee728b)
Start importing Assets/RFPSP/Demo/Other/Terrain Assets/Bushes/Bush5LowPoly.fbx using Guid(759a2719bd118bca11002b7b44295342) Importer(815301076,1909f56bfc062723c751e8b465ee728b)  -> (artifact id: 'b049da7b0252e57a52691532ea4ccef3') in 0.025307 seconds 
========================================================================
Received Import Request.
  Time since last request: 0.000050 seconds.
  path: Assets/RFPSP/Demo/Models/fallenlog.fbx
  artifactKey: Guid(8e8dd8246234895448d118ddd5a70f46) Importer(815301076,1909f56bfc062723c751e8b465ee728b)
Start importing Assets/RFPSP/Demo/Models/fallenlog.fbx using Guid(8e8dd8246234895448d118ddd5a70f46) Importer(815301076,1909f56bfc062723c751e8b465ee728b)  -> (artifact id: '1fe7a2a1e0bd7d6d8cd6ba2249f23066') in 0.023833 seconds 
========================================================================
Received Import Request.
  Time since last request: 0.000024 seconds.
  path: Assets/RFPSP/Objects/NPCs/SoldierNPC/Meshes/Mask.fbx
  artifactKey: Guid(03777d9822f2051478e244464c3ea8b3) Importer(815301076,1909f56bfc062723c751e8b465ee728b)
Start importing Assets/RFPSP/Objects/NPCs/SoldierNPC/Meshes/Mask.fbx using Guid(03777d9822f2051478e244464c3ea8b3) Importer(815301076,1909f56bfc062723c751e8b465ee728b)  -> (artifact id: '5b50e6899f7dc271c50ef5d4325250c6') in 0.023215 seconds 
========================================================================
Received Import Request.
  Time since last request: 0.000017 seconds.
  path: Assets/RFPSP/Objects/NPCs/AndroidNPC/Model/Robot Kyle.fbx
  artifactKey: Guid(320b1c2af77554f99a1658df4a6d3d5c) Importer(815301076,1909f56bfc062723c751e8b465ee728b)
Start importing Assets/RFPSP/Objects/NPCs/AndroidNPC/Model/Robot Kyle.fbx using Guid(320b1c2af77554f99a1658df4a6d3d5c) Importer(815301076,1909f56bfc062723c751e8b465ee728b)  -> (artifact id: '4a5f1bdd62fe2fe2c5265c4eae9b9c54') in 0.054490 seconds 
========================================================================
Received Import Request.
  Time since last request: 0.000016 seconds.
  path: Assets/RFPSP/Objects/NPCs/AndroidNPC/Animation/Idle.fbx
  artifactKey: Guid(dffa50cfe77e0434bbfa71245b3dd529) Importer(815301076,1909f56bfc062723c751e8b465ee728b)
Start importing Assets/RFPSP/Objects/NPCs/AndroidNPC/Animation/Idle.fbx using Guid(dffa50cfe77e0434bbfa71245b3dd529) Importer(815301076,1909f56bfc062723c751e8b465ee728b)  -> (artifact id: '8d23721df28a344c80aff0960349c3ee') in 0.022707 seconds 
========================================================================
Received Import Request.
  Time since last request: 0.000023 seconds.
  path: Assets/RFPSP/Models/Weapon Effects/BulletShell.fbx
  artifactKey: Guid(c7d045edac7c2d4458783fac40018c00) Importer(815301076,1909f56bfc062723c751e8b465ee728b)
Start importing Assets/RFPSP/Models/Weapon Effects/BulletShell.fbx using Guid(c7d045edac7c2d4458783fac40018c00) Importer(815301076,1909f56bfc062723c751e8b465ee728b)  -> (artifact id: '907c4f89592fe30e0c213384217f31f4') in 0.030309 seconds 
========================================================================
Received Import Request.
  Time since last request: 0.000019 seconds.
  path: Assets/RFPSP/Models/Item and Pickup Models/Pickup_Apple.fbx
  artifactKey: Guid(3d3bb749a4dd6f441b4f9734047b400b) Importer(815301076,1909f56bfc062723c751e8b465ee728b)
Start importing Assets/RFPSP/Models/Item and Pickup Models/Pickup_Apple.fbx using Guid(3d3bb749a4dd6f441b4f9734047b400b) Importer(815301076,1909f56bfc062723c751e8b465ee728b)  -> (artifact id: '8158544ab6118b42125a492885779b95') in 0.022703 seconds 
========================================================================
Received Import Request.
  Time since last request: 0.000029 seconds.
  path: Assets/RFPSP/Models/Player/M4.fbx
  artifactKey: Guid(7350c439920074a58a63ca710c013777) Importer(815301076,1909f56bfc062723c751e8b465ee728b)
Start importing Assets/RFPSP/Models/Player/M4.fbx using Guid(7350c439920074a58a63ca710c013777) Importer(815301076,1909f56bfc062723c751e8b465ee728b)  -> (artifact id: '983b5083e7b84c7223a575f488b53e04') in 0.022473 seconds 
========================================================================
Received Import Request.
  Time since last request: 0.000031 seconds.
  path: Assets/RFPSP/Demo/Models/Barrel.fbx
  artifactKey: Guid(b89389639d4c4ff488239821f65a4cef) Importer(815301076,1909f56bfc062723c751e8b465ee728b)
Start importing Assets/RFPSP/Demo/Models/Barrel.fbx using Guid(b89389639d4c4ff488239821f65a4cef) Importer(815301076,1909f56bfc062723c751e8b465ee728b)  -> (artifact id: '04474d1d627aae9b51e8132382358220') in 0.023683 seconds 
========================================================================
Received Import Request.
  Time since last request: 0.000019 seconds.
  path: Assets/RFPSP/Demo/Other/Boat/Meshes/Boat.FBX
  artifactKey: Guid(d7faa63b2effdda45a4fbf4bf8137f55) Importer(815301076,1909f56bfc062723c751e8b465ee728b)
Start importing Assets/RFPSP/Demo/Other/Boat/Meshes/Boat.FBX using Guid(d7faa63b2effdda45a4fbf4bf8137f55) Importer(815301076,1909f56bfc062723c751e8b465ee728b)  -> (artifact id: '55f1fb00028c46f40ac162d71dbd1397') in 0.039203 seconds 
========================================================================
Received Import Request.
  Time since last request: 0.000019 seconds.
  path: Assets/RFPSP/Models/Item and Pickup Models/Pickup_Bow.fbx
  artifactKey: Guid(c4e482e221a090b40adf319bb39bec5b) Importer(815301076,1909f56bfc062723c751e8b465ee728b)
Start importing Assets/RFPSP/Models/Item and Pickup Models/Pickup_Bow.fbx using Guid(c4e482e221a090b40adf319bb39bec5b) Importer(815301076,1909f56bfc062723c751e8b465ee728b)  -> (artifact id: 'a0dbf6fbdc017c95f1a8a706d2a21c9b') in 0.026564 seconds 
========================================================================
Received Import Request.
  Time since last request: 0.000024 seconds.
  path: Assets/RFPSP/Demo/Models/LogHouse.fbx
  artifactKey: Guid(c5b853188ff943a46913644c6be54724) Importer(815301076,1909f56bfc062723c751e8b465ee728b)
Start importing Assets/RFPSP/Demo/Models/LogHouse.fbx using Guid(c5b853188ff943a46913644c6be54724) Importer(815301076,1909f56bfc062723c751e8b465ee728b)  -> (artifact id: '8cb6180d8c925040bed84974919b4293') in 0.041390 seconds 
========================================================================
Received Import Request.
  Time since last request: 0.000033 seconds.
  path: Assets/RFPSP/Image Effects/Environment/Water/Water4/Models/OceanPlane.FBX
  artifactKey: Guid(681e41ee1260343b395ca58745c94870) Importer(815301076,1909f56bfc062723c751e8b465ee728b)
Start importing Assets/RFPSP/Image Effects/Environment/Water/Water4/Models/OceanPlane.FBX using Guid(681e41ee1260343b395ca58745c94870) Importer(815301076,1909f56bfc062723c751e8b465ee728b)  -> (artifact id: '333be2fa55bdb2e189fde4bfcb9ab2f2') in 0.038853 seconds 
========================================================================
Received Import Request.
  Time since last request: 0.000019 seconds.
  path: Assets/RFPSP/Demo/Other/Terrain Assets/Bushes/ReedMesh.fbx
  artifactKey: Guid(3d6ce7fb52fcc9444a46f7d50177b954) Importer(815301076,1909f56bfc062723c751e8b465ee728b)
Start importing Assets/RFPSP/Demo/Other/Terrain Assets/Bushes/ReedMesh.fbx using Guid(3d6ce7fb52fcc9444a46f7d50177b954) Importer(815301076,1909f56bfc062723c751e8b465ee728b)  -> (artifact id: '192075c59c7a09793ef7c0eb971d3724') in 0.025986 seconds 
========================================================================
Received Import Request.
  Time since last request: 0.000025 seconds.
  path: Assets/RFPSP/Demo/Other/bricks/Brick_Brown_01.FBX
  artifactKey: Guid(9e111460b57f7486894a0233b20784af) Importer(815301076,1909f56bfc062723c751e8b465ee728b)
Start importing Assets/RFPSP/Demo/Other/bricks/Brick_Brown_01.FBX using Guid(9e111460b57f7486894a0233b20784af) Importer(815301076,1909f56bfc062723c751e8b465ee728b)  -> (artifact id: 'f9fd82a935e4a3a54f6bc4bddbe5bbfb') in 0.024738 seconds 
========================================================================
Received Import Request.
  Time since last request: 0.000029 seconds.
  path: Assets/RFPSP/Objects/NPCs/RobotNPC/Meshes/robot@run.fbx
  artifactKey: Guid(6a344666bd11ac44d0009d298d76c639) Importer(815301076,1909f56bfc062723c751e8b465ee728b)
Start importing Assets/RFPSP/Objects/NPCs/RobotNPC/Meshes/robot@run.fbx using Guid(6a344666bd11ac44d0009d298d76c639) Importer(815301076,1909f56bfc062723c751e8b465ee728b)  -> (artifact id: '52f56fa2bdeb370731682369edbac8df') in 0.058531 seconds 
========================================================================
Received Import Request.
  Time since last request: 1.252656 seconds.
  path: Assets/RFPSP/Demo/Other/RockBlobs/rockBlobOne.fbx
  artifactKey: Guid(42b0d1dc1292f462e9262bf8019d9b1c) Importer(815301076,1909f56bfc062723c751e8b465ee728b)
Start importing Assets/RFPSP/Demo/Other/RockBlobs/rockBlobOne.fbx using Guid(42b0d1dc1292f462e9262bf8019d9b1c) Importer(815301076,1909f56bfc062723c751e8b465ee728b)  -> (artifact id: '8177b8f2eaafe5537b0ca07d5238bbcb') in 0.028518 seconds 
========================================================================
Received Import Request.
  Time since last request: 0.000027 seconds.
  path: Assets/RFPSP/Demo/Other/RockBlobs/rockBlobThree.fbx
  artifactKey: Guid(e1522ba520a52414787bb00e2b57710b) Importer(815301076,1909f56bfc062723c751e8b465ee728b)
Start importing Assets/RFPSP/Demo/Other/RockBlobs/rockBlobThree.fbx using Guid(e1522ba520a52414787bb00e2b57710b) Importer(815301076,1909f56bfc062723c751e8b465ee728b)  -> (artifact id: '0e97b8507b5ee1f74da883ac3b258666') in 0.026645 seconds 
========================================================================
Received Import Request.
  Time since last request: 0.000058 seconds.
  path: Assets/RFPSP/Objects/NPCs/SoldierNPC/Meshes/Anims/Soldier@crouchstrafeleft.fbx
  artifactKey: Guid(27ce78e72dea54a41abe35c85e741228) Importer(815301076,1909f56bfc062723c751e8b465ee728b)
Start importing Assets/RFPSP/Objects/NPCs/SoldierNPC/Meshes/Anims/Soldier@crouchstrafeleft.fbx using Guid(27ce78e72dea54a41abe35c85e741228) Importer(815301076,1909f56bfc062723c751e8b465ee728b)  -> (artifact id: '2c8845733658c35c3872f9f44a03fb2d') in 0.018516 seconds 
========================================================================
Received Import Request.
  Time since last request: 0.000022 seconds.
  path: Assets/RFPSP/Objects/NPCs/SoldierNPC/Meshes/Anims/Soldier@crouchidleOrig.fbx
  artifactKey: Guid(f8977cc031917564a86da25028427fd1) Importer(815301076,1909f56bfc062723c751e8b465ee728b)
Start importing Assets/RFPSP/Objects/NPCs/SoldierNPC/Meshes/Anims/Soldier@crouchidleOrig.fbx using Guid(f8977cc031917564a86da25028427fd1) Importer(815301076,1909f56bfc062723c751e8b465ee728b)  -> (artifact id: 'd5236ebebd134afce0c764e9fc978ca4') in 0.022823 seconds 
========================================================================
Received Import Request.
  Time since last request: 0.000021 seconds.
  path: Assets/RFPSP/Objects/NPCs/SoldierNPC/Meshes/Anims/Soldier@idle.FBX
  artifactKey: Guid(484f119d08c4c11458e1133fa39ba411) Importer(815301076,1909f56bfc062723c751e8b465ee728b)
Start importing Assets/RFPSP/Objects/NPCs/SoldierNPC/Meshes/Anims/Soldier@idle.FBX using Guid(484f119d08c4c11458e1133fa39ba411) Importer(815301076,1909f56bfc062723c751e8b465ee728b)  -> (artifact id: 'ad57db893e559d19ae6c6ab9094d0fe1') in 0.020628 seconds 
========================================================================
Received Import Request.
  Time since last request: 0.000025 seconds.
  path: Assets/RFPSP/Models/Player/visor.fbx
  artifactKey: Guid(4e5702d0a3dc3ea4ea1e283d73f233ed) Importer(815301076,1909f56bfc062723c751e8b465ee728b)
Start importing Assets/RFPSP/Models/Player/visor.fbx using Guid(4e5702d0a3dc3ea4ea1e283d73f233ed) Importer(815301076,1909f56bfc062723c751e8b465ee728b)  -> (artifact id: 'f8774e6b221e31126fecee05a6a962a5') in 0.020103 seconds 
========================================================================
Received Import Request.
  Time since last request: 0.000029 seconds.
  path: Assets/RFPSP/Models/Player/unity_pilot_01BC.FBX
  artifactKey: Guid(7a2e6c216d01d1649b50691291befc2d) Importer(815301076,1909f56bfc062723c751e8b465ee728b)
Start importing Assets/RFPSP/Models/Player/unity_pilot_01BC.FBX using Guid(7a2e6c216d01d1649b50691291befc2d) Importer(815301076,1909f56bfc062723c751e8b465ee728b)  -> (artifact id: '56ce6aa5127657764a1ff56acca04a6a') in 0.055769 seconds 
========================================================================
Received Import Request.
  Time since last request: 0.000023 seconds.
  path: Assets/RFPSP/Objects/NPCs/SoldierNPC/Meshes/Anims/Soldier@idle2.FBX
  artifactKey: Guid(b1e40271e55021b488bd7f0eaf66b9b2) Importer(815301076,1909f56bfc062723c751e8b465ee728b)
Start importing Assets/RFPSP/Objects/NPCs/SoldierNPC/Meshes/Anims/Soldier@idle2.FBX using Guid(b1e40271e55021b488bd7f0eaf66b9b2) Importer(815301076,1909f56bfc062723c751e8b465ee728b)  -> (artifact id: '3a60b109ec8ae73b42b0988aa66deb4d') in 0.017830 seconds 
========================================================================
Received Import Request.
  Time since last request: 0.000020 seconds.
  path: Assets/RFPSP/Objects/NPCs/AndroidNPC/Animation/Walk Turn Sharp.fbx
  artifactKey: Guid(bb141fc9a700c9c4ca7e6dadb8acf24b) Importer(815301076,1909f56bfc062723c751e8b465ee728b)
Start importing Assets/RFPSP/Objects/NPCs/AndroidNPC/Animation/Walk Turn Sharp.fbx using Guid(bb141fc9a700c9c4ca7e6dadb8acf24b) Importer(815301076,1909f56bfc062723c751e8b465ee728b)  -> (artifact id: '33a915483318b4a085ee25f2c87582ca') in 0.018889 seconds 
========================================================================
Received Import Request.
  Time since last request: 0.000031 seconds.
  path: Assets/RFPSP/Objects/NPCs/SoldierNPC/Meshes/Anims/Soldier@crouchstraferight.fbx
  artifactKey: Guid(d4dc6844673565041b78e7b7eb9697ec) Importer(815301076,1909f56bfc062723c751e8b465ee728b)
Start importing Assets/RFPSP/Objects/NPCs/SoldierNPC/Meshes/Anims/Soldier@crouchstraferight.fbx using Guid(d4dc6844673565041b78e7b7eb9697ec) Importer(815301076,1909f56bfc062723c751e8b465ee728b)  -> (artifact id: '401082df9b185608e0a1341da68f8c09') in 0.016046 seconds 
========================================================================
Received Import Request.
  Time since last request: 0.000017 seconds.
  path: Assets/RFPSP/Objects/NPCs/AndroidNPC/Animation/Run Turn.fbx
  artifactKey: Guid(1062212255550964e974f3ffb3cbaae3) Importer(815301076,1909f56bfc062723c751e8b465ee728b)
Start importing Assets/RFPSP/Objects/NPCs/AndroidNPC/Animation/Run Turn.fbx using Guid(1062212255550964e974f3ffb3cbaae3) Importer(815301076,1909f56bfc062723c751e8b465ee728b)  -> (artifact id: '7f1c2eb949bdf13a3116d2184daaf094') in 0.018515 seconds 
========================================================================
Received Import Request.
  Time since last request: 0.000027 seconds.
  path: Assets/RFPSP/Objects/NPCs/SoldierNPC/Meshes/Anims/Soldier@jump.FBX
  artifactKey: Guid(31c891f7f3c36264096b5182778a5a8c) Importer(815301076,1909f56bfc062723c751e8b465ee728b)
Start importing Assets/RFPSP/Objects/NPCs/SoldierNPC/Meshes/Anims/Soldier@jump.FBX using Guid(31c891f7f3c36264096b5182778a5a8c) Importer(815301076,1909f56bfc062723c751e8b465ee728b)  -> (artifact id: '7fb272c68761f4885528c20fb124aa02') in 0.014766 seconds 
========================================================================
Received Import Request.
  Time since last request: 0.000034 seconds.
  path: Assets/RFPSP/Objects/NPCs/SoldierNPC/Meshes/Anims/Soldier@crouchwalk.fbx
  artifactKey: Guid(1d114d14c70441c4d968af12770f32d7) Importer(815301076,1909f56bfc062723c751e8b465ee728b)
Start importing Assets/RFPSP/Objects/NPCs/SoldierNPC/Meshes/Anims/Soldier@crouchwalk.fbx using Guid(1d114d14c70441c4d968af12770f32d7) Importer(815301076,1909f56bfc062723c751e8b465ee728b)  -> (artifact id: 'a8d5ccacc85d2e86452c1441934f9fc4') in 0.014610 seconds 
========================================================================
Received Import Request.
  Time since last request: 0.000031 seconds.
  path: Assets/RFPSP/Objects/NPCs/AndroidNPC/Animation/Walk.fbx
  artifactKey: Guid(b1a5e04ae51004842aba06704a6c2903) Importer(815301076,1909f56bfc062723c751e8b465ee728b)
Start importing Assets/RFPSP/Objects/NPCs/AndroidNPC/Animation/Walk.fbx using Guid(b1a5e04ae51004842aba06704a6c2903) Importer(815301076,1909f56bfc062723c751e8b465ee728b)  -> (artifact id: 'dffc9061158f34a2dd01becdba7e5378') in 0.021066 seconds 
========================================================================
Received Import Request.
  Time since last request: 0.000039 seconds.
  path: Assets/RFPSP/Demo/Models/Shelf.fbx
  artifactKey: Guid(13d982551ef119b47a47808145367364) Importer(815301076,1909f56bfc062723c751e8b465ee728b)
Start importing Assets/RFPSP/Demo/Models/Shelf.fbx using Guid(13d982551ef119b47a47808145367364) Importer(815301076,1909f56bfc062723c751e8b465ee728b)  -> (artifact id: 'b7aebd1c3b6f8d1047a12e7fb597569f') in 0.045666 seconds 
========================================================================
Received Import Request.
  Time since last request: 0.000022 seconds.
  path: Assets/RFPSP/Objects/NPCs/SoldierNPC/Meshes/Anims/Soldier@crouchstraferightOrig.fbx
  artifactKey: Guid(2cf6daf752315c54796b1ef2d02bf65e) Importer(815301076,1909f56bfc062723c751e8b465ee728b)
Start importing Assets/RFPSP/Objects/NPCs/SoldierNPC/Meshes/Anims/Soldier@crouchstraferightOrig.fbx using Guid(2cf6daf752315c54796b1ef2d02bf65e) Importer(815301076,1909f56bfc062723c751e8b465ee728b)  -> (artifact id: '41ae375ae3966f5ae6b66226e7e0f33a') in 0.021700 seconds 
========================================================================
Received Import Request.
  Time since last request: 0.000023 seconds.
  path: Assets/RFPSP/Image Effects/Environment/Water (Basic)/Models/WaterBasicPlane.fbx
  artifactKey: Guid(0aea7086c16b71348868bbbe627a5d39) Importer(815301076,1909f56bfc062723c751e8b465ee728b)
Start importing Assets/RFPSP/Image Effects/Environment/Water (Basic)/Models/WaterBasicPlane.fbx using Guid(0aea7086c16b71348868bbbe627a5d39) Importer(815301076,1909f56bfc062723c751e8b465ee728b)  -> (artifact id: '88ad3eb06af22b66c64f4d2273c1e246') in 0.025241 seconds 
========================================================================
Received Import Request.
  Time since last request: 0.000029 seconds.
  path: Assets/RFPSP/Demo/Other/TableWood/Table_Wood.FBX
  artifactKey: Guid(82bd091e663ee4f1cab914b91dc937e8) Importer(815301076,1909f56bfc062723c751e8b465ee728b)
Start importing Assets/RFPSP/Demo/Other/TableWood/Table_Wood.FBX using Guid(82bd091e663ee4f1cab914b91dc937e8) Importer(815301076,1909f56bfc062723c751e8b465ee728b)  -> (artifact id: 'ebad60b6c48dea7214dac51f9af5fdf7') in 0.041881 seconds 
========================================================================
Received Import Request.
  Time since last request: 0.000019 seconds.
  path: Assets/RFPSP/Demo/Models/SmallRock2.fbx
  artifactKey: Guid(d8181c9b82569d5439a3503944c24c3c) Importer(815301076,1909f56bfc062723c751e8b465ee728b)
Start importing Assets/RFPSP/Demo/Models/SmallRock2.fbx using Guid(d8181c9b82569d5439a3503944c24c3c) Importer(815301076,1909f56bfc062723c751e8b465ee728b)  -> (artifact id: 'fd5ccb9710976793ad7729dd95ffa83e') in 0.031268 seconds 
========================================================================
Received Import Request.
  Time since last request: 0.000026 seconds.
  path: Assets/RFPSP/Demo/Other/ShantyTown/WoodPlank/WoodPlank.fbx
  artifactKey: Guid(6f2a484e63c8b49438d4686be12b3103) Importer(815301076,1909f56bfc062723c751e8b465ee728b)
Start importing Assets/RFPSP/Demo/Other/ShantyTown/WoodPlank/WoodPlank.fbx using Guid(6f2a484e63c8b49438d4686be12b3103) Importer(815301076,1909f56bfc062723c751e8b465ee728b)  -> (artifact id: 'cb6aa69ba6ac61465c73eeca738b1810') in 0.044191 seconds 
========================================================================
Received Import Request.
  Time since last request: 0.000027 seconds.
  path: Assets/RFPSP/Objects/NPCs/SoldierNPC/Meshes/Soldier.fbx
  artifactKey: Guid(2e48c6ed0a1314879b908d9786d87c9b) Importer(815301076,1909f56bfc062723c751e8b465ee728b)
Start importing Assets/RFPSP/Objects/NPCs/SoldierNPC/Meshes/Soldier.fbx using Guid(2e48c6ed0a1314879b908d9786d87c9b) Importer(815301076,1909f56bfc062723c751e8b465ee728b)  -> (artifact id: '5d33e8d63e5696b289b9e44ec09930c8') in 0.049570 seconds 
========================================================================
Received Import Request.
  Time since last request: 0.000030 seconds.
  path: Assets/RFPSP/Objects/NPCs/SoldierNPC/Meshes/Anims/Soldier@crouchstrafeleftOrig.fbx
  artifactKey: Guid(f450c7b0df6b3dc48b235cbe46c9bc61) Importer(815301076,1909f56bfc062723c751e8b465ee728b)
Start importing Assets/RFPSP/Objects/NPCs/SoldierNPC/Meshes/Anims/Soldier@crouchstrafeleftOrig.fbx using Guid(f450c7b0df6b3dc48b235cbe46c9bc61) Importer(815301076,1909f56bfc062723c751e8b465ee728b)  -> (artifact id: 'b7ca91948171f53cf56c1416de6da2f8') in 0.022499 seconds 
========================================================================
Received Import Request.
  Time since last request: 0.000025 seconds.
  path: Assets/RFPSP/Objects/NPCs/SoldierNPC/Meshes/Anims/Soldier@run.FBX
  artifactKey: Guid(4bea189f5a8e647f08c31194e4939463) Importer(815301076,1909f56bfc062723c751e8b465ee728b)
Start importing Assets/RFPSP/Objects/NPCs/SoldierNPC/Meshes/Anims/Soldier@run.FBX using Guid(4bea189f5a8e647f08c31194e4939463) Importer(815301076,1909f56bfc062723c751e8b465ee728b)  -> (artifact id: '18d1150c81fc7e543408f1df5f7a8fc7') in 0.014723 seconds 
========================================================================
Received Import Request.
  Time since last request: 1.336061 seconds.
  path: Assets/RFPSP/Objects/Pickups/Pickup_AK47.prefab
  artifactKey: Guid(d257e485fd3d70e49a256ebc5c949ae3) Importer(815301076,1909f56bfc062723c751e8b465ee728b)
Start importing Assets/RFPSP/Objects/Pickups/Pickup_AK47.prefab using Guid(d257e485fd3d70e49a256ebc5c949ae3) Importer(815301076,1909f56bfc062723c751e8b465ee728b)  -> (artifact id: 'f9ad1e7c3b80a860b2dba9dbd03b72ff') in 0.061395 seconds 
========================================================================
Received Import Request.
  Time since last request: 0.000021 seconds.
  path: Assets/RFPSP/Objects/Pickups/Pickup_Knife_rigidbody.prefab
  artifactKey: Guid(ca35d7c2a6cb3024990e600b7d1a1059) Importer(815301076,1909f56bfc062723c751e8b465ee728b)
Start importing Assets/RFPSP/Objects/Pickups/Pickup_Knife_rigidbody.prefab using Guid(ca35d7c2a6cb3024990e600b7d1a1059) Importer(815301076,1909f56bfc062723c751e8b465ee728b)  -> (artifact id: 'e7fe1ba85b15bbddbf006cbef8b8cde9') in 0.022721 seconds 
========================================================================
Received Import Request.
  Time since last request: 0.000030 seconds.
  path: Assets/RFPSP/Objects/Pickups/Pickup_Shotgun.prefab
  artifactKey: Guid(2a8a900e49c52d3439ebffc44617e79e) Importer(815301076,1909f56bfc062723c751e8b465ee728b)
Start importing Assets/RFPSP/Objects/Pickups/Pickup_Shotgun.prefab using Guid(2a8a900e49c52d3439ebffc44617e79e) Importer(815301076,1909f56bfc062723c751e8b465ee728b)  -> (artifact id: '5dcdf365282a1ee80644b7d2d0a19157') in 0.054132 seconds 
========================================================================
Received Import Request.
  Time since last request: 0.000027 seconds.
  path: Assets/RFPSP/Objects/HUD/PickupHand.prefab
  artifactKey: Guid(fd199bfbc81b61c47ab1867e94ccb001) Importer(815301076,1909f56bfc062723c751e8b465ee728b)
Start importing Assets/RFPSP/Objects/HUD/PickupHand.prefab using Guid(fd199bfbc81b61c47ab1867e94ccb001) Importer(815301076,1909f56bfc062723c751e8b465ee728b)  -> (artifact id: '6578e5fa7d0b3e608bfa8bef6af96401') in 0.010167 seconds 
========================================================================
Received Import Request.
  Time since last request: 0.000027 seconds.
  path: Assets/RFPSP/Objects/NPCs/RobotNPC/RobotNPCColliders.prefab
  artifactKey: Guid(4c4ec28b932505042a4ca5e2f124f1fc) Importer(815301076,1909f56bfc062723c751e8b465ee728b)
Start importing Assets/RFPSP/Objects/NPCs/RobotNPC/RobotNPCColliders.prefab using Guid(4c4ec28b932505042a4ca5e2f124f1fc) Importer(815301076,1909f56bfc062723c751e8b465ee728b)  -> (artifact id: 'b0353a4409b333981cb90c4174236e45') in 0.069062 seconds 
========================================================================
Received Import Request.
  Time since last request: 0.000021 seconds.
  path: Assets/TextMesh Pro/Examples & Extras/Prefabs/Text Popup.prefab
  artifactKey: Guid(b06f0e6c1dfa4356ac918da1bb32c603) Importer(815301076,1909f56bfc062723c751e8b465ee728b)
Start importing Assets/TextMesh Pro/Examples & Extras/Prefabs/Text Popup.prefab using Guid(b06f0e6c1dfa4356ac918da1bb32c603) Importer(815301076,1909f56bfc062723c751e8b465ee728b)  -> (artifact id: 'fd966da66a727300d876c222e3ae6c5b') in 0.062137 seconds 
========================================================================
Received Import Request.
  Time since last request: 0.000021 seconds.
  path: Assets/RFPSP/Objects/HUD/WarmupText.prefab
  artifactKey: Guid(90772320fda58914cb46cc73379e8c4e) Importer(815301076,1909f56bfc062723c751e8b465ee728b)
Start importing Assets/RFPSP/Objects/HUD/WarmupText.prefab using Guid(90772320fda58914cb46cc73379e8c4e) Importer(815301076,1909f56bfc062723c751e8b465ee728b)  -> (artifact id: '931076139771ce2d9f9f5e0bc7ac304b') in 0.009459 seconds 
========================================================================
Received Import Request.
  Time since last request: 0.000027 seconds.
  path: Assets/RFPSP/Objects/Effects/ImpactEffects/WaterImpact.prefab
  artifactKey: Guid(1b24a7cc28153304f8f87d26a17113cf) Importer(815301076,1909f56bfc062723c751e8b465ee728b)
Start importing Assets/RFPSP/Objects/Effects/ImpactEffects/WaterImpact.prefab using Guid(1b24a7cc28153304f8f87d26a17113cf) Importer(815301076,1909f56bfc062723c751e8b465ee728b)  -> (artifact id: 'dff4c37fa59f0bacc54c786902d49a0b') in 0.010431 seconds 
========================================================================
Received Import Request.
  Time since last request: 0.000025 seconds.
  path: Assets/RFPSP/Objects/InteractiveObjects/Platform.prefab
  artifactKey: Guid(8c5734d7bf8bc5043821c896b1847c13) Importer(815301076,1909f56bfc062723c751e8b465ee728b)
Start importing Assets/RFPSP/Objects/InteractiveObjects/Platform.prefab using Guid(8c5734d7bf8bc5043821c896b1847c13) Importer(815301076,1909f56bfc062723c751e8b465ee728b)  -> (artifact id: 'd914b25ec8b8302207a87741ad1b7d83') in 0.033899 seconds 
========================================================================
Received Import Request.
  Time since last request: 0.000027 seconds.
  path: Assets/RFPSP/Objects/Pickups/Pickup_Health.prefab
  artifactKey: Guid(3590abeef0e34d94c858af8fba0b33b9) Importer(815301076,1909f56bfc062723c751e8b465ee728b)
Start importing Assets/RFPSP/Objects/Pickups/Pickup_Health.prefab using Guid(3590abeef0e34d94c858af8fba0b33b9) Importer(815301076,1909f56bfc062723c751e8b465ee728b)  -> (artifact id: '22c1750ecc3efe90e9c0b5f93c0b870f') in 0.029586 seconds 
========================================================================
Received Import Request.
  Time since last request: 0.000017 seconds.
  path: Assets/RFPSP/Objects/Effects/ImpactEffects/WoodImpactMelee.prefab
  artifactKey: Guid(210dc369534af374f837264ffacc1229) Importer(815301076,1909f56bfc062723c751e8b465ee728b)
Start importing Assets/RFPSP/Objects/Effects/ImpactEffects/WoodImpactMelee.prefab using Guid(210dc369534af374f837264ffacc1229) Importer(815301076,1909f56bfc062723c751e8b465ee728b)  -> (artifact id: '906993fb0ff8e51465787320575c93a5') in 0.009730 seconds 
========================================================================
Received Import Request.
  Time since last request: 0.000018 seconds.
  path: Assets/RFPSP/Objects/Pickups/Pickup_MP5.prefab
  artifactKey: Guid(1f26bce0ab8cc5f4fa1b60ae0dae9ce4) Importer(815301076,1909f56bfc062723c751e8b465ee728b)
Start importing Assets/RFPSP/Objects/Pickups/Pickup_MP5.prefab using Guid(1f26bce0ab8cc5f4fa1b60ae0dae9ce4) Importer(815301076,1909f56bfc062723c751e8b465ee728b)  -> (artifact id: '7a94a5fdc55a47b83444ac99a3e139d5') in 0.023213 seconds 
========================================================================
Received Import Request.
  Time since last request: 0.000019 seconds.
  path: Assets/RFPSP/Demo/Objects/WoodBoard.prefab
  artifactKey: Guid(34e398daf5c6f834895655489a9a5b13) Importer(815301076,1909f56bfc062723c751e8b465ee728b)
Start importing Assets/RFPSP/Demo/Objects/WoodBoard.prefab using Guid(34e398daf5c6f834895655489a9a5b13) Importer(815301076,1909f56bfc062723c751e8b465ee728b)  -> (artifact id: 'e61bffce255d1895d651bec83f874745') in 0.020462 seconds 
========================================================================
Received Import Request.
  Time since last request: 0.000020 seconds.
  path: Assets/RFPSP/Image Effects/Environment/Water/Water4/Prefabs/Water4Advanced.prefab
  artifactKey: Guid(b544816461f324e56a39767fdeb5b114) Importer(815301076,1909f56bfc062723c751e8b465ee728b)
Start importing Assets/RFPSP/Image Effects/Environment/Water/Water4/Prefabs/Water4Advanced.prefab using Guid(b544816461f324e56a39767fdeb5b114) Importer(815301076,1909f56bfc062723c751e8b465ee728b)  -> (artifact id: 'e22c62ebc604e8e45a44930b2d99fa69') in 0.025430 seconds 
========================================================================
Received Import Request.
  Time since last request: 0.000024 seconds.
  path: Assets/RFPSP/Objects/Pickups/Pickup_Grenade.prefab
  artifactKey: Guid(4f1a7ca4b2df005499831d56c809654b) Importer(815301076,1909f56bfc062723c751e8b465ee728b)
Start importing Assets/RFPSP/Objects/Pickups/Pickup_Grenade.prefab using Guid(4f1a7ca4b2df005499831d56c809654b) Importer(815301076,1909f56bfc062723c751e8b465ee728b)  -> (artifact id: '5751bbac6c3bfedf1cfc3742d22302c9') in 0.023524 seconds 
========================================================================
Received Import Request.
  Time since last request: 0.000022 seconds.
  path: Assets/RFPSP/Objects/Weapons/Tracer.prefab
  artifactKey: Guid(922d45ea5d5cb50449a0f26dc52e6c99) Importer(815301076,1909f56bfc062723c751e8b465ee728b)
Start importing Assets/RFPSP/Objects/Weapons/Tracer.prefab using Guid(922d45ea5d5cb50449a0f26dc52e6c99) Importer(815301076,1909f56bfc062723c751e8b465ee728b)  -> (artifact id: 'c89a93e2ce27026409016f89005eb161') in 0.010457 seconds 
========================================================================
Received Import Request.
  Time since last request: 0.000041 seconds.
  path: Assets/RFPSP/Objects/Weapons/Shells/ShotgunShellRB.prefab
  artifactKey: Guid(8ce88408d20f37c42975476caf4e2bdd) Importer(815301076,1909f56bfc062723c751e8b465ee728b)
Start importing Assets/RFPSP/Objects/Weapons/Shells/ShotgunShellRB.prefab using Guid(8ce88408d20f37c42975476caf4e2bdd) Importer(815301076,1909f56bfc062723c751e8b465ee728b)  -> (artifact id: '0929ef4f364840df4b5414b213be3cea') in 0.017535 seconds 
========================================================================
Received Import Request.
  Time since last request: 0.000031 seconds.
  path: Assets/RFPSP/Objects/NPCs/RobotNPC/RobotNPC.prefab
  artifactKey: Guid(9edcb56c41c0f854792009af8735030b) Importer(815301076,1909f56bfc062723c751e8b465ee728b)
Start importing Assets/RFPSP/Objects/NPCs/RobotNPC/RobotNPC.prefab using Guid(9edcb56c41c0f854792009af8735030b) Importer(815301076,1909f56bfc062723c751e8b465ee728b)  -> (artifact id: '362c8d1481548078ef012705e0be2fb6') in 0.026428 seconds 
========================================================================
Received Import Request.
  Time since last request: 0.000016 seconds.
  path: Assets/RFPSP/Demo/Other/ShantyTown/ChainLinkFence/Post.prefab
  artifactKey: Guid(932ecc9b185894aaa86a516bec7fcce9) Importer(815301076,1909f56bfc062723c751e8b465ee728b)
Start importing Assets/RFPSP/Demo/Other/ShantyTown/ChainLinkFence/Post.prefab using Guid(932ecc9b185894aaa86a516bec7fcce9) Importer(815301076,1909f56bfc062723c751e8b465ee728b)  -> (artifact id: '037b6e75a75c80257b9e43a3246f931a') in 0.053721 seconds 
========================================================================
Received Import Request.
  Time since last request: 0.000026 seconds.
  path: Assets/RFPSP/Objects/NPCs/SoldierNPC/SoldierBadNPC.prefab
  artifactKey: Guid(326bc0d25e01ca1478c514823a226a52) Importer(815301076,1909f56bfc062723c751e8b465ee728b)
Start importing Assets/RFPSP/Objects/NPCs/SoldierNPC/SoldierBadNPC.prefab using Guid(326bc0d25e01ca1478c514823a226a52) Importer(815301076,1909f56bfc062723c751e8b465ee728b)  -> (artifact id: '56f654e966511f500e222f65aee4c2c0') in 0.041642 seconds 
========================================================================
Received Import Request.
  Time since last request: 0.000023 seconds.
  path: Assets/RFPSP/Demo/Other/ShantyTown/WoodFence/WoodFence.prefab
  artifactKey: Guid(8bc74c370a1bc22439aae8c62db4f4dc) Importer(815301076,1909f56bfc062723c751e8b465ee728b)
Start importing Assets/RFPSP/Demo/Other/ShantyTown/WoodFence/WoodFence.prefab using Guid(8bc74c370a1bc22439aae8c62db4f4dc) Importer(815301076,1909f56bfc062723c751e8b465ee728b)  -> (artifact id: '083a9bdbfe8276ed46faf31761809d0c') in 0.034735 seconds 
========================================================================
Received Import Request.
  Time since last request: 0.716082 seconds.
  path: Assets/RFPSP/Objects/Weapons/ImpactMarks/woodMark1.prefab
  artifactKey: Guid(8ae7d941f5868db4492ebe82ebc282f0) Importer(815301076,1909f56bfc062723c751e8b465ee728b)
Start importing Assets/RFPSP/Objects/Weapons/ImpactMarks/woodMark1.prefab using Guid(8ae7d941f5868db4492ebe82ebc282f0) Importer(815301076,1909f56bfc062723c751e8b465ee728b)  -> (artifact id: 'e5d8d844566e900860e9d090253c4af6') in 0.038395 seconds 
========================================================================
Received Import Request.
  Time since last request: 0.000028 seconds.
  path: Assets/RFPSP/Objects/NPCs/ZombieNPC/ZombieNPC.prefab
  artifactKey: Guid(9b415e32d23b8cb47a7514d4549c86bc) Importer(815301076,1909f56bfc062723c751e8b465ee728b)
Start importing Assets/RFPSP/Objects/NPCs/ZombieNPC/ZombieNPC.prefab using Guid(9b415e32d23b8cb47a7514d4549c86bc) Importer(815301076,1909f56bfc062723c751e8b465ee728b)  -> (artifact id: 'b666e02a328732c5cfe51c60e49ea912') in 0.044598 seconds 
========================================================================
Received Import Request.
  Time since last request: 0.597533 seconds.
  path: Assets/RFPSP/Objects/Weapons/ImpactMarks/MeleeMark1.prefab
  artifactKey: Guid(5601baf51768a15459a75274e3f2b7e7) Importer(815301076,1909f56bfc062723c751e8b465ee728b)
Start importing Assets/RFPSP/Objects/Weapons/ImpactMarks/MeleeMark1.prefab using Guid(5601baf51768a15459a75274e3f2b7e7) Importer(815301076,1909f56bfc062723c751e8b465ee728b)  -> (artifact id: '7141519136c6342ce5ecea3da8d9c181') in 0.027817 seconds 
========================================================================
Received Import Request.
  Time since last request: 0.000024 seconds.
  path: Assets/RFPSP/Objects/NPCs/Managers and Examples/NPC Move Triggers.prefab
  artifactKey: Guid(fc4cce44e3a049b4c9c9af1d97f1623b) Importer(815301076,1909f56bfc062723c751e8b465ee728b)
Start importing Assets/RFPSP/Objects/NPCs/Managers and Examples/NPC Move Triggers.prefab using Guid(fc4cce44e3a049b4c9c9af1d97f1623b) Importer(815301076,1909f56bfc062723c751e8b465ee728b)  -> (artifact id: 'a09cb19ac5089b5e0319da98366d137d') in 0.071483 seconds 
========================================================================
Received Import Request.
  Time since last request: 0.000024 seconds.
  path: Assets/RFPSP/Objects/Weapons/ImpactMarks/glassMark2.prefab
  artifactKey: Guid(3db9360a859200b478f180a3832ec877) Importer(815301076,1909f56bfc062723c751e8b465ee728b)
Start importing Assets/RFPSP/Objects/Weapons/ImpactMarks/glassMark2.prefab using Guid(3db9360a859200b478f180a3832ec877) Importer(815301076,1909f56bfc062723c751e8b465ee728b)  -> (artifact id: '0f4a593f747184074a5ee012b3e011e1') in 0.026799 seconds 
========================================================================
Received Import Request.
  Time since last request: 0.000016 seconds.
  path: Assets/RFPSP/Objects/HUD/HelpText.prefab
  artifactKey: Guid(f4147ab87b416714b814070cb01299d9) Importer(815301076,1909f56bfc062723c751e8b465ee728b)
Start importing Assets/RFPSP/Objects/HUD/HelpText.prefab using Guid(f4147ab87b416714b814070cb01299d9) Importer(815301076,1909f56bfc062723c751e8b465ee728b)  -> (artifact id: 'd33a5158f2e78379d678b30af55847a6') in 0.010127 seconds 
========================================================================
Received Import Request.
  Time since last request: 0.000024 seconds.
  path: Assets/RFPSP/Objects/Weapons/ImpactMarks/glassMark1.prefab
  artifactKey: Guid(70d6feb2605a7e0488350f6df1e61515) Importer(815301076,1909f56bfc062723c751e8b465ee728b)
Start importing Assets/RFPSP/Objects/Weapons/ImpactMarks/glassMark1.prefab using Guid(70d6feb2605a7e0488350f6df1e61515) Importer(815301076,1909f56bfc062723c751e8b465ee728b)  -> (artifact id: 'dfe22a2bdb9b1b2a3f55827860f42bf2') in 0.034366 seconds 
========================================================================
Received Import Request.
  Time since last request: 0.000022 seconds.
  path: Assets/RFPSP/Objects/Weapons/ImpactMarks/dirtMark1.prefab
  artifactKey: Guid(d4327518482200c49a800a2ffb8b6e01) Importer(815301076,1909f56bfc062723c751e8b465ee728b)
Start importing Assets/RFPSP/Objects/Weapons/ImpactMarks/dirtMark1.prefab using Guid(d4327518482200c49a800a2ffb8b6e01) Importer(815301076,1909f56bfc062723c751e8b465ee728b)  -> (artifact id: '50d02ea3a3fc8fae80d8773e60aaf8eb') in 0.029919 seconds 
========================================================================
Received Import Request.
  Time since last request: 0.000029 seconds.
  path: Assets/RFPSP/Objects/Weapons/ImpactMarks/dirtMark3.prefab
  artifactKey: Guid(323816ab6151f6142b04392d4f167ba2) Importer(815301076,1909f56bfc062723c751e8b465ee728b)
Start importing Assets/RFPSP/Objects/Weapons/ImpactMarks/dirtMark3.prefab using Guid(323816ab6151f6142b04392d4f167ba2) Importer(815301076,1909f56bfc062723c751e8b465ee728b)  -> (artifact id: '751ed02552fc333b423f93fa1e76a472') in 0.031914 seconds 
========================================================================
Received Import Request.
  Time since last request: 0.000020 seconds.
  path: Assets/RFPSP/Objects/Effects/ImpactEffects/FleshImpact.prefab
  artifactKey: Guid(055181733974a794996f91a25b0a588b) Importer(815301076,1909f56bfc062723c751e8b465ee728b)
Start importing Assets/RFPSP/Objects/Effects/ImpactEffects/FleshImpact.prefab using Guid(055181733974a794996f91a25b0a588b) Importer(815301076,1909f56bfc062723c751e8b465ee728b)  -> (artifact id: '56fcf426a9eae403abb12e0bcaffbc48') in 0.011701 seconds 
========================================================================
Received Import Request.
  Time since last request: 0.000022 seconds.
  path: Assets/RFPSP/Objects/InteractiveObjects/Glass.prefab
  artifactKey: Guid(b74609da8e3bde147a3817cd50017c2f) Importer(815301076,1909f56bfc062723c751e8b465ee728b)
Start importing Assets/RFPSP/Objects/InteractiveObjects/Glass.prefab using Guid(b74609da8e3bde147a3817cd50017c2f) Importer(815301076,1909f56bfc062723c751e8b465ee728b)  -> (artifact id: 'f70d10dfd7150a762386eaa85cc6c4b9') in 0.032892 seconds 
========================================================================
Received Import Request.
  Time since last request: 0.000026 seconds.
  path: Assets/RFPSP/Demo/Objects/FallenLog.prefab
  artifactKey: Guid(ccb19e70b38311b4e8882d376a8cf72f) Importer(815301076,1909f56bfc062723c751e8b465ee728b)
Start importing Assets/RFPSP/Demo/Objects/FallenLog.prefab using Guid(ccb19e70b38311b4e8882d376a8cf72f) Importer(815301076,1909f56bfc062723c751e8b465ee728b)  -> (artifact id: '55b4c0755d623d0e36b46b38d64971f1') in 0.052491 seconds 
========================================================================
Received Import Request.
  Time since last request: 0.000033 seconds.
  path: Assets/RFPSP/Objects/InteractiveObjects/FireDamage.prefab
  artifactKey: Guid(4f5a38fc40372ec4599e73d4ec8f6fd9) Importer(815301076,1909f56bfc062723c751e8b465ee728b)
Start importing Assets/RFPSP/Objects/InteractiveObjects/FireDamage.prefab using Guid(4f5a38fc40372ec4599e73d4ec8f6fd9) Importer(815301076,1909f56bfc062723c751e8b465ee728b)  -> (artifact id: '6b4773da3243124a2cf5efffccb55aae') in 0.013416 seconds 
========================================================================
Received Import Request.
  Time since last request: 0.000032 seconds.
  path: Assets/RFPSP/Objects/HUD/HealthText.prefab
  artifactKey: Guid(a182100153425b54aab353d929efa6cf) Importer(815301076,1909f56bfc062723c751e8b465ee728b)
Start importing Assets/RFPSP/Objects/HUD/HealthText.prefab using Guid(a182100153425b54aab353d929efa6cf) Importer(815301076,1909f56bfc062723c751e8b465ee728b)  -> (artifact id: '5995c0bd42c6c881d0ba0c840d6881d3') in 0.010452 seconds 
========================================================================
Received Import Request.
  Time since last request: 0.000029 seconds.
  path: Assets/RFPSP/Objects/InteractiveObjects/InstantDeathCollider.prefab
  artifactKey: Guid(01825d65aa45e6f4fb892626a524cfad) Importer(815301076,1909f56bfc062723c751e8b465ee728b)
Start importing Assets/RFPSP/Objects/InteractiveObjects/InstantDeathCollider.prefab using Guid(01825d65aa45e6f4fb892626a524cfad) Importer(815301076,1909f56bfc062723c751e8b465ee728b)  -> (artifact id: '7b108c5886382c4c77ec12328426cfee') in 0.015023 seconds 
========================================================================
Received Import Request.
  Time since last request: 2.641720 seconds.
  path: Assets/RFPSP/Image Effects/Effects/Projectors/Prefabs/BlobLightProjector.prefab
  artifactKey: Guid(21543d2b66928224f8a9536ff3811682) Importer(815301076,1909f56bfc062723c751e8b465ee728b)
Start importing Assets/RFPSP/Image Effects/Effects/Projectors/Prefabs/BlobLightProjector.prefab using Guid(21543d2b66928224f8a9536ff3811682) Importer(815301076,1909f56bfc062723c751e8b465ee728b)  -> (artifact id: 'cc80c006a3dc2c7e577820e472d70fac') in 0.009952 seconds 
========================================================================
Received Import Request.
  Time since last request: 0.000044 seconds.
  path: Assets/RFPSP/Objects/Weapons/ImpactMarks/BulletMark1.prefab
  artifactKey: Guid(45947edb4519ae046a9817ae8d2aa1b4) Importer(815301076,1909f56bfc062723c751e8b465ee728b)
Start importing Assets/RFPSP/Objects/Weapons/ImpactMarks/BulletMark1.prefab using Guid(45947edb4519ae046a9817ae8d2aa1b4) Importer(815301076,1909f56bfc062723c751e8b465ee728b)  -> (artifact id: 'bf1f386f464f700e5fd5f43c3c183bff') in 0.027323 seconds 
========================================================================
Received Import Request.
  Time since last request: 0.000017 seconds.
  path: Assets/RFPSP/Demo/Other/Terrain Assets/Bushes/Bush5.prefab
  artifactKey: Guid(6ed5f673b2ef7db4e906aec99db2c732) Importer(815301076,1909f56bfc062723c751e8b465ee728b)
Start importing Assets/RFPSP/Demo/Other/Terrain Assets/Bushes/Bush5.prefab using Guid(6ed5f673b2ef7db4e906aec99db2c732) Importer(815301076,1909f56bfc062723c751e8b465ee728b)  -> (artifact id: 'ffb3a7ed2c3c6367e81a47b1227202b1') in 0.018983 seconds 
========================================================================
Received Import Request.
  Time since last request: 0.000017 seconds.
  path: Assets/RFPSP/Objects/InteractiveObjects/DamageZone.prefab
  artifactKey: Guid(308c8aae1002dd04c8c65fe7db2d816d) Importer(815301076,1909f56bfc062723c751e8b465ee728b)
Start importing Assets/RFPSP/Objects/InteractiveObjects/DamageZone.prefab using Guid(308c8aae1002dd04c8c65fe7db2d816d) Importer(815301076,1909f56bfc062723c751e8b465ee728b)  -> (artifact id: '07cbc5d1f541f781c9899e8e0f957d80') in 0.014440 seconds 
========================================================================
Received Import Request.
  Time since last request: 0.000019 seconds.
  path: Assets/RFPSP/Demo/Objects/Can.prefab
  artifactKey: Guid(73ed36bf00e68d2448ac7f7ad77f266f) Importer(815301076,1909f56bfc062723c751e8b465ee728b)
Start importing Assets/RFPSP/Demo/Objects/Can.prefab using Guid(73ed36bf00e68d2448ac7f7ad77f266f) Importer(815301076,1909f56bfc062723c751e8b465ee728b)  -> (artifact id: 'f8c22b04dc8d9bd4a384c0db658c59fc') in 0.032375 seconds 
========================================================================
Received Import Request.
  Time since last request: 0.000022 seconds.
  path: Assets/RFPSP/Objects/Weapons/ImpactEffects/!WoodImpact.prefab
  artifactKey: Guid(762c883c69ea3ab4dbb8c23620542149) Importer(815301076,1909f56bfc062723c751e8b465ee728b)
Start importing Assets/RFPSP/Objects/Weapons/ImpactEffects/!WoodImpact.prefab using Guid(762c883c69ea3ab4dbb8c23620542149) Importer(815301076,1909f56bfc062723c751e8b465ee728b)  -> (artifact id: '989290a6584fbacd3d7e2e522596edfb') in 0.010575 seconds 
========================================================================
Received Import Request.
  Time since last request: 0.000019 seconds.
  path: Assets/RFPSP/Objects/Pickups/Ammo_M4.prefab
  artifactKey: Guid(d9068d949c300ee4abb713bd04c8f2fc) Importer(815301076,1909f56bfc062723c751e8b465ee728b)
Start importing Assets/RFPSP/Objects/Pickups/Ammo_M4.prefab using Guid(d9068d949c300ee4abb713bd04c8f2fc) Importer(815301076,1909f56bfc062723c751e8b465ee728b)  -> (artifact id: '60510a53bb83a6762f11f7e51e53e315') in 0.014446 seconds 
========================================================================
Received Import Request.
  Time since last request: 0.000037 seconds.
  path: Assets/RFPSP/Objects/HUD/AmmoText.prefab
  artifactKey: Guid(161619e8ded1693448676878252eb35b) Importer(815301076,1909f56bfc062723c751e8b465ee728b)
Start importing Assets/RFPSP/Objects/HUD/AmmoText.prefab using Guid(161619e8ded1693448676878252eb35b) Importer(815301076,1909f56bfc062723c751e8b465ee728b)  -> (artifact id: '4e97edbd72c7dd6db4fe237f84e03f2f') in 0.009520 seconds 
========================================================================
Received Import Request.
  Time since last request: 0.000024 seconds.
  path: Assets/RFPSP/Objects/Pickups/Ammo_AK47.prefab
  artifactKey: Guid(7dca59ef6f5e0874d9e3b0786ad91db7) Importer(815301076,1909f56bfc062723c751e8b465ee728b)
Start importing Assets/RFPSP/Objects/Pickups/Ammo_AK47.prefab using Guid(7dca59ef6f5e0874d9e3b0786ad91db7) Importer(815301076,1909f56bfc062723c751e8b465ee728b)  -> (artifact id: '5d363408e4e49fcd8c0e273705f2030f') in 0.025653 seconds 
========================================================================
Received Import Request.
  Time since last request: 0.000039 seconds.
  path: Assets/RFPSP/Objects/NPCs/AndroidNPC/AndroidNPCMecanimColliders.prefab
  artifactKey: Guid(2307d8a9d078bba4ebeb7d1ce2207969) Importer(815301076,1909f56bfc062723c751e8b465ee728b)
Start importing Assets/RFPSP/Objects/NPCs/AndroidNPC/AndroidNPCMecanimColliders.prefab using Guid(2307d8a9d078bba4ebeb7d1ce2207969) Importer(815301076,1909f56bfc062723c751e8b465ee728b)  -> (artifact id: 'f19c16d0d7264e2d32ff94168fb86e3b') in 0.030130 seconds 
Editor requested this worker to shutdown with reason: Scaling down because of idle timeout
AssetImportWorker is now disconnected from the server
Process exiting
Exiting without the bug reporter. Application will terminate with return code 0